2024-09-15 21:14:56.312 [info] Extension host with pid 35683 started
2024-09-15 21:14:56.312 [error] Error: EEXIST: file already exists, open '/home/ec2-user/.vscode-server/data/User/workspaceStorage/1b5242260523937b771deffc63755a91/vscode.lock'
2024-09-15 21:14:56.316 [info] Lock '/home/ec2-user/.vscode-server/data/User/workspaceStorage/1b5242260523937b771deffc63755a91/vscode.lock': Could not acquire lock, checking if the file is stale.
2024-09-15 21:14:56.323 [info] Lock '/home/ec2-user/.vscode-server/data/User/workspaceStorage/1b5242260523937b771deffc63755a91/vscode.lock': The pid 3680 appears to be gone.
2024-09-15 21:14:56.323 [info] Lock '/home/ec2-user/.vscode-server/data/User/workspaceStorage/1b5242260523937b771deffc63755a91/vscode.lock': Deleting a stale lock.
2024-09-15 21:14:56.327 [info] Lock '/home/ec2-user/.vscode-server/data/User/workspaceStorage/1b5242260523937b771deffc63755a91/vscode.lock': Lock acquired.
2024-09-15 21:14:57.277 [info] ExtensionService#_doActivateExtension vscode.emmet, startup: false, activationEvent: 'onLanguage'
2024-09-15 21:14:57.278 [info] ExtensionService#_doActivateExtension vscode.git-base, startup: false, activationEvent: '*', root cause: vscode.git
2024-09-15 21:14:57.983 [info] ExtensionService#_doActivateExtension vscode.git, startup: false, activationEvent: '*'
2024-09-15 21:14:57.984 [info] ExtensionService#_doActivateExtension vscode.github, startup: false, activationEvent: '*'
2024-09-15 21:14:58.342 [info] Eager extensions activated
2024-09-15 21:14:58.342 [info] ExtensionService#_doActivateExtension vscode.debug-auto-launch, startup: false, activationEvent: 'onStartupFinished'
2024-09-15 21:14:58.343 [info] ExtensionService#_doActivateExtension vscode.merge-conflict, startup: false, activationEvent: 'onStartupFinished'
2024-09-15 21:14:59.513 [error] Error: No such branch: master.
	at N.getBranch (/home/ec2-user/.vscode-server/cli/servers/Stable-4849ca9bdf9666755eb463db297b69e5385090e3/server/extensions/git/dist/main.js:2:937115)
	at async T.retryRun (/home/ec2-user/.vscode-server/cli/servers/Stable-4849ca9bdf9666755eb463db297b69e5385090e3/server/extensions/git/dist/main.js:2:1032816)
	at async T.run (/home/ec2-user/.vscode-server/cli/servers/Stable-4849ca9bdf9666755eb463db297b69e5385090e3/server/extensions/git/dist/main.js:2:1032420)
	at async T.getBranch (/home/ec2-user/.vscode-server/cli/servers/Stable-4849ca9bdf9666755eb463db297b69e5385090e3/server/extensions/git/dist/main.js:2:1020563)
	at async T.getBranchBase (/home/ec2-user/.vscode-server/cli/servers/Stable-4849ca9bdf9666755eb463db297b69e5385090e3/server/extensions/git/dist/main.js:2:1020849)
	at async t.GitHistoryProvider.resolveHEADMergeBase (/home/ec2-user/.vscode-server/cli/servers/Stable-4849ca9bdf9666755eb463db297b69e5385090e3/server/extensions/git/dist/main.js:2:948410)
	at async t.GitHistoryProvider.onDidRunGitStatus (/home/ec2-user/.vscode-server/cli/servers/Stable-4849ca9bdf9666755eb463db297b69e5385090e3/server/extensions/git/dist/main.js:2:941737)
2024-09-15 21:14:59.554 [error] Error: No such branch: master.
	at N.getBranch (/home/ec2-user/.vscode-server/cli/servers/Stable-4849ca9bdf9666755eb463db297b69e5385090e3/server/extensions/git/dist/main.js:2:937115)
	at process.processTicksAndRejections (node:internal/process/task_queues:95:5)
	at async T.retryRun (/home/ec2-user/.vscode-server/cli/servers/Stable-4849ca9bdf9666755eb463db297b69e5385090e3/server/extensions/git/dist/main.js:2:1032816)
	at async T.run (/home/ec2-user/.vscode-server/cli/servers/Stable-4849ca9bdf9666755eb463db297b69e5385090e3/server/extensions/git/dist/main.js:2:1032420)
	at async T.getBranch (/home/ec2-user/.vscode-server/cli/servers/Stable-4849ca9bdf9666755eb463db297b69e5385090e3/server/extensions/git/dist/main.js:2:1020563)
	at async T.getBranchBase (/home/ec2-user/.vscode-server/cli/servers/Stable-4849ca9bdf9666755eb463db297b69e5385090e3/server/extensions/git/dist/main.js:2:1020849)
	at async t.GitHistoryProvider.resolveHEADMergeBase (/home/ec2-user/.vscode-server/cli/servers/Stable-4849ca9bdf9666755eb463db297b69e5385090e3/server/extensions/git/dist/main.js:2:948410)
	at async t.GitHistoryProvider.onDidRunGitStatus (/home/ec2-user/.vscode-server/cli/servers/Stable-4849ca9bdf9666755eb463db297b69e5385090e3/server/extensions/git/dist/main.js:2:941737)
2024-09-15 21:16:08.630 [info] ExtensionService#_doActivateExtension ms-python.python, startup: false, activationEvent: 'onLanguage:python', root cause: ms-python.debugpy
2024-09-15 21:16:09.718 [info] ExtensionService#_doActivateExtension ms-python.debugpy, startup: false, activationEvent: 'onLanguage:python'
2024-09-15 21:16:09.719 [info] ExtensionService#_doActivateExtension ms-python.vscode-pylance, startup: false, activationEvent: 'onLanguage:python'
2024-09-15 21:17:35.627 [info] ExtensionService#_doActivateExtension vscode.npm, startup: false, activationEvent: 'onTerminalQuickFixRequest:ms-vscode.npm-command'
2024-09-15 21:17:41.709 [info] ExtensionService#_doActivateExtension vscode.configuration-editing, startup: false, activationEvent: 'onLanguage:json'
2024-09-15 21:17:41.709 [info] ExtensionService#_doActivateExtension vscode.extension-editing, startup: false, activationEvent: 'onLanguage:json'
2024-09-15 21:17:41.710 [info] ExtensionService#_doActivateExtension vscode.json-language-features, startup: false, activationEvent: 'onLanguage:json'
2024-09-15 21:21:10.749 [info] ExtensionService#_doActivateExtension vscode.markdown-language-features, startup: false, activationEvent: 'onLanguage:markdown'
2024-09-15 21:21:12.759 [info] ExtensionService#_doActivateExtension vscode.markdown-math, startup: false, activationEvent: 'api', root cause: vscode.markdown-language-features
2024-09-15 21:34:12.111 [error] Error: No such branch: master.
	at N.getBranch (/home/ec2-user/.vscode-server/cli/servers/Stable-4849ca9bdf9666755eb463db297b69e5385090e3/server/extensions/git/dist/main.js:2:937115)
	at process.processTicksAndRejections (node:internal/process/task_queues:95:5)
	at async T.retryRun (/home/ec2-user/.vscode-server/cli/servers/Stable-4849ca9bdf9666755eb463db297b69e5385090e3/server/extensions/git/dist/main.js:2:1032816)
	at async T.run (/home/ec2-user/.vscode-server/cli/servers/Stable-4849ca9bdf9666755eb463db297b69e5385090e3/server/extensions/git/dist/main.js:2:1032420)
	at async T.getBranch (/home/ec2-user/.vscode-server/cli/servers/Stable-4849ca9bdf9666755eb463db297b69e5385090e3/server/extensions/git/dist/main.js:2:1020563)
	at async T.getBranchBase (/home/ec2-user/.vscode-server/cli/servers/Stable-4849ca9bdf9666755eb463db297b69e5385090e3/server/extensions/git/dist/main.js:2:1020849)
	at async t.GitHistoryProvider.resolveHEADMergeBase (/home/ec2-user/.vscode-server/cli/servers/Stable-4849ca9bdf9666755eb463db297b69e5385090e3/server/extensions/git/dist/main.js:2:948410)
	at async t.GitHistoryProvider.onDidRunGitStatus (/home/ec2-user/.vscode-server/cli/servers/Stable-4849ca9bdf9666755eb463db297b69e5385090e3/server/extensions/git/dist/main.js:2:941737)
