2024-09-15 23:02:23.496 [info] [main] Log level: Info
2024-09-15 23:02:23.496 [info] [main] Validating found git in: "git"
2024-09-15 23:02:23.496 [info] [main] Using git "2.40.1" from "git"
2024-09-15 23:02:23.496 [info] [Model][doInitialScan] Initial repository scan started
2024-09-15 23:02:23.497 [info] > git rev-parse --show-toplevel [3ms]
2024-09-15 23:02:23.497 [info] > git rev-parse --git-dir --git-common-dir [2ms]
2024-09-15 23:02:23.497 [info] [Model][openRepository] Opened repository: /home/ec2-user
2024-09-15 23:02:23.497 [info] > git config --get commit.template [3ms]
2024-09-15 23:02:23.497 [info] > git rev-parse --show-toplevel [5ms]
2024-09-15 23:02:23.497 [info] > git for-each-ref --format=%(refname)%00%(upstream:short)%00%(objectname)%00%(upstream:track)%00%(upstream:remotename)%00%(upstream:remoteref) refs/heads/main refs/remotes/main [4ms]
2024-09-15 23:02:23.497 [info] > git rev-parse --show-toplevel [4ms]
2024-09-15 23:02:23.497 [info] > git rev-parse --show-toplevel [1ms]
2024-09-15 23:02:23.497 [info] > git rev-parse --show-toplevel [14ms]
2024-09-15 23:02:23.497 [info] > git rev-parse --show-toplevel [1ms]
2024-09-15 23:02:23.497 [info] [Model][doInitialScan] Initial repository scan completed - repositories (1), closed repositories (0), parent repositories (0), unsafe repositories (0)
2024-09-15 23:02:23.497 [info] > git status -z -uall [74ms]
2024-09-15 23:02:23.497 [info] > git for-each-ref --format=%(refname)%00%(upstream:short)%00%(objectname)%00%(upstream:track)%00%(upstream:remotename)%00%(upstream:remoteref) refs/heads/main refs/remotes/main [43ms]
2024-09-15 23:02:23.497 [info] > git config --get commit.template [4ms]
2024-09-15 23:02:23.497 [info] > git config --local branch.main.vscode-merge-base [3ms]
2024-09-15 23:02:23.498 [warning] [Git][config] git config failed: Failed to execute git
2024-09-15 23:02:23.498 [info] > git for-each-ref --format=%(refname)%00%(upstream:short)%00%(objectname)%00%(upstream:track)%00%(upstream:remotename)%00%(upstream:remoteref) refs/heads/main refs/remotes/main [3ms]
2024-09-15 23:02:23.498 [info] > git reflog main --grep-reflog=branch: Created from *. [4ms]
2024-09-15 23:02:23.498 [info] > git symbolic-ref --short refs/remotes/origin/HEAD [1ms]
2024-09-15 23:02:23.498 [info] fatal: ref refs/remotes/origin/HEAD is not a symbolic ref
2024-09-15 23:02:23.498 [info] > git status -z -uall [55ms]
2024-09-15 23:02:23.498 [info] > git for-each-ref --format=%(refname)%00%(upstream:short)%00%(objectname)%00%(upstream:track)%00%(upstream:remotename)%00%(upstream:remoteref) refs/heads/main refs/remotes/main [3ms]
2024-09-15 23:02:23.498 [info] > git config --local branch.main.vscode-merge-base [1ms]
2024-09-15 23:02:23.498 [warning] [Git][config] git config failed: Failed to execute git
2024-09-15 23:02:23.498 [info] > git reflog main --grep-reflog=branch: Created from *. [2ms]
2024-09-15 23:02:23.498 [info] > git symbolic-ref --short refs/remotes/origin/HEAD [1ms]
2024-09-15 23:02:23.498 [info] fatal: ref refs/remotes/origin/HEAD is not a symbolic ref
2024-09-15 23:02:25.300 [info] > git check-ignore -v -z --stdin [7ms]
2024-09-15 23:02:26.150 [info] > git show --textconv :.gitignore [12ms]
2024-09-15 23:02:26.152 [info] > git ls-files --stage -- /home/ec2-user/.gitignore [11ms]
2024-09-15 23:02:26.158 [info] > git config --get commit.template [8ms]
2024-09-15 23:02:26.164 [info] > git cat-file -s 3b67391abb31bc00d9f8a6d8537c8573f4f6286c [6ms]
2024-09-15 23:02:26.175 [info] > git for-each-ref --format=%(refname)%00%(upstream:short)%00%(objectname)%00%(upstream:track)%00%(upstream:remotename)%00%(upstream:remoteref) refs/heads/main refs/remotes/main [12ms]
2024-09-15 23:02:26.267 [info] > git status -z -uall [83ms]
2024-09-15 23:02:26.273 [info] > git for-each-ref --format=%(refname)%00%(upstream:short)%00%(objectname)%00%(upstream:track)%00%(upstream:remotename)%00%(upstream:remoteref) refs/heads/main refs/remotes/main [3ms]
2024-09-15 23:02:26.276 [info] > git config --local branch.main.vscode-merge-base [1ms]
2024-09-15 23:02:26.276 [warning] [Git][config] git config failed: Failed to execute git
2024-09-15 23:02:26.279 [info] > git reflog main --grep-reflog=branch: Created from *. [2ms]
2024-09-15 23:02:26.281 [info] > git symbolic-ref --short refs/remotes/origin/HEAD [1ms]
2024-09-15 23:02:26.281 [info] fatal: ref refs/remotes/origin/HEAD is not a symbolic ref
2024-09-15 23:02:31.294 [info] > git config --get commit.template [3ms]
2024-09-15 23:02:31.296 [info] > git for-each-ref --format=%(refname)%00%(upstream:short)%00%(objectname)%00%(upstream:track)%00%(upstream:remotename)%00%(upstream:remoteref) refs/heads/main refs/remotes/main [2ms]
2024-09-15 23:02:31.383 [info] > git status -z -uall [69ms]
2024-09-15 23:02:31.388 [info] > git for-each-ref --format=%(refname)%00%(upstream:short)%00%(objectname)%00%(upstream:track)%00%(upstream:remotename)%00%(upstream:remoteref) refs/heads/main refs/remotes/main [2ms]
2024-09-15 23:02:31.391 [info] > git config --local branch.main.vscode-merge-base [2ms]
2024-09-15 23:02:31.391 [warning] [Git][config] git config failed: Failed to execute git
2024-09-15 23:02:31.395 [info] > git reflog main --grep-reflog=branch: Created from *. [1ms]
2024-09-15 23:02:31.397 [info] > git symbolic-ref --short refs/remotes/origin/HEAD [2ms]
2024-09-15 23:02:31.397 [info] fatal: ref refs/remotes/origin/HEAD is not a symbolic ref
2024-09-15 23:02:36.392 [info] > git config --get commit.template [3ms]
2024-09-15 23:02:36.394 [info] > git for-each-ref --format=%(refname)%00%(upstream:short)%00%(objectname)%00%(upstream:track)%00%(upstream:remotename)%00%(upstream:remoteref) refs/heads/main refs/remotes/main [2ms]
2024-09-15 23:02:36.446 [info] > git status -z -uall [51ms]
2024-09-15 23:02:36.451 [info] > git for-each-ref --format=%(refname)%00%(upstream:short)%00%(objectname)%00%(upstream:track)%00%(upstream:remotename)%00%(upstream:remoteref) refs/heads/main refs/remotes/main [3ms]
2024-09-15 23:02:36.455 [info] > git config --local branch.main.vscode-merge-base [3ms]
2024-09-15 23:02:36.455 [warning] [Git][config] git config failed: Failed to execute git
2024-09-15 23:02:36.458 [info] > git reflog main --grep-reflog=branch: Created from *. [2ms]
2024-09-15 23:02:36.460 [info] > git symbolic-ref --short refs/remotes/origin/HEAD [1ms]
2024-09-15 23:02:36.460 [info] fatal: ref refs/remotes/origin/HEAD is not a symbolic ref
2024-09-15 23:02:41.454 [info] > git config --get commit.template [3ms]
2024-09-15 23:02:41.455 [info] > git for-each-ref --format=%(refname)%00%(upstream:short)%00%(objectname)%00%(upstream:track)%00%(upstream:remotename)%00%(upstream:remoteref) refs/heads/main refs/remotes/main [2ms]
2024-09-15 23:02:41.507 [info] > git status -z -uall [50ms]
2024-09-15 23:02:41.513 [info] > git for-each-ref --format=%(refname)%00%(upstream:short)%00%(objectname)%00%(upstream:track)%00%(upstream:remotename)%00%(upstream:remoteref) refs/heads/main refs/remotes/main [3ms]
2024-09-15 23:02:41.516 [info] > git config --local branch.main.vscode-merge-base [1ms]
2024-09-15 23:02:41.516 [warning] [Git][config] git config failed: Failed to execute git
2024-09-15 23:02:41.520 [info] > git reflog main --grep-reflog=branch: Created from *. [2ms]
2024-09-15 23:02:41.522 [info] > git symbolic-ref --short refs/remotes/origin/HEAD [1ms]
2024-09-15 23:02:41.522 [info] fatal: ref refs/remotes/origin/HEAD is not a symbolic ref
2024-09-15 23:02:44.898 [info] > git show --textconv :.viminfo [5ms]
2024-09-15 23:02:44.902 [info] > git ls-files --stage -- /home/ec2-user/.viminfo [5ms]
2024-09-15 23:02:46.517 [info] > git config --get commit.template [3ms]
2024-09-15 23:02:46.518 [info] > git for-each-ref --format=%(refname)%00%(upstream:short)%00%(objectname)%00%(upstream:track)%00%(upstream:remotename)%00%(upstream:remoteref) refs/heads/main refs/remotes/main [1ms]
2024-09-15 23:02:46.570 [info] > git status -z -uall [50ms]
2024-09-15 23:02:46.577 [info] > git for-each-ref --format=%(refname)%00%(upstream:short)%00%(objectname)%00%(upstream:track)%00%(upstream:remotename)%00%(upstream:remoteref) refs/heads/main refs/remotes/main [4ms]
2024-09-15 23:02:46.580 [info] > git config --local branch.main.vscode-merge-base [1ms]
2024-09-15 23:02:46.580 [warning] [Git][config] git config failed: Failed to execute git
2024-09-15 23:02:46.585 [info] > git reflog main --grep-reflog=branch: Created from *. [2ms]
2024-09-15 23:02:46.587 [info] > git symbolic-ref --short refs/remotes/origin/HEAD [1ms]
2024-09-15 23:02:46.587 [info] fatal: ref refs/remotes/origin/HEAD is not a symbolic ref
2024-09-15 23:02:51.579 [info] > git config --get commit.template [2ms]
2024-09-15 23:02:51.580 [info] > git for-each-ref --format=%(refname)%00%(upstream:short)%00%(objectname)%00%(upstream:track)%00%(upstream:remotename)%00%(upstream:remoteref) refs/heads/main refs/remotes/main [2ms]
2024-09-15 23:02:51.634 [info] > git status -z -uall [53ms]
2024-09-15 23:02:51.639 [info] > git for-each-ref --format=%(refname)%00%(upstream:short)%00%(objectname)%00%(upstream:track)%00%(upstream:remotename)%00%(upstream:remoteref) refs/heads/main refs/remotes/main [3ms]
2024-09-15 23:02:51.641 [info] > git config --local branch.main.vscode-merge-base [1ms]
2024-09-15 23:02:51.641 [warning] [Git][config] git config failed: Failed to execute git
2024-09-15 23:02:51.645 [info] > git reflog main --grep-reflog=branch: Created from *. [2ms]
2024-09-15 23:02:51.648 [info] > git symbolic-ref --short refs/remotes/origin/HEAD [2ms]
2024-09-15 23:02:51.648 [info] fatal: ref refs/remotes/origin/HEAD is not a symbolic ref
2024-09-15 23:02:56.644 [info] > git config --get commit.template [3ms]
2024-09-15 23:02:56.647 [info] > git for-each-ref --format=%(refname)%00%(upstream:short)%00%(objectname)%00%(upstream:track)%00%(upstream:remotename)%00%(upstream:remoteref) refs/heads/main refs/remotes/main [4ms]
2024-09-15 23:02:56.699 [info] > git status -z -uall [51ms]
2024-09-15 23:02:56.704 [info] > git for-each-ref --format=%(refname)%00%(upstream:short)%00%(objectname)%00%(upstream:track)%00%(upstream:remotename)%00%(upstream:remoteref) refs/heads/main refs/remotes/main [3ms]
2024-09-15 23:02:56.707 [info] > git config --local branch.main.vscode-merge-base [2ms]
2024-09-15 23:02:56.707 [warning] [Git][config] git config failed: Failed to execute git
2024-09-15 23:02:56.710 [info] > git reflog main --grep-reflog=branch: Created from *. [2ms]
2024-09-15 23:02:56.712 [info] > git symbolic-ref --short refs/remotes/origin/HEAD [1ms]
2024-09-15 23:02:56.712 [info] fatal: ref refs/remotes/origin/HEAD is not a symbolic ref
2024-09-15 23:03:01.708 [info] > git config --get commit.template [3ms]
2024-09-15 23:03:01.710 [info] > git for-each-ref --format=%(refname)%00%(upstream:short)%00%(objectname)%00%(upstream:track)%00%(upstream:remotename)%00%(upstream:remoteref) refs/heads/main refs/remotes/main [2ms]
2024-09-15 23:03:01.763 [info] > git status -z -uall [50ms]
2024-09-15 23:03:01.767 [info] > git for-each-ref --format=%(refname)%00%(upstream:short)%00%(objectname)%00%(upstream:track)%00%(upstream:remotename)%00%(upstream:remoteref) refs/heads/main refs/remotes/main [2ms]
2024-09-15 23:03:01.770 [info] > git config --local branch.main.vscode-merge-base [1ms]
2024-09-15 23:03:01.770 [warning] [Git][config] git config failed: Failed to execute git
2024-09-15 23:03:01.773 [info] > git reflog main --grep-reflog=branch: Created from *. [2ms]
2024-09-15 23:03:01.776 [info] > git symbolic-ref --short refs/remotes/origin/HEAD [1ms]
2024-09-15 23:03:01.776 [info] fatal: ref refs/remotes/origin/HEAD is not a symbolic ref
2024-09-15 23:03:06.771 [info] > git config --get commit.template [3ms]
2024-09-15 23:03:06.773 [info] > git for-each-ref --format=%(refname)%00%(upstream:short)%00%(objectname)%00%(upstream:track)%00%(upstream:remotename)%00%(upstream:remoteref) refs/heads/main refs/remotes/main [2ms]
2024-09-15 23:03:06.825 [info] > git status -z -uall [51ms]
2024-09-15 23:03:06.830 [info] > git for-each-ref --format=%(refname)%00%(upstream:short)%00%(objectname)%00%(upstream:track)%00%(upstream:remotename)%00%(upstream:remoteref) refs/heads/main refs/remotes/main [3ms]
2024-09-15 23:03:06.832 [info] > git config --local branch.main.vscode-merge-base [1ms]
2024-09-15 23:03:06.832 [warning] [Git][config] git config failed: Failed to execute git
2024-09-15 23:03:06.836 [info] > git reflog main --grep-reflog=branch: Created from *. [2ms]
2024-09-15 23:03:06.838 [info] > git symbolic-ref --short refs/remotes/origin/HEAD [1ms]
2024-09-15 23:03:06.838 [info] fatal: ref refs/remotes/origin/HEAD is not a symbolic ref
2024-09-15 23:03:11.834 [info] > git config --get commit.template [3ms]
2024-09-15 23:03:11.835 [info] > git for-each-ref --format=%(refname)%00%(upstream:short)%00%(objectname)%00%(upstream:track)%00%(upstream:remotename)%00%(upstream:remoteref) refs/heads/main refs/remotes/main [2ms]
2024-09-15 23:03:11.888 [info] > git status -z -uall [51ms]
2024-09-15 23:03:11.893 [info] > git for-each-ref --format=%(refname)%00%(upstream:short)%00%(objectname)%00%(upstream:track)%00%(upstream:remotename)%00%(upstream:remoteref) refs/heads/main refs/remotes/main [3ms]
2024-09-15 23:03:11.897 [info] > git config --local branch.main.vscode-merge-base [1ms]
2024-09-15 23:03:11.897 [warning] [Git][config] git config failed: Failed to execute git
2024-09-15 23:03:11.903 [info] > git reflog main --grep-reflog=branch: Created from *. [5ms]
2024-09-15 23:03:11.906 [info] > git symbolic-ref --short refs/remotes/origin/HEAD [2ms]
2024-09-15 23:03:11.906 [info] fatal: ref refs/remotes/origin/HEAD is not a symbolic ref
2024-09-15 23:03:16.897 [info] > git config --get commit.template [3ms]
2024-09-15 23:03:16.899 [info] > git for-each-ref --format=%(refname)%00%(upstream:short)%00%(objectname)%00%(upstream:track)%00%(upstream:remotename)%00%(upstream:remoteref) refs/heads/main refs/remotes/main [2ms]
2024-09-15 23:03:16.950 [info] > git status -z -uall [50ms]
2024-09-15 23:03:16.955 [info] > git for-each-ref --format=%(refname)%00%(upstream:short)%00%(objectname)%00%(upstream:track)%00%(upstream:remotename)%00%(upstream:remoteref) refs/heads/main refs/remotes/main [3ms]
2024-09-15 23:03:16.958 [info] > git config --local branch.main.vscode-merge-base [1ms]
2024-09-15 23:03:16.958 [warning] [Git][config] git config failed: Failed to execute git
2024-09-15 23:03:16.961 [info] > git reflog main --grep-reflog=branch: Created from *. [2ms]
2024-09-15 23:03:16.963 [info] > git symbolic-ref --short refs/remotes/origin/HEAD [1ms]
2024-09-15 23:03:16.963 [info] fatal: ref refs/remotes/origin/HEAD is not a symbolic ref
2024-09-15 23:03:20.337 [info] > git check-ignore -v -z --stdin [5ms]
2024-09-15 23:03:21.959 [info] > git config --get commit.template [3ms]
2024-09-15 23:03:21.961 [info] > git for-each-ref --format=%(refname)%00%(upstream:short)%00%(objectname)%00%(upstream:track)%00%(upstream:remotename)%00%(upstream:remoteref) refs/heads/main refs/remotes/main [2ms]
2024-09-15 23:03:22.013 [info] > git status -z -uall [51ms]
2024-09-15 23:03:22.026 [info] > git for-each-ref --format=%(refname)%00%(upstream:short)%00%(objectname)%00%(upstream:track)%00%(upstream:remotename)%00%(upstream:remoteref) refs/heads/main refs/remotes/main [2ms]
2024-09-15 23:03:22.030 [info] > git config --local branch.main.vscode-merge-base [2ms]
2024-09-15 23:03:22.030 [warning] [Git][config] git config failed: Failed to execute git
2024-09-15 23:03:22.034 [info] > git reflog main --grep-reflog=branch: Created from *. [3ms]
2024-09-15 23:03:22.037 [info] > git symbolic-ref --short refs/remotes/origin/HEAD [1ms]
2024-09-15 23:03:22.037 [info] fatal: ref refs/remotes/origin/HEAD is not a symbolic ref
2024-09-15 23:03:27.030 [info] > git config --get commit.template [3ms]
2024-09-15 23:03:27.033 [info] > git for-each-ref --format=%(refname)%00%(upstream:short)%00%(objectname)%00%(upstream:track)%00%(upstream:remotename)%00%(upstream:remoteref) refs/heads/main refs/remotes/main [4ms]
2024-09-15 23:03:27.086 [info] > git status -z -uall [52ms]
2024-09-15 23:03:27.091 [info] > git for-each-ref --format=%(refname)%00%(upstream:short)%00%(objectname)%00%(upstream:track)%00%(upstream:remotename)%00%(upstream:remoteref) refs/heads/main refs/remotes/main [2ms]
2024-09-15 23:03:27.094 [info] > git config --local branch.main.vscode-merge-base [2ms]
2024-09-15 23:03:27.094 [warning] [Git][config] git config failed: Failed to execute git
2024-09-15 23:03:27.099 [info] > git reflog main --grep-reflog=branch: Created from *. [3ms]
2024-09-15 23:03:27.106 [info] > git symbolic-ref --short refs/remotes/origin/HEAD [5ms]
2024-09-15 23:03:27.106 [info] fatal: ref refs/remotes/origin/HEAD is not a symbolic ref
2024-09-15 23:03:32.096 [info] > git config --get commit.template [3ms]
2024-09-15 23:03:32.098 [info] > git for-each-ref --format=%(refname)%00%(upstream:short)%00%(objectname)%00%(upstream:track)%00%(upstream:remotename)%00%(upstream:remoteref) refs/heads/main refs/remotes/main [2ms]
2024-09-15 23:03:32.149 [info] > git status -z -uall [50ms]
2024-09-15 23:03:32.154 [info] > git for-each-ref --format=%(refname)%00%(upstream:short)%00%(objectname)%00%(upstream:track)%00%(upstream:remotename)%00%(upstream:remoteref) refs/heads/main refs/remotes/main [2ms]
2024-09-15 23:03:32.157 [info] > git config --local branch.main.vscode-merge-base [1ms]
2024-09-15 23:03:32.157 [warning] [Git][config] git config failed: Failed to execute git
2024-09-15 23:03:32.160 [info] > git reflog main --grep-reflog=branch: Created from *. [2ms]
2024-09-15 23:03:32.162 [info] > git symbolic-ref --short refs/remotes/origin/HEAD [1ms]
2024-09-15 23:03:32.162 [info] fatal: ref refs/remotes/origin/HEAD is not a symbolic ref
2024-09-15 23:03:37.927 [info] > git config --get commit.template [3ms]
2024-09-15 23:03:37.928 [info] > git for-each-ref --format=%(refname)%00%(upstream:short)%00%(objectname)%00%(upstream:track)%00%(upstream:remotename)%00%(upstream:remoteref) refs/heads/main refs/remotes/main [1ms]
2024-09-15 23:03:37.980 [info] > git status -z -uall [50ms]
2024-09-15 23:03:37.985 [info] > git for-each-ref --format=%(refname)%00%(upstream:short)%00%(objectname)%00%(upstream:track)%00%(upstream:remotename)%00%(upstream:remoteref) refs/heads/main refs/remotes/main [4ms]
2024-09-15 23:03:37.987 [info] > git config --local branch.main.vscode-merge-base [1ms]
2024-09-15 23:03:37.987 [warning] [Git][config] git config failed: Failed to execute git
2024-09-15 23:03:37.990 [info] > git reflog main --grep-reflog=branch: Created from *. [2ms]
2024-09-15 23:03:37.993 [info] > git symbolic-ref --short refs/remotes/origin/HEAD [1ms]
2024-09-15 23:03:37.993 [info] fatal: ref refs/remotes/origin/HEAD is not a symbolic ref
2024-09-15 23:03:42.988 [info] > git config --get commit.template [3ms]
2024-09-15 23:03:42.990 [info] > git for-each-ref --format=%(refname)%00%(upstream:short)%00%(objectname)%00%(upstream:track)%00%(upstream:remotename)%00%(upstream:remoteref) refs/heads/main refs/remotes/main [2ms]
2024-09-15 23:03:43.045 [info] > git status -z -uall [54ms]
2024-09-15 23:03:43.049 [info] > git for-each-ref --format=%(refname)%00%(upstream:short)%00%(objectname)%00%(upstream:track)%00%(upstream:remotename)%00%(upstream:remoteref) refs/heads/main refs/remotes/main [2ms]
2024-09-15 23:03:43.052 [info] > git config --local branch.main.vscode-merge-base [1ms]
2024-09-15 23:03:43.052 [warning] [Git][config] git config failed: Failed to execute git
2024-09-15 23:03:43.055 [info] > git reflog main --grep-reflog=branch: Created from *. [2ms]
2024-09-15 23:03:43.058 [info] > git symbolic-ref --short refs/remotes/origin/HEAD [2ms]
2024-09-15 23:03:43.058 [info] fatal: ref refs/remotes/origin/HEAD is not a symbolic ref
2024-09-15 23:03:46.066 [info] > git config --get commit.template [3ms]
2024-09-15 23:03:46.068 [info] > git for-each-ref --format=%(refname)%00%(upstream:short)%00%(objectname)%00%(upstream:track)%00%(upstream:remotename)%00%(upstream:remoteref) refs/heads/main refs/remotes/main [2ms]
2024-09-15 23:03:46.121 [info] > git status -z -uall [52ms]
2024-09-15 23:03:46.127 [info] > git for-each-ref --format=%(refname)%00%(upstream:short)%00%(objectname)%00%(upstream:track)%00%(upstream:remotename)%00%(upstream:remoteref) refs/heads/main refs/remotes/main [4ms]
2024-09-15 23:03:46.130 [info] > git config --local branch.main.vscode-merge-base [1ms]
2024-09-15 23:03:46.130 [warning] [Git][config] git config failed: Failed to execute git
2024-09-15 23:03:46.133 [info] > git reflog main --grep-reflog=branch: Created from *. [2ms]
2024-09-15 23:03:46.135 [info] > git symbolic-ref --short refs/remotes/origin/HEAD [1ms]
2024-09-15 23:03:46.135 [info] fatal: ref refs/remotes/origin/HEAD is not a symbolic ref
2024-09-15 23:03:47.352 [info] > git check-ignore -v -z --stdin [5ms]
2024-09-15 23:03:48.053 [info] > git config --get commit.template [2ms]
2024-09-15 23:03:48.055 [info] > git for-each-ref --format=%(refname)%00%(upstream:short)%00%(objectname)%00%(upstream:track)%00%(upstream:remotename)%00%(upstream:remoteref) refs/heads/main refs/remotes/main [2ms]
2024-09-15 23:03:48.108 [info] > git status -z -uall [52ms]
2024-09-15 23:03:48.113 [info] > git for-each-ref --format=%(refname)%00%(upstream:short)%00%(objectname)%00%(upstream:track)%00%(upstream:remotename)%00%(upstream:remoteref) refs/heads/main refs/remotes/main [3ms]
2024-09-15 23:03:48.115 [info] > git config --local branch.main.vscode-merge-base [1ms]
2024-09-15 23:03:48.115 [warning] [Git][config] git config failed: Failed to execute git
2024-09-15 23:03:48.118 [info] > git reflog main --grep-reflog=branch: Created from *. [1ms]
2024-09-15 23:03:48.121 [info] > git symbolic-ref --short refs/remotes/origin/HEAD [1ms]
2024-09-15 23:03:48.121 [info] fatal: ref refs/remotes/origin/HEAD is not a symbolic ref
2024-09-15 23:03:53.117 [info] > git config --get commit.template [3ms]
2024-09-15 23:03:53.118 [info] > git for-each-ref --format=%(refname)%00%(upstream:short)%00%(objectname)%00%(upstream:track)%00%(upstream:remotename)%00%(upstream:remoteref) refs/heads/main refs/remotes/main [2ms]
2024-09-15 23:03:53.171 [info] > git status -z -uall [52ms]
2024-09-15 23:03:53.175 [info] > git for-each-ref --format=%(refname)%00%(upstream:short)%00%(objectname)%00%(upstream:track)%00%(upstream:remotename)%00%(upstream:remoteref) refs/heads/main refs/remotes/main [2ms]
2024-09-15 23:03:53.178 [info] > git config --local branch.main.vscode-merge-base [2ms]
2024-09-15 23:03:53.178 [warning] [Git][config] git config failed: Failed to execute git
2024-09-15 23:03:53.182 [info] > git reflog main --grep-reflog=branch: Created from *. [2ms]
2024-09-15 23:03:53.184 [info] > git symbolic-ref --short refs/remotes/origin/HEAD [1ms]
2024-09-15 23:03:53.184 [info] fatal: ref refs/remotes/origin/HEAD is not a symbolic ref
2024-09-15 23:03:58.180 [info] > git config --get commit.template [2ms]
2024-09-15 23:03:58.181 [info] > git for-each-ref --format=%(refname)%00%(upstream:short)%00%(objectname)%00%(upstream:track)%00%(upstream:remotename)%00%(upstream:remoteref) refs/heads/main refs/remotes/main [2ms]
2024-09-15 23:03:58.235 [info] > git status -z -uall [51ms]
2024-09-15 23:03:58.239 [info] > git for-each-ref --format=%(refname)%00%(upstream:short)%00%(objectname)%00%(upstream:track)%00%(upstream:remotename)%00%(upstream:remoteref) refs/heads/main refs/remotes/main [2ms]
2024-09-15 23:03:58.242 [info] > git config --local branch.main.vscode-merge-base [1ms]
2024-09-15 23:03:58.242 [warning] [Git][config] git config failed: Failed to execute git
2024-09-15 23:03:58.245 [info] > git reflog main --grep-reflog=branch: Created from *. [2ms]
2024-09-15 23:03:58.247 [info] > git symbolic-ref --short refs/remotes/origin/HEAD [1ms]
2024-09-15 23:03:58.247 [info] fatal: ref refs/remotes/origin/HEAD is not a symbolic ref
2024-09-15 23:04:03.243 [info] > git config --get commit.template [3ms]
2024-09-15 23:04:03.245 [info] > git for-each-ref --format=%(refname)%00%(upstream:short)%00%(objectname)%00%(upstream:track)%00%(upstream:remotename)%00%(upstream:remoteref) refs/heads/main refs/remotes/main [2ms]
2024-09-15 23:04:03.297 [info] > git status -z -uall [51ms]
2024-09-15 23:04:03.302 [info] > git for-each-ref --format=%(refname)%00%(upstream:short)%00%(objectname)%00%(upstream:track)%00%(upstream:remotename)%00%(upstream:remoteref) refs/heads/main refs/remotes/main [3ms]
2024-09-15 23:04:03.305 [info] > git config --local branch.main.vscode-merge-base [2ms]
2024-09-15 23:04:03.305 [warning] [Git][config] git config failed: Failed to execute git
2024-09-15 23:04:03.308 [info] > git reflog main --grep-reflog=branch: Created from *. [2ms]
2024-09-15 23:04:03.310 [info] > git symbolic-ref --short refs/remotes/origin/HEAD [1ms]
2024-09-15 23:04:03.310 [info] fatal: ref refs/remotes/origin/HEAD is not a symbolic ref
2024-09-15 23:04:08.305 [info] > git config --get commit.template [3ms]
2024-09-15 23:04:08.306 [info] > git for-each-ref --format=%(refname)%00%(upstream:short)%00%(objectname)%00%(upstream:track)%00%(upstream:remotename)%00%(upstream:remoteref) refs/heads/main refs/remotes/main [1ms]
2024-09-15 23:04:08.359 [info] > git status -z -uall [52ms]
2024-09-15 23:04:08.364 [info] > git for-each-ref --format=%(refname)%00%(upstream:short)%00%(objectname)%00%(upstream:track)%00%(upstream:remotename)%00%(upstream:remoteref) refs/heads/main refs/remotes/main [2ms]
2024-09-15 23:04:08.366 [info] > git config --local branch.main.vscode-merge-base [1ms]
2024-09-15 23:04:08.366 [warning] [Git][config] git config failed: Failed to execute git
2024-09-15 23:04:08.369 [info] > git reflog main --grep-reflog=branch: Created from *. [1ms]
2024-09-15 23:04:08.372 [info] > git symbolic-ref --short refs/remotes/origin/HEAD [2ms]
2024-09-15 23:04:08.372 [info] fatal: ref refs/remotes/origin/HEAD is not a symbolic ref
2024-09-15 23:04:13.368 [info] > git config --get commit.template [3ms]
2024-09-15 23:04:13.370 [info] > git for-each-ref --format=%(refname)%00%(upstream:short)%00%(objectname)%00%(upstream:track)%00%(upstream:remotename)%00%(upstream:remoteref) refs/heads/main refs/remotes/main [2ms]
2024-09-15 23:04:13.420 [info] > git status -z -uall [49ms]
2024-09-15 23:04:13.425 [info] > git for-each-ref --format=%(refname)%00%(upstream:short)%00%(objectname)%00%(upstream:track)%00%(upstream:remotename)%00%(upstream:remoteref) refs/heads/main refs/remotes/main [3ms]
2024-09-15 23:04:13.428 [info] > git config --local branch.main.vscode-merge-base [2ms]
2024-09-15 23:04:13.428 [warning] [Git][config] git config failed: Failed to execute git
2024-09-15 23:04:13.433 [info] > git reflog main --grep-reflog=branch: Created from *. [3ms]
2024-09-15 23:04:13.435 [info] > git symbolic-ref --short refs/remotes/origin/HEAD [1ms]
2024-09-15 23:04:13.435 [info] fatal: ref refs/remotes/origin/HEAD is not a symbolic ref
2024-09-15 23:04:18.427 [info] > git config --get commit.template [2ms]
2024-09-15 23:04:18.429 [info] > git for-each-ref --format=%(refname)%00%(upstream:short)%00%(objectname)%00%(upstream:track)%00%(upstream:remotename)%00%(upstream:remoteref) refs/heads/main refs/remotes/main [2ms]
2024-09-15 23:04:18.483 [info] > git status -z -uall [53ms]
2024-09-15 23:04:18.487 [info] > git for-each-ref --format=%(refname)%00%(upstream:short)%00%(objectname)%00%(upstream:track)%00%(upstream:remotename)%00%(upstream:remoteref) refs/heads/main refs/remotes/main [2ms]
2024-09-15 23:04:18.490 [info] > git config --local branch.main.vscode-merge-base [2ms]
2024-09-15 23:04:18.490 [warning] [Git][config] git config failed: Failed to execute git
2024-09-15 23:04:18.493 [info] > git reflog main --grep-reflog=branch: Created from *. [2ms]
2024-09-15 23:04:18.495 [info] > git symbolic-ref --short refs/remotes/origin/HEAD [1ms]
2024-09-15 23:04:18.495 [info] fatal: ref refs/remotes/origin/HEAD is not a symbolic ref
2024-09-15 23:04:23.490 [info] > git config --get commit.template [2ms]
2024-09-15 23:04:23.492 [info] > git for-each-ref --format=%(refname)%00%(upstream:short)%00%(objectname)%00%(upstream:track)%00%(upstream:remotename)%00%(upstream:remoteref) refs/heads/main refs/remotes/main [2ms]
2024-09-15 23:04:23.545 [info] > git status -z -uall [52ms]
2024-09-15 23:04:23.551 [info] > git for-each-ref --format=%(refname)%00%(upstream:short)%00%(objectname)%00%(upstream:track)%00%(upstream:remotename)%00%(upstream:remoteref) refs/heads/main refs/remotes/main [3ms]
2024-09-15 23:04:23.553 [info] > git config --local branch.main.vscode-merge-base [1ms]
2024-09-15 23:04:23.553 [warning] [Git][config] git config failed: Failed to execute git
2024-09-15 23:04:23.558 [info] > git reflog main --grep-reflog=branch: Created from *. [2ms]
2024-09-15 23:04:23.560 [info] > git symbolic-ref --short refs/remotes/origin/HEAD [1ms]
2024-09-15 23:04:23.560 [info] fatal: ref refs/remotes/origin/HEAD is not a symbolic ref
2024-09-15 23:04:28.555 [info] > git config --get commit.template [3ms]
2024-09-15 23:04:28.556 [info] > git for-each-ref --format=%(refname)%00%(upstream:short)%00%(objectname)%00%(upstream:track)%00%(upstream:remotename)%00%(upstream:remoteref) refs/heads/main refs/remotes/main [2ms]
2024-09-15 23:04:28.609 [info] > git status -z -uall [51ms]
2024-09-15 23:04:28.615 [info] > git for-each-ref --format=%(refname)%00%(upstream:short)%00%(objectname)%00%(upstream:track)%00%(upstream:remotename)%00%(upstream:remoteref) refs/heads/main refs/remotes/main [2ms]
2024-09-15 23:04:28.618 [info] > git config --local branch.main.vscode-merge-base [2ms]
2024-09-15 23:04:28.618 [warning] [Git][config] git config failed: Failed to execute git
2024-09-15 23:04:28.621 [info] > git reflog main --grep-reflog=branch: Created from *. [2ms]
2024-09-15 23:04:28.624 [info] > git symbolic-ref --short refs/remotes/origin/HEAD [1ms]
2024-09-15 23:04:28.624 [info] fatal: ref refs/remotes/origin/HEAD is not a symbolic ref
2024-09-15 23:04:33.619 [info] > git config --get commit.template [2ms]
2024-09-15 23:04:33.620 [info] > git for-each-ref --format=%(refname)%00%(upstream:short)%00%(objectname)%00%(upstream:track)%00%(upstream:remotename)%00%(upstream:remoteref) refs/heads/main refs/remotes/main [2ms]
2024-09-15 23:04:33.676 [info] > git status -z -uall [55ms]
2024-09-15 23:04:33.680 [info] > git for-each-ref --format=%(refname)%00%(upstream:short)%00%(objectname)%00%(upstream:track)%00%(upstream:remotename)%00%(upstream:remoteref) refs/heads/main refs/remotes/main [2ms]
2024-09-15 23:04:33.683 [info] > git config --local branch.main.vscode-merge-base [2ms]
2024-09-15 23:04:33.683 [warning] [Git][config] git config failed: Failed to execute git
2024-09-15 23:04:33.686 [info] > git reflog main --grep-reflog=branch: Created from *. [2ms]
2024-09-15 23:04:33.689 [info] > git symbolic-ref --short refs/remotes/origin/HEAD [2ms]
2024-09-15 23:04:33.689 [info] fatal: ref refs/remotes/origin/HEAD is not a symbolic ref
2024-09-15 23:04:38.684 [info] > git config --get commit.template [3ms]
2024-09-15 23:04:38.685 [info] > git for-each-ref --format=%(refname)%00%(upstream:short)%00%(objectname)%00%(upstream:track)%00%(upstream:remotename)%00%(upstream:remoteref) refs/heads/main refs/remotes/main [2ms]
2024-09-15 23:04:38.737 [info] > git status -z -uall [51ms]
2024-09-15 23:04:38.741 [info] > git for-each-ref --format=%(refname)%00%(upstream:short)%00%(objectname)%00%(upstream:track)%00%(upstream:remotename)%00%(upstream:remoteref) refs/heads/main refs/remotes/main [2ms]
2024-09-15 23:04:38.746 [info] > git config --local branch.main.vscode-merge-base [1ms]
2024-09-15 23:04:38.746 [warning] [Git][config] git config failed: Failed to execute git
2024-09-15 23:04:38.749 [info] > git reflog main --grep-reflog=branch: Created from *. [2ms]
2024-09-15 23:04:38.751 [info] > git symbolic-ref --short refs/remotes/origin/HEAD [1ms]
2024-09-15 23:04:38.751 [info] fatal: ref refs/remotes/origin/HEAD is not a symbolic ref
2024-09-15 23:04:43.745 [info] > git config --get commit.template [3ms]
2024-09-15 23:04:43.747 [info] > git for-each-ref --format=%(refname)%00%(upstream:short)%00%(objectname)%00%(upstream:track)%00%(upstream:remotename)%00%(upstream:remoteref) refs/heads/main refs/remotes/main [2ms]
2024-09-15 23:04:43.801 [info] > git status -z -uall [51ms]
2024-09-15 23:04:43.805 [info] > git for-each-ref --format=%(refname)%00%(upstream:short)%00%(objectname)%00%(upstream:track)%00%(upstream:remotename)%00%(upstream:remoteref) refs/heads/main refs/remotes/main [2ms]
2024-09-15 23:04:43.808 [info] > git config --local branch.main.vscode-merge-base [2ms]
2024-09-15 23:04:43.808 [warning] [Git][config] git config failed: Failed to execute git
2024-09-15 23:04:43.810 [info] > git reflog main --grep-reflog=branch: Created from *. [1ms]
2024-09-15 23:04:43.813 [info] > git symbolic-ref --short refs/remotes/origin/HEAD [1ms]
2024-09-15 23:04:43.813 [info] fatal: ref refs/remotes/origin/HEAD is not a symbolic ref
2024-09-15 23:04:48.809 [info] > git config --get commit.template [3ms]
2024-09-15 23:04:48.810 [info] > git for-each-ref --format=%(refname)%00%(upstream:short)%00%(objectname)%00%(upstream:track)%00%(upstream:remotename)%00%(upstream:remoteref) refs/heads/main refs/remotes/main [2ms]
2024-09-15 23:04:48.861 [info] > git status -z -uall [50ms]
2024-09-15 23:04:48.866 [info] > git for-each-ref --format=%(refname)%00%(upstream:short)%00%(objectname)%00%(upstream:track)%00%(upstream:remotename)%00%(upstream:remoteref) refs/heads/main refs/remotes/main [2ms]
2024-09-15 23:04:48.869 [info] > git config --local branch.main.vscode-merge-base [1ms]
2024-09-15 23:04:48.869 [warning] [Git][config] git config failed: Failed to execute git
2024-09-15 23:04:48.872 [info] > git reflog main --grep-reflog=branch: Created from *. [2ms]
2024-09-15 23:04:48.874 [info] > git symbolic-ref --short refs/remotes/origin/HEAD [1ms]
2024-09-15 23:04:48.874 [info] fatal: ref refs/remotes/origin/HEAD is not a symbolic ref
2024-09-15 23:04:53.871 [info] > git config --get commit.template [3ms]
2024-09-15 23:04:53.873 [info] > git for-each-ref --format=%(refname)%00%(upstream:short)%00%(objectname)%00%(upstream:track)%00%(upstream:remotename)%00%(upstream:remoteref) refs/heads/main refs/remotes/main [2ms]
2024-09-15 23:04:53.925 [info] > git status -z -uall [51ms]
2024-09-15 23:04:53.931 [info] > git for-each-ref --format=%(refname)%00%(upstream:short)%00%(objectname)%00%(upstream:track)%00%(upstream:remotename)%00%(upstream:remoteref) refs/heads/main refs/remotes/main [2ms]
2024-09-15 23:04:53.934 [info] > git config --local branch.main.vscode-merge-base [1ms]
2024-09-15 23:04:53.934 [warning] [Git][config] git config failed: Failed to execute git
2024-09-15 23:04:53.937 [info] > git reflog main --grep-reflog=branch: Created from *. [2ms]
2024-09-15 23:04:53.939 [info] > git symbolic-ref --short refs/remotes/origin/HEAD [1ms]
2024-09-15 23:04:53.939 [info] fatal: ref refs/remotes/origin/HEAD is not a symbolic ref
2024-09-15 23:04:58.935 [info] > git config --get commit.template [3ms]
2024-09-15 23:04:58.936 [info] > git for-each-ref --format=%(refname)%00%(upstream:short)%00%(objectname)%00%(upstream:track)%00%(upstream:remotename)%00%(upstream:remoteref) refs/heads/main refs/remotes/main [1ms]
2024-09-15 23:04:58.988 [info] > git status -z -uall [50ms]
2024-09-15 23:04:58.992 [info] > git for-each-ref --format=%(refname)%00%(upstream:short)%00%(objectname)%00%(upstream:track)%00%(upstream:remotename)%00%(upstream:remoteref) refs/heads/main refs/remotes/main [2ms]
2024-09-15 23:04:58.995 [info] > git config --local branch.main.vscode-merge-base [1ms]
2024-09-15 23:04:58.995 [warning] [Git][config] git config failed: Failed to execute git
2024-09-15 23:04:58.998 [info] > git reflog main --grep-reflog=branch: Created from *. [2ms]
2024-09-15 23:04:59.000 [info] > git symbolic-ref --short refs/remotes/origin/HEAD [1ms]
2024-09-15 23:04:59.000 [info] fatal: ref refs/remotes/origin/HEAD is not a symbolic ref
2024-09-15 23:05:03.997 [info] > git config --get commit.template [3ms]
2024-09-15 23:05:03.999 [info] > git for-each-ref --format=%(refname)%00%(upstream:short)%00%(objectname)%00%(upstream:track)%00%(upstream:remotename)%00%(upstream:remoteref) refs/heads/main refs/remotes/main [2ms]
2024-09-15 23:05:04.051 [info] > git status -z -uall [51ms]
2024-09-15 23:05:04.057 [info] > git for-each-ref --format=%(refname)%00%(upstream:short)%00%(objectname)%00%(upstream:track)%00%(upstream:remotename)%00%(upstream:remoteref) refs/heads/main refs/remotes/main [3ms]
2024-09-15 23:05:04.066 [info] > git config --local branch.main.vscode-merge-base [6ms]
2024-09-15 23:05:04.066 [warning] [Git][config] git config failed: Failed to execute git
2024-09-15 23:05:04.069 [info] > git reflog main --grep-reflog=branch: Created from *. [1ms]
2024-09-15 23:05:04.073 [info] > git symbolic-ref --short refs/remotes/origin/HEAD [1ms]
2024-09-15 23:05:04.073 [info] fatal: ref refs/remotes/origin/HEAD is not a symbolic ref
2024-09-15 23:05:09.058 [info] > git config --get commit.template [2ms]
2024-09-15 23:05:09.061 [info] > git for-each-ref --format=%(refname)%00%(upstream:short)%00%(objectname)%00%(upstream:track)%00%(upstream:remotename)%00%(upstream:remoteref) refs/heads/main refs/remotes/main [3ms]
2024-09-15 23:05:09.114 [info] > git status -z -uall [52ms]
2024-09-15 23:05:09.118 [info] > git for-each-ref --format=%(refname)%00%(upstream:short)%00%(objectname)%00%(upstream:track)%00%(upstream:remotename)%00%(upstream:remoteref) refs/heads/main refs/remotes/main [2ms]
2024-09-15 23:05:09.121 [info] > git config --local branch.main.vscode-merge-base [1ms]
2024-09-15 23:05:09.121 [warning] [Git][config] git config failed: Failed to execute git
2024-09-15 23:05:09.124 [info] > git reflog main --grep-reflog=branch: Created from *. [2ms]
2024-09-15 23:05:09.126 [info] > git symbolic-ref --short refs/remotes/origin/HEAD [1ms]
2024-09-15 23:05:09.126 [info] fatal: ref refs/remotes/origin/HEAD is not a symbolic ref
2024-09-15 23:05:14.122 [info] > git config --get commit.template [3ms]
2024-09-15 23:05:14.124 [info] > git for-each-ref --format=%(refname)%00%(upstream:short)%00%(objectname)%00%(upstream:track)%00%(upstream:remotename)%00%(upstream:remoteref) refs/heads/main refs/remotes/main [2ms]
2024-09-15 23:05:14.176 [info] > git status -z -uall [51ms]
2024-09-15 23:05:14.181 [info] > git for-each-ref --format=%(refname)%00%(upstream:short)%00%(objectname)%00%(upstream:track)%00%(upstream:remotename)%00%(upstream:remoteref) refs/heads/main refs/remotes/main [3ms]
2024-09-15 23:05:14.183 [info] > git config --local branch.main.vscode-merge-base [1ms]
2024-09-15 23:05:14.183 [warning] [Git][config] git config failed: Failed to execute git
2024-09-15 23:05:14.186 [info] > git reflog main --grep-reflog=branch: Created from *. [1ms]
2024-09-15 23:05:14.189 [info] > git symbolic-ref --short refs/remotes/origin/HEAD [2ms]
2024-09-15 23:05:14.189 [info] fatal: ref refs/remotes/origin/HEAD is not a symbolic ref
2024-09-15 23:05:19.185 [info] > git config --get commit.template [3ms]
2024-09-15 23:05:19.186 [info] > git for-each-ref --format=%(refname)%00%(upstream:short)%00%(objectname)%00%(upstream:track)%00%(upstream:remotename)%00%(upstream:remoteref) refs/heads/main refs/remotes/main [1ms]
2024-09-15 23:05:19.240 [info] > git status -z -uall [53ms]
2024-09-15 23:05:19.244 [info] > git for-each-ref --format=%(refname)%00%(upstream:short)%00%(objectname)%00%(upstream:track)%00%(upstream:remotename)%00%(upstream:remoteref) refs/heads/main refs/remotes/main [2ms]
2024-09-15 23:05:19.247 [info] > git config --local branch.main.vscode-merge-base [1ms]
2024-09-15 23:05:19.247 [warning] [Git][config] git config failed: Failed to execute git
2024-09-15 23:05:19.250 [info] > git reflog main --grep-reflog=branch: Created from *. [2ms]
2024-09-15 23:05:19.252 [info] > git symbolic-ref --short refs/remotes/origin/HEAD [1ms]
2024-09-15 23:05:19.252 [info] fatal: ref refs/remotes/origin/HEAD is not a symbolic ref
2024-09-15 23:06:18.890 [info] > git config --get commit.template [3ms]
2024-09-15 23:06:18.892 [info] > git for-each-ref --format=%(refname)%00%(upstream:short)%00%(objectname)%00%(upstream:track)%00%(upstream:remotename)%00%(upstream:remoteref) refs/heads/main refs/remotes/main [1ms]
2024-09-15 23:06:18.943 [info] > git status -z -uall [50ms]
2024-09-15 23:06:18.947 [info] > git for-each-ref --format=%(refname)%00%(upstream:short)%00%(objectname)%00%(upstream:track)%00%(upstream:remotename)%00%(upstream:remoteref) refs/heads/main refs/remotes/main [2ms]
2024-09-15 23:06:18.950 [info] > git config --local branch.main.vscode-merge-base [1ms]
2024-09-15 23:06:18.950 [warning] [Git][config] git config failed: Failed to execute git
2024-09-15 23:06:18.955 [info] > git reflog main --grep-reflog=branch: Created from *. [3ms]
2024-09-15 23:06:18.957 [info] > git symbolic-ref --short refs/remotes/origin/HEAD [1ms]
2024-09-15 23:06:18.957 [info] fatal: ref refs/remotes/origin/HEAD is not a symbolic ref
2024-09-15 23:06:46.090 [info] > git config --get commit.template [2ms]
2024-09-15 23:06:46.092 [info] > git for-each-ref --format=%(refname)%00%(upstream:short)%00%(objectname)%00%(upstream:track)%00%(upstream:remotename)%00%(upstream:remoteref) refs/heads/main refs/remotes/main [2ms]
2024-09-15 23:06:46.143 [info] > git status -z -uall [50ms]
2024-09-15 23:06:46.148 [info] > git for-each-ref --format=%(refname)%00%(upstream:short)%00%(objectname)%00%(upstream:track)%00%(upstream:remotename)%00%(upstream:remoteref) refs/heads/main refs/remotes/main [3ms]
2024-09-15 23:06:46.151 [info] > git config --local branch.main.vscode-merge-base [1ms]
2024-09-15 23:06:46.152 [warning] [Git][config] git config failed: Failed to execute git
2024-09-15 23:06:46.155 [info] > git reflog main --grep-reflog=branch: Created from *. [2ms]
2024-09-15 23:06:46.157 [info] > git symbolic-ref --short refs/remotes/origin/HEAD [1ms]
2024-09-15 23:06:46.157 [info] fatal: ref refs/remotes/origin/HEAD is not a symbolic ref
2024-09-15 23:06:51.150 [info] > git config --get commit.template [2ms]
2024-09-15 23:06:51.152 [info] > git for-each-ref --format=%(refname)%00%(upstream:short)%00%(objectname)%00%(upstream:track)%00%(upstream:remotename)%00%(upstream:remoteref) refs/heads/main refs/remotes/main [2ms]
2024-09-15 23:06:51.205 [info] > git status -z -uall [52ms]
2024-09-15 23:06:51.209 [info] > git for-each-ref --format=%(refname)%00%(upstream:short)%00%(objectname)%00%(upstream:track)%00%(upstream:remotename)%00%(upstream:remoteref) refs/heads/main refs/remotes/main [2ms]
2024-09-15 23:06:51.213 [info] > git config --local branch.main.vscode-merge-base [2ms]
2024-09-15 23:06:51.213 [warning] [Git][config] git config failed: Failed to execute git
2024-09-15 23:06:51.216 [info] > git reflog main --grep-reflog=branch: Created from *. [2ms]
2024-09-15 23:06:51.218 [info] > git symbolic-ref --short refs/remotes/origin/HEAD [1ms]
2024-09-15 23:06:51.218 [info] fatal: ref refs/remotes/origin/HEAD is not a symbolic ref
2024-09-15 23:06:56.213 [info] > git config --get commit.template [2ms]
2024-09-15 23:06:56.215 [info] > git for-each-ref --format=%(refname)%00%(upstream:short)%00%(objectname)%00%(upstream:track)%00%(upstream:remotename)%00%(upstream:remoteref) refs/heads/main refs/remotes/main [2ms]
2024-09-15 23:06:56.270 [info] > git status -z -uall [54ms]
2024-09-15 23:06:56.276 [info] > git for-each-ref --format=%(refname)%00%(upstream:short)%00%(objectname)%00%(upstream:track)%00%(upstream:remotename)%00%(upstream:remoteref) refs/heads/main refs/remotes/main [4ms]
2024-09-15 23:06:56.279 [info] > git config --local branch.main.vscode-merge-base [2ms]
2024-09-15 23:06:56.279 [warning] [Git][config] git config failed: Failed to execute git
2024-09-15 23:06:56.282 [info] > git reflog main --grep-reflog=branch: Created from *. [2ms]
2024-09-15 23:06:56.284 [info] > git symbolic-ref --short refs/remotes/origin/HEAD [1ms]
2024-09-15 23:06:56.284 [info] fatal: ref refs/remotes/origin/HEAD is not a symbolic ref
2024-09-15 23:07:01.279 [info] > git config --get commit.template [3ms]
2024-09-15 23:07:01.280 [info] > git for-each-ref --format=%(refname)%00%(upstream:short)%00%(objectname)%00%(upstream:track)%00%(upstream:remotename)%00%(upstream:remoteref) refs/heads/main refs/remotes/main [1ms]
2024-09-15 23:07:01.333 [info] > git status -z -uall [52ms]
2024-09-15 23:07:01.340 [info] > git for-each-ref --format=%(refname)%00%(upstream:short)%00%(objectname)%00%(upstream:track)%00%(upstream:remotename)%00%(upstream:remoteref) refs/heads/main refs/remotes/main [2ms]
2024-09-15 23:07:01.343 [info] > git config --local branch.main.vscode-merge-base [2ms]
2024-09-15 23:07:01.343 [warning] [Git][config] git config failed: Failed to execute git
2024-09-15 23:07:01.346 [info] > git reflog main --grep-reflog=branch: Created from *. [2ms]
2024-09-15 23:07:01.348 [info] > git symbolic-ref --short refs/remotes/origin/HEAD [1ms]
2024-09-15 23:07:01.348 [info] fatal: ref refs/remotes/origin/HEAD is not a symbolic ref
2024-09-15 23:07:06.343 [info] > git config --get commit.template [2ms]
2024-09-15 23:07:06.345 [info] > git for-each-ref --format=%(refname)%00%(upstream:short)%00%(objectname)%00%(upstream:track)%00%(upstream:remotename)%00%(upstream:remoteref) refs/heads/main refs/remotes/main [2ms]
2024-09-15 23:07:06.398 [info] > git status -z -uall [52ms]
2024-09-15 23:07:06.403 [info] > git for-each-ref --format=%(refname)%00%(upstream:short)%00%(objectname)%00%(upstream:track)%00%(upstream:remotename)%00%(upstream:remoteref) refs/heads/main refs/remotes/main [3ms]
2024-09-15 23:07:06.406 [info] > git config --local branch.main.vscode-merge-base [1ms]
2024-09-15 23:07:06.406 [warning] [Git][config] git config failed: Failed to execute git
2024-09-15 23:07:06.409 [info] > git reflog main --grep-reflog=branch: Created from *. [2ms]
2024-09-15 23:07:06.413 [info] > git symbolic-ref --short refs/remotes/origin/HEAD [3ms]
2024-09-15 23:07:06.413 [info] fatal: ref refs/remotes/origin/HEAD is not a symbolic ref
2024-09-15 23:07:11.407 [info] > git config --get commit.template [2ms]
2024-09-15 23:07:11.408 [info] > git for-each-ref --format=%(refname)%00%(upstream:short)%00%(objectname)%00%(upstream:track)%00%(upstream:remotename)%00%(upstream:remoteref) refs/heads/main refs/remotes/main [2ms]
2024-09-15 23:07:11.460 [info] > git status -z -uall [51ms]
2024-09-15 23:07:11.465 [info] > git for-each-ref --format=%(refname)%00%(upstream:short)%00%(objectname)%00%(upstream:track)%00%(upstream:remotename)%00%(upstream:remoteref) refs/heads/main refs/remotes/main [3ms]
2024-09-15 23:07:11.467 [info] > git config --local branch.main.vscode-merge-base [1ms]
2024-09-15 23:07:11.467 [warning] [Git][config] git config failed: Failed to execute git
2024-09-15 23:07:11.470 [info] > git reflog main --grep-reflog=branch: Created from *. [2ms]
2024-09-15 23:07:11.472 [info] > git symbolic-ref --short refs/remotes/origin/HEAD [1ms]
2024-09-15 23:07:11.472 [info] fatal: ref refs/remotes/origin/HEAD is not a symbolic ref
2024-09-15 23:07:16.471 [info] > git config --get commit.template [3ms]
2024-09-15 23:07:16.472 [info] > git for-each-ref --format=%(refname)%00%(upstream:short)%00%(objectname)%00%(upstream:track)%00%(upstream:remotename)%00%(upstream:remoteref) refs/heads/main refs/remotes/main [2ms]
2024-09-15 23:07:16.525 [info] > git status -z -uall [52ms]
2024-09-15 23:07:16.530 [info] > git for-each-ref --format=%(refname)%00%(upstream:short)%00%(objectname)%00%(upstream:track)%00%(upstream:remotename)%00%(upstream:remoteref) refs/heads/main refs/remotes/main [3ms]
2024-09-15 23:07:16.533 [info] > git config --local branch.main.vscode-merge-base [1ms]
2024-09-15 23:07:16.533 [warning] [Git][config] git config failed: Failed to execute git
2024-09-15 23:07:16.536 [info] > git reflog main --grep-reflog=branch: Created from *. [2ms]
2024-09-15 23:07:16.538 [info] > git symbolic-ref --short refs/remotes/origin/HEAD [1ms]
2024-09-15 23:07:16.538 [info] fatal: ref refs/remotes/origin/HEAD is not a symbolic ref
2024-09-15 23:07:21.534 [info] > git config --get commit.template [3ms]
2024-09-15 23:07:21.536 [info] > git for-each-ref --format=%(refname)%00%(upstream:short)%00%(objectname)%00%(upstream:track)%00%(upstream:remotename)%00%(upstream:remoteref) refs/heads/main refs/remotes/main [2ms]
2024-09-15 23:07:21.588 [info] > git status -z -uall [51ms]
2024-09-15 23:07:21.595 [info] > git for-each-ref --format=%(refname)%00%(upstream:short)%00%(objectname)%00%(upstream:track)%00%(upstream:remotename)%00%(upstream:remoteref) refs/heads/main refs/remotes/main [5ms]
2024-09-15 23:07:21.598 [info] > git config --local branch.main.vscode-merge-base [1ms]
2024-09-15 23:07:21.598 [warning] [Git][config] git config failed: Failed to execute git
2024-09-15 23:07:21.602 [info] > git reflog main --grep-reflog=branch: Created from *. [2ms]
2024-09-15 23:07:21.605 [info] > git symbolic-ref --short refs/remotes/origin/HEAD [2ms]
2024-09-15 23:07:21.605 [info] fatal: ref refs/remotes/origin/HEAD is not a symbolic ref
2024-09-15 23:07:26.599 [info] > git config --get commit.template [5ms]
2024-09-15 23:07:26.601 [info] > git for-each-ref --format=%(refname)%00%(upstream:short)%00%(objectname)%00%(upstream:track)%00%(upstream:remotename)%00%(upstream:remoteref) refs/heads/main refs/remotes/main [2ms]
2024-09-15 23:07:26.655 [info] > git status -z -uall [53ms]
2024-09-15 23:07:26.659 [info] > git for-each-ref --format=%(refname)%00%(upstream:short)%00%(objectname)%00%(upstream:track)%00%(upstream:remotename)%00%(upstream:remoteref) refs/heads/main refs/remotes/main [2ms]
2024-09-15 23:07:26.661 [info] > git config --local branch.main.vscode-merge-base [1ms]
2024-09-15 23:07:26.661 [warning] [Git][config] git config failed: Failed to execute git
2024-09-15 23:07:26.665 [info] > git reflog main --grep-reflog=branch: Created from *. [2ms]
2024-09-15 23:07:26.667 [info] > git symbolic-ref --short refs/remotes/origin/HEAD [1ms]
2024-09-15 23:07:26.667 [info] fatal: ref refs/remotes/origin/HEAD is not a symbolic ref
2024-09-15 23:07:31.664 [info] > git config --get commit.template [4ms]
2024-09-15 23:07:31.665 [info] > git for-each-ref --format=%(refname)%00%(upstream:short)%00%(objectname)%00%(upstream:track)%00%(upstream:remotename)%00%(upstream:remoteref) refs/heads/main refs/remotes/main [2ms]
2024-09-15 23:07:31.718 [info] > git status -z -uall [51ms]
2024-09-15 23:07:31.722 [info] > git for-each-ref --format=%(refname)%00%(upstream:short)%00%(objectname)%00%(upstream:track)%00%(upstream:remotename)%00%(upstream:remoteref) refs/heads/main refs/remotes/main [2ms]
2024-09-15 23:07:31.727 [info] > git config --local branch.main.vscode-merge-base [4ms]
2024-09-15 23:07:31.727 [warning] [Git][config] git config failed: Failed to execute git
2024-09-15 23:07:31.730 [info] > git reflog main --grep-reflog=branch: Created from *. [2ms]
2024-09-15 23:07:31.732 [info] > git symbolic-ref --short refs/remotes/origin/HEAD [1ms]
2024-09-15 23:07:31.732 [info] fatal: ref refs/remotes/origin/HEAD is not a symbolic ref
2024-09-15 23:07:36.726 [info] > git config --get commit.template [3ms]
2024-09-15 23:07:36.727 [info] > git for-each-ref --format=%(refname)%00%(upstream:short)%00%(objectname)%00%(upstream:track)%00%(upstream:remotename)%00%(upstream:remoteref) refs/heads/main refs/remotes/main [1ms]
2024-09-15 23:07:36.779 [info] > git status -z -uall [50ms]
2024-09-15 23:07:36.785 [info] > git for-each-ref --format=%(refname)%00%(upstream:short)%00%(objectname)%00%(upstream:track)%00%(upstream:remotename)%00%(upstream:remoteref) refs/heads/main refs/remotes/main [3ms]
2024-09-15 23:07:36.789 [info] > git config --local branch.main.vscode-merge-base [1ms]
2024-09-15 23:07:36.789 [warning] [Git][config] git config failed: Failed to execute git
2024-09-15 23:07:36.793 [info] > git reflog main --grep-reflog=branch: Created from *. [3ms]
2024-09-15 23:07:36.795 [info] > git symbolic-ref --short refs/remotes/origin/HEAD [1ms]
2024-09-15 23:07:36.795 [info] fatal: ref refs/remotes/origin/HEAD is not a symbolic ref
2024-09-15 23:07:41.789 [info] > git config --get commit.template [3ms]
2024-09-15 23:07:41.791 [info] > git for-each-ref --format=%(refname)%00%(upstream:short)%00%(objectname)%00%(upstream:track)%00%(upstream:remotename)%00%(upstream:remoteref) refs/heads/main refs/remotes/main [2ms]
2024-09-15 23:07:41.843 [info] > git status -z -uall [51ms]
2024-09-15 23:07:41.848 [info] > git for-each-ref --format=%(refname)%00%(upstream:short)%00%(objectname)%00%(upstream:track)%00%(upstream:remotename)%00%(upstream:remoteref) refs/heads/main refs/remotes/main [2ms]
2024-09-15 23:07:41.850 [info] > git config --local branch.main.vscode-merge-base [1ms]
2024-09-15 23:07:41.851 [warning] [Git][config] git config failed: Failed to execute git
2024-09-15 23:07:41.855 [info] > git reflog main --grep-reflog=branch: Created from *. [3ms]
2024-09-15 23:07:41.857 [info] > git symbolic-ref --short refs/remotes/origin/HEAD [1ms]
2024-09-15 23:07:41.857 [info] fatal: ref refs/remotes/origin/HEAD is not a symbolic ref
2024-09-15 23:07:46.852 [info] > git config --get commit.template [3ms]
2024-09-15 23:07:46.854 [info] > git for-each-ref --format=%(refname)%00%(upstream:short)%00%(objectname)%00%(upstream:track)%00%(upstream:remotename)%00%(upstream:remoteref) refs/heads/main refs/remotes/main [3ms]
2024-09-15 23:07:46.908 [info] > git status -z -uall [53ms]
2024-09-15 23:07:46.913 [info] > git for-each-ref --format=%(refname)%00%(upstream:short)%00%(objectname)%00%(upstream:track)%00%(upstream:remotename)%00%(upstream:remoteref) refs/heads/main refs/remotes/main [3ms]
2024-09-15 23:07:46.916 [info] > git config --local branch.main.vscode-merge-base [1ms]
2024-09-15 23:07:46.916 [warning] [Git][config] git config failed: Failed to execute git
2024-09-15 23:07:46.919 [info] > git reflog main --grep-reflog=branch: Created from *. [2ms]
2024-09-15 23:07:46.922 [info] > git symbolic-ref --short refs/remotes/origin/HEAD [1ms]
2024-09-15 23:07:46.922 [info] fatal: ref refs/remotes/origin/HEAD is not a symbolic ref
2024-09-15 23:07:51.918 [info] > git config --get commit.template [3ms]
2024-09-15 23:07:51.920 [info] > git for-each-ref --format=%(refname)%00%(upstream:short)%00%(objectname)%00%(upstream:track)%00%(upstream:remotename)%00%(upstream:remoteref) refs/heads/main refs/remotes/main [2ms]
2024-09-15 23:07:51.971 [info] > git status -z -uall [50ms]
2024-09-15 23:07:51.976 [info] > git for-each-ref --format=%(refname)%00%(upstream:short)%00%(objectname)%00%(upstream:track)%00%(upstream:remotename)%00%(upstream:remoteref) refs/heads/main refs/remotes/main [3ms]
2024-09-15 23:07:51.978 [info] > git config --local branch.main.vscode-merge-base [1ms]
2024-09-15 23:07:51.978 [warning] [Git][config] git config failed: Failed to execute git
2024-09-15 23:07:51.981 [info] > git reflog main --grep-reflog=branch: Created from *. [2ms]
2024-09-15 23:07:51.983 [info] > git symbolic-ref --short refs/remotes/origin/HEAD [1ms]
2024-09-15 23:07:51.983 [info] fatal: ref refs/remotes/origin/HEAD is not a symbolic ref
2024-09-15 23:07:56.979 [info] > git config --get commit.template [3ms]
2024-09-15 23:07:56.981 [info] > git for-each-ref --format=%(refname)%00%(upstream:short)%00%(objectname)%00%(upstream:track)%00%(upstream:remotename)%00%(upstream:remoteref) refs/heads/main refs/remotes/main [2ms]
2024-09-15 23:07:57.035 [info] > git status -z -uall [52ms]
2024-09-15 23:07:57.040 [info] > git for-each-ref --format=%(refname)%00%(upstream:short)%00%(objectname)%00%(upstream:track)%00%(upstream:remotename)%00%(upstream:remoteref) refs/heads/main refs/remotes/main [2ms]
2024-09-15 23:07:57.043 [info] > git config --local branch.main.vscode-merge-base [1ms]
2024-09-15 23:07:57.043 [warning] [Git][config] git config failed: Failed to execute git
2024-09-15 23:07:57.046 [info] > git reflog main --grep-reflog=branch: Created from *. [2ms]
2024-09-15 23:07:57.049 [info] > git symbolic-ref --short refs/remotes/origin/HEAD [2ms]
2024-09-15 23:07:57.049 [info] fatal: ref refs/remotes/origin/HEAD is not a symbolic ref
2024-09-15 23:08:10.466 [info] > git config --get commit.template [4ms]
2024-09-15 23:08:10.467 [info] > git for-each-ref --format=%(refname)%00%(upstream:short)%00%(objectname)%00%(upstream:track)%00%(upstream:remotename)%00%(upstream:remoteref) refs/heads/main refs/remotes/main [2ms]
2024-09-15 23:08:10.519 [info] > git status -z -uall [51ms]
2024-09-15 23:08:10.524 [info] > git for-each-ref --format=%(refname)%00%(upstream:short)%00%(objectname)%00%(upstream:track)%00%(upstream:remotename)%00%(upstream:remoteref) refs/heads/main refs/remotes/main [2ms]
2024-09-15 23:08:10.527 [info] > git config --local branch.main.vscode-merge-base [2ms]
2024-09-15 23:08:10.527 [warning] [Git][config] git config failed: Failed to execute git
2024-09-15 23:08:10.530 [info] > git reflog main --grep-reflog=branch: Created from *. [2ms]
2024-09-15 23:08:10.532 [info] > git symbolic-ref --short refs/remotes/origin/HEAD [1ms]
2024-09-15 23:08:10.532 [info] fatal: ref refs/remotes/origin/HEAD is not a symbolic ref
2024-09-15 23:08:15.528 [info] > git config --get commit.template [3ms]
2024-09-15 23:08:15.530 [info] > git for-each-ref --format=%(refname)%00%(upstream:short)%00%(objectname)%00%(upstream:track)%00%(upstream:remotename)%00%(upstream:remoteref) refs/heads/main refs/remotes/main [2ms]
2024-09-15 23:08:15.581 [info] > git status -z -uall [50ms]
2024-09-15 23:08:15.587 [info] > git for-each-ref --format=%(refname)%00%(upstream:short)%00%(objectname)%00%(upstream:track)%00%(upstream:remotename)%00%(upstream:remoteref) refs/heads/main refs/remotes/main [2ms]
2024-09-15 23:08:15.590 [info] > git config --local branch.main.vscode-merge-base [2ms]
2024-09-15 23:08:15.590 [warning] [Git][config] git config failed: Failed to execute git
2024-09-15 23:08:15.593 [info] > git reflog main --grep-reflog=branch: Created from *. [2ms]
2024-09-15 23:08:15.596 [info] > git symbolic-ref --short refs/remotes/origin/HEAD [2ms]
2024-09-15 23:08:15.596 [info] fatal: ref refs/remotes/origin/HEAD is not a symbolic ref
2024-09-15 23:08:20.594 [info] > git config --get commit.template [2ms]
2024-09-15 23:08:20.596 [info] > git for-each-ref --format=%(refname)%00%(upstream:short)%00%(objectname)%00%(upstream:track)%00%(upstream:remotename)%00%(upstream:remoteref) refs/heads/main refs/remotes/main [2ms]
2024-09-15 23:08:20.650 [info] > git status -z -uall [53ms]
2024-09-15 23:08:20.654 [info] > git for-each-ref --format=%(refname)%00%(upstream:short)%00%(objectname)%00%(upstream:track)%00%(upstream:remotename)%00%(upstream:remoteref) refs/heads/main refs/remotes/main [2ms]
2024-09-15 23:08:20.659 [info] > git config --local branch.main.vscode-merge-base [1ms]
2024-09-15 23:08:20.659 [warning] [Git][config] git config failed: Failed to execute git
2024-09-15 23:08:20.663 [info] > git reflog main --grep-reflog=branch: Created from *. [2ms]
2024-09-15 23:08:20.666 [info] > git symbolic-ref --short refs/remotes/origin/HEAD [2ms]
2024-09-15 23:08:20.666 [info] fatal: ref refs/remotes/origin/HEAD is not a symbolic ref
2024-09-15 23:08:25.658 [info] > git config --get commit.template [3ms]
2024-09-15 23:08:25.660 [info] > git for-each-ref --format=%(refname)%00%(upstream:short)%00%(objectname)%00%(upstream:track)%00%(upstream:remotename)%00%(upstream:remoteref) refs/heads/main refs/remotes/main [1ms]
2024-09-15 23:08:25.712 [info] > git status -z -uall [51ms]
2024-09-15 23:08:25.718 [info] > git for-each-ref --format=%(refname)%00%(upstream:short)%00%(objectname)%00%(upstream:track)%00%(upstream:remotename)%00%(upstream:remoteref) refs/heads/main refs/remotes/main [4ms]
2024-09-15 23:08:25.720 [info] > git config --local branch.main.vscode-merge-base [1ms]
2024-09-15 23:08:25.720 [warning] [Git][config] git config failed: Failed to execute git
2024-09-15 23:08:25.723 [info] > git reflog main --grep-reflog=branch: Created from *. [2ms]
2024-09-15 23:08:25.726 [info] > git symbolic-ref --short refs/remotes/origin/HEAD [2ms]
2024-09-15 23:08:25.726 [info] fatal: ref refs/remotes/origin/HEAD is not a symbolic ref
2024-09-15 23:08:30.720 [info] > git config --get commit.template [3ms]
2024-09-15 23:08:30.722 [info] > git for-each-ref --format=%(refname)%00%(upstream:short)%00%(objectname)%00%(upstream:track)%00%(upstream:remotename)%00%(upstream:remoteref) refs/heads/main refs/remotes/main [2ms]
2024-09-15 23:08:30.774 [info] > git status -z -uall [51ms]
2024-09-15 23:08:30.779 [info] > git for-each-ref --format=%(refname)%00%(upstream:short)%00%(objectname)%00%(upstream:track)%00%(upstream:remotename)%00%(upstream:remoteref) refs/heads/main refs/remotes/main [2ms]
2024-09-15 23:08:30.781 [info] > git config --local branch.main.vscode-merge-base [1ms]
2024-09-15 23:08:30.782 [warning] [Git][config] git config failed: Failed to execute git
2024-09-15 23:08:30.785 [info] > git reflog main --grep-reflog=branch: Created from *. [2ms]
2024-09-15 23:08:30.788 [info] > git symbolic-ref --short refs/remotes/origin/HEAD [1ms]
2024-09-15 23:08:30.788 [info] fatal: ref refs/remotes/origin/HEAD is not a symbolic ref
2024-09-15 23:08:35.784 [info] > git config --get commit.template [4ms]
2024-09-15 23:08:35.785 [info] > git for-each-ref --format=%(refname)%00%(upstream:short)%00%(objectname)%00%(upstream:track)%00%(upstream:remotename)%00%(upstream:remoteref) refs/heads/main refs/remotes/main [2ms]
2024-09-15 23:08:35.837 [info] > git status -z -uall [51ms]
2024-09-15 23:08:35.851 [info] > git for-each-ref --format=%(refname)%00%(upstream:short)%00%(objectname)%00%(upstream:track)%00%(upstream:remotename)%00%(upstream:remoteref) refs/heads/main refs/remotes/main [12ms]
2024-09-15 23:08:35.855 [info] > git config --local branch.main.vscode-merge-base [2ms]
2024-09-15 23:08:35.855 [warning] [Git][config] git config failed: Failed to execute git
2024-09-15 23:08:35.858 [info] > git reflog main --grep-reflog=branch: Created from *. [2ms]
2024-09-15 23:08:35.861 [info] > git symbolic-ref --short refs/remotes/origin/HEAD [1ms]
2024-09-15 23:08:35.861 [info] fatal: ref refs/remotes/origin/HEAD is not a symbolic ref
2024-09-15 23:08:40.845 [info] > git config --get commit.template [3ms]
2024-09-15 23:08:40.847 [info] > git for-each-ref --format=%(refname)%00%(upstream:short)%00%(objectname)%00%(upstream:track)%00%(upstream:remotename)%00%(upstream:remoteref) refs/heads/main refs/remotes/main [2ms]
2024-09-15 23:08:40.899 [info] > git status -z -uall [51ms]
2024-09-15 23:08:40.905 [info] > git for-each-ref --format=%(refname)%00%(upstream:short)%00%(objectname)%00%(upstream:track)%00%(upstream:remotename)%00%(upstream:remoteref) refs/heads/main refs/remotes/main [3ms]
2024-09-15 23:08:40.907 [info] > git config --local branch.main.vscode-merge-base [1ms]
2024-09-15 23:08:40.907 [warning] [Git][config] git config failed: Failed to execute git
2024-09-15 23:08:40.910 [info] > git reflog main --grep-reflog=branch: Created from *. [1ms]
2024-09-15 23:08:40.913 [info] > git symbolic-ref --short refs/remotes/origin/HEAD [2ms]
2024-09-15 23:08:40.913 [info] fatal: ref refs/remotes/origin/HEAD is not a symbolic ref
2024-09-15 23:08:45.908 [info] > git config --get commit.template [3ms]
2024-09-15 23:08:45.910 [info] > git for-each-ref --format=%(refname)%00%(upstream:short)%00%(objectname)%00%(upstream:track)%00%(upstream:remotename)%00%(upstream:remoteref) refs/heads/main refs/remotes/main [2ms]
2024-09-15 23:08:45.962 [info] > git status -z -uall [50ms]
2024-09-15 23:08:45.967 [info] > git for-each-ref --format=%(refname)%00%(upstream:short)%00%(objectname)%00%(upstream:track)%00%(upstream:remotename)%00%(upstream:remoteref) refs/heads/main refs/remotes/main [3ms]
2024-09-15 23:08:45.970 [info] > git config --local branch.main.vscode-merge-base [1ms]
2024-09-15 23:08:45.970 [warning] [Git][config] git config failed: Failed to execute git
2024-09-15 23:08:45.973 [info] > git reflog main --grep-reflog=branch: Created from *. [2ms]
2024-09-15 23:08:45.980 [info] > git symbolic-ref --short refs/remotes/origin/HEAD [6ms]
2024-09-15 23:08:45.980 [info] fatal: ref refs/remotes/origin/HEAD is not a symbolic ref
2024-09-15 23:08:50.972 [info] > git config --get commit.template [2ms]
2024-09-15 23:08:50.976 [info] > git for-each-ref --format=%(refname)%00%(upstream:short)%00%(objectname)%00%(upstream:track)%00%(upstream:remotename)%00%(upstream:remoteref) refs/heads/main refs/remotes/main [5ms]
2024-09-15 23:08:51.028 [info] > git status -z -uall [51ms]
2024-09-15 23:08:51.033 [info] > git for-each-ref --format=%(refname)%00%(upstream:short)%00%(objectname)%00%(upstream:track)%00%(upstream:remotename)%00%(upstream:remoteref) refs/heads/main refs/remotes/main [2ms]
2024-09-15 23:08:51.036 [info] > git config --local branch.main.vscode-merge-base [1ms]
2024-09-15 23:08:51.036 [warning] [Git][config] git config failed: Failed to execute git
2024-09-15 23:08:51.039 [info] > git reflog main --grep-reflog=branch: Created from *. [2ms]
2024-09-15 23:08:51.042 [info] > git symbolic-ref --short refs/remotes/origin/HEAD [2ms]
2024-09-15 23:08:51.042 [info] fatal: ref refs/remotes/origin/HEAD is not a symbolic ref
2024-09-15 23:08:56.037 [info] > git config --get commit.template [2ms]
2024-09-15 23:08:56.039 [info] > git for-each-ref --format=%(refname)%00%(upstream:short)%00%(objectname)%00%(upstream:track)%00%(upstream:remotename)%00%(upstream:remoteref) refs/heads/main refs/remotes/main [2ms]
2024-09-15 23:08:56.091 [info] > git status -z -uall [51ms]
2024-09-15 23:08:56.096 [info] > git for-each-ref --format=%(refname)%00%(upstream:short)%00%(objectname)%00%(upstream:track)%00%(upstream:remotename)%00%(upstream:remoteref) refs/heads/main refs/remotes/main [3ms]
2024-09-15 23:08:56.099 [info] > git config --local branch.main.vscode-merge-base [2ms]
2024-09-15 23:08:56.099 [warning] [Git][config] git config failed: Failed to execute git
2024-09-15 23:08:56.102 [info] > git reflog main --grep-reflog=branch: Created from *. [2ms]
2024-09-15 23:08:56.105 [info] > git symbolic-ref --short refs/remotes/origin/HEAD [2ms]
2024-09-15 23:08:56.105 [info] fatal: ref refs/remotes/origin/HEAD is not a symbolic ref
2024-09-15 23:09:01.100 [info] > git config --get commit.template [2ms]
2024-09-15 23:09:01.102 [info] > git for-each-ref --format=%(refname)%00%(upstream:short)%00%(objectname)%00%(upstream:track)%00%(upstream:remotename)%00%(upstream:remoteref) refs/heads/main refs/remotes/main [2ms]
2024-09-15 23:09:01.155 [info] > git status -z -uall [52ms]
2024-09-15 23:09:01.160 [info] > git for-each-ref --format=%(refname)%00%(upstream:short)%00%(objectname)%00%(upstream:track)%00%(upstream:remotename)%00%(upstream:remoteref) refs/heads/main refs/remotes/main [3ms]
2024-09-15 23:09:01.163 [info] > git config --local branch.main.vscode-merge-base [1ms]
2024-09-15 23:09:01.163 [warning] [Git][config] git config failed: Failed to execute git
2024-09-15 23:09:01.166 [info] > git reflog main --grep-reflog=branch: Created from *. [2ms]
2024-09-15 23:09:01.170 [info] > git symbolic-ref --short refs/remotes/origin/HEAD [3ms]
2024-09-15 23:09:01.170 [info] fatal: ref refs/remotes/origin/HEAD is not a symbolic ref
2024-09-15 23:09:06.163 [info] > git config --get commit.template [3ms]
2024-09-15 23:09:06.165 [info] > git for-each-ref --format=%(refname)%00%(upstream:short)%00%(objectname)%00%(upstream:track)%00%(upstream:remotename)%00%(upstream:remoteref) refs/heads/main refs/remotes/main [1ms]
2024-09-15 23:09:06.217 [info] > git status -z -uall [50ms]
2024-09-15 23:09:06.222 [info] > git for-each-ref --format=%(refname)%00%(upstream:short)%00%(objectname)%00%(upstream:track)%00%(upstream:remotename)%00%(upstream:remoteref) refs/heads/main refs/remotes/main [2ms]
2024-09-15 23:09:06.224 [info] > git config --local branch.main.vscode-merge-base [1ms]
2024-09-15 23:09:06.224 [warning] [Git][config] git config failed: Failed to execute git
2024-09-15 23:09:06.230 [info] > git reflog main --grep-reflog=branch: Created from *. [3ms]
2024-09-15 23:09:06.232 [info] > git symbolic-ref --short refs/remotes/origin/HEAD [1ms]
2024-09-15 23:09:06.232 [info] fatal: ref refs/remotes/origin/HEAD is not a symbolic ref
2024-09-15 23:09:11.226 [info] > git config --get commit.template [3ms]
2024-09-15 23:09:11.228 [info] > git for-each-ref --format=%(refname)%00%(upstream:short)%00%(objectname)%00%(upstream:track)%00%(upstream:remotename)%00%(upstream:remoteref) refs/heads/main refs/remotes/main [2ms]
2024-09-15 23:09:11.281 [info] > git status -z -uall [52ms]
2024-09-15 23:09:11.292 [info] > git for-each-ref --format=%(refname)%00%(upstream:short)%00%(objectname)%00%(upstream:track)%00%(upstream:remotename)%00%(upstream:remoteref) refs/heads/main refs/remotes/main [8ms]
2024-09-15 23:09:11.295 [info] > git config --local branch.main.vscode-merge-base [2ms]
2024-09-15 23:09:11.295 [warning] [Git][config] git config failed: Failed to execute git
2024-09-15 23:09:11.298 [info] > git reflog main --grep-reflog=branch: Created from *. [2ms]
2024-09-15 23:09:11.300 [info] > git symbolic-ref --short refs/remotes/origin/HEAD [1ms]
2024-09-15 23:09:11.300 [info] fatal: ref refs/remotes/origin/HEAD is not a symbolic ref
