2024-09-15 23:51:40.461 [info] [main] Log level: Info
2024-09-15 23:51:40.461 [info] [main] Validating found git in: "git"
2024-09-15 23:51:40.461 [info] [main] Using git "2.40.1" from "git"
2024-09-15 23:51:40.461 [info] [Model][doInitialScan] Initial repository scan started
2024-09-15 23:51:40.462 [info] > git rev-parse --show-toplevel [16ms]
2024-09-15 23:51:40.462 [info] > git rev-parse --git-dir --git-common-dir [2ms]
2024-09-15 23:51:40.462 [info] [Model][openRepository] Opened repository: /home/ec2-user
2024-09-15 23:51:40.462 [info] > git config --get commit.template [6ms]
2024-09-15 23:51:40.462 [info] > git rev-parse --show-toplevel [9ms]
2024-09-15 23:51:40.462 [info] > git rev-parse --show-toplevel [1ms]
2024-09-15 23:51:40.462 [info] > git for-each-ref --format=%(refname)%00%(upstream:short)%00%(objectname)%00%(upstream:track)%00%(upstream:remotename)%00%(upstream:remoteref) refs/heads/main refs/remotes/main [8ms]
2024-09-15 23:51:40.462 [info] > git rev-parse --show-toplevel [4ms]
2024-09-15 23:51:40.462 [info] > git rev-parse --show-toplevel [1ms]
2024-09-15 23:51:40.462 [info] > git rev-parse --show-toplevel [1ms]
2024-09-15 23:51:40.462 [info] > git rev-parse --show-toplevel [2ms]
2024-09-15 23:51:40.462 [info] > git rev-parse --show-toplevel [2ms]
2024-09-15 23:51:40.462 [info] [Model][doInitialScan] Initial repository scan completed - repositories (1), closed repositories (0), parent repositories (0), unsafe repositories (0)
2024-09-15 23:51:40.462 [info] > git status -z -uall [121ms]
2024-09-15 23:51:40.462 [info] > git for-each-ref --format=%(refname)%00%(upstream:short)%00%(objectname)%00%(upstream:track)%00%(upstream:remotename)%00%(upstream:remoteref) refs/heads/main refs/remotes/main [15ms]
2024-09-15 23:51:40.462 [info] > git config --get commit.template [3ms]
2024-09-15 23:51:40.463 [info] > git config --local branch.main.vscode-merge-base [4ms]
2024-09-15 23:51:40.463 [warning] [Git][config] git config failed: Failed to execute git
2024-09-15 23:51:40.463 [info] > git for-each-ref --format=%(refname)%00%(upstream:short)%00%(objectname)%00%(upstream:track)%00%(upstream:remotename)%00%(upstream:remoteref) refs/heads/main refs/remotes/main [4ms]
2024-09-15 23:51:40.463 [info] > git reflog main --grep-reflog=branch: Created from *. [22ms]
2024-09-15 23:51:40.463 [info] > git symbolic-ref --short refs/remotes/origin/HEAD [13ms]
2024-09-15 23:51:40.463 [info] fatal: ref refs/remotes/origin/HEAD is not a symbolic ref
2024-09-15 23:51:40.463 [info] > git status -z -uall [110ms]
2024-09-15 23:51:40.463 [info] > git for-each-ref --format=%(refname)%00%(upstream:short)%00%(objectname)%00%(upstream:track)%00%(upstream:remotename)%00%(upstream:remoteref) refs/heads/main refs/remotes/main [6ms]
2024-09-15 23:51:40.463 [info] > git config --local branch.main.vscode-merge-base [1ms]
2024-09-15 23:51:40.463 [warning] [Git][config] git config failed: Failed to execute git
2024-09-15 23:51:40.463 [info] > git reflog main --grep-reflog=branch: Created from *. [2ms]
2024-09-15 23:51:40.463 [info] > git symbolic-ref --short refs/remotes/origin/HEAD [2ms]
2024-09-15 23:51:40.463 [info] fatal: ref refs/remotes/origin/HEAD is not a symbolic ref
2024-09-15 23:51:41.345 [info] > git config --get commit.template [2ms]
2024-09-15 23:51:41.347 [info] > git for-each-ref --format=%(refname)%00%(upstream:short)%00%(objectname)%00%(upstream:track)%00%(upstream:remotename)%00%(upstream:remoteref) refs/heads/main refs/remotes/main [3ms]
2024-09-15 23:51:41.421 [info] > git status -z -uall [73ms]
2024-09-15 23:51:41.427 [info] > git for-each-ref --format=%(refname)%00%(upstream:short)%00%(objectname)%00%(upstream:track)%00%(upstream:remotename)%00%(upstream:remoteref) refs/heads/main refs/remotes/main [3ms]
2024-09-15 23:51:41.431 [info] > git config --local branch.main.vscode-merge-base [2ms]
2024-09-15 23:51:41.431 [warning] [Git][config] git config failed: Failed to execute git
2024-09-15 23:51:41.436 [info] > git reflog main --grep-reflog=branch: Created from *. [2ms]
2024-09-15 23:51:41.438 [info] > git symbolic-ref --short refs/remotes/origin/HEAD [1ms]
2024-09-15 23:51:41.438 [info] fatal: ref refs/remotes/origin/HEAD is not a symbolic ref
2024-09-15 23:51:41.878 [info] > git check-ignore -v -z --stdin [11ms]
2024-09-15 23:51:46.432 [info] > git config --get commit.template [3ms]
2024-09-15 23:51:46.434 [info] > git for-each-ref --format=%(refname)%00%(upstream:short)%00%(objectname)%00%(upstream:track)%00%(upstream:remotename)%00%(upstream:remoteref) refs/heads/main refs/remotes/main [2ms]
2024-09-15 23:51:46.523 [info] > git status -z -uall [88ms]
2024-09-15 23:51:46.531 [info] > git for-each-ref --format=%(refname)%00%(upstream:short)%00%(objectname)%00%(upstream:track)%00%(upstream:remotename)%00%(upstream:remoteref) refs/heads/main refs/remotes/main [4ms]
2024-09-15 23:51:46.534 [info] > git config --local branch.main.vscode-merge-base [2ms]
2024-09-15 23:51:46.535 [warning] [Git][config] git config failed: Failed to execute git
2024-09-15 23:51:46.538 [info] > git reflog main --grep-reflog=branch: Created from *. [2ms]
2024-09-15 23:51:46.540 [info] > git symbolic-ref --short refs/remotes/origin/HEAD [1ms]
2024-09-15 23:51:46.540 [info] fatal: ref refs/remotes/origin/HEAD is not a symbolic ref
2024-09-15 23:51:51.535 [info] > git config --get commit.template [4ms]
2024-09-15 23:51:51.536 [info] > git for-each-ref --format=%(refname)%00%(upstream:short)%00%(objectname)%00%(upstream:track)%00%(upstream:remotename)%00%(upstream:remoteref) refs/heads/main refs/remotes/main [2ms]
2024-09-15 23:51:51.603 [info] > git status -z -uall [65ms]
2024-09-15 23:51:51.611 [info] > git for-each-ref --format=%(refname)%00%(upstream:short)%00%(objectname)%00%(upstream:track)%00%(upstream:remotename)%00%(upstream:remoteref) refs/heads/main refs/remotes/main [6ms]
2024-09-15 23:51:51.617 [info] > git config --local branch.main.vscode-merge-base [2ms]
2024-09-15 23:51:51.617 [warning] [Git][config] git config failed: Failed to execute git
2024-09-15 23:51:51.621 [info] > git reflog main --grep-reflog=branch: Created from *. [3ms]
2024-09-15 23:51:51.624 [info] > git symbolic-ref --short refs/remotes/origin/HEAD [2ms]
2024-09-15 23:51:51.624 [info] fatal: ref refs/remotes/origin/HEAD is not a symbolic ref
2024-09-15 23:51:56.614 [info] > git config --get commit.template [4ms]
2024-09-15 23:51:56.616 [info] > git for-each-ref --format=%(refname)%00%(upstream:short)%00%(objectname)%00%(upstream:track)%00%(upstream:remotename)%00%(upstream:remoteref) refs/heads/main refs/remotes/main [2ms]
2024-09-15 23:51:56.683 [info] > git status -z -uall [66ms]
2024-09-15 23:51:56.690 [info] > git for-each-ref --format=%(refname)%00%(upstream:short)%00%(objectname)%00%(upstream:track)%00%(upstream:remotename)%00%(upstream:remoteref) refs/heads/main refs/remotes/main [2ms]
2024-09-15 23:51:56.694 [info] > git config --local branch.main.vscode-merge-base [3ms]
2024-09-15 23:51:56.694 [warning] [Git][config] git config failed: Failed to execute git
2024-09-15 23:51:56.698 [info] > git reflog main --grep-reflog=branch: Created from *. [2ms]
2024-09-15 23:51:56.701 [info] > git symbolic-ref --short refs/remotes/origin/HEAD [2ms]
2024-09-15 23:51:56.701 [info] fatal: ref refs/remotes/origin/HEAD is not a symbolic ref
2024-09-15 23:52:01.695 [info] > git config --get commit.template [3ms]
2024-09-15 23:52:01.698 [info] > git for-each-ref --format=%(refname)%00%(upstream:short)%00%(objectname)%00%(upstream:track)%00%(upstream:remotename)%00%(upstream:remoteref) refs/heads/main refs/remotes/main [1ms]
2024-09-15 23:52:01.766 [info] > git status -z -uall [67ms]
2024-09-15 23:52:01.777 [info] > git for-each-ref --format=%(refname)%00%(upstream:short)%00%(objectname)%00%(upstream:track)%00%(upstream:remotename)%00%(upstream:remoteref) refs/heads/main refs/remotes/main [7ms]
2024-09-15 23:52:01.780 [info] > git config --local branch.main.vscode-merge-base [2ms]
2024-09-15 23:52:01.781 [warning] [Git][config] git config failed: Failed to execute git
2024-09-15 23:52:01.784 [info] > git reflog main --grep-reflog=branch: Created from *. [2ms]
2024-09-15 23:52:01.787 [info] > git symbolic-ref --short refs/remotes/origin/HEAD [1ms]
2024-09-15 23:52:01.787 [info] fatal: ref refs/remotes/origin/HEAD is not a symbolic ref
2024-09-15 23:52:06.779 [info] > git config --get commit.template [4ms]
2024-09-15 23:52:06.780 [info] > git for-each-ref --format=%(refname)%00%(upstream:short)%00%(objectname)%00%(upstream:track)%00%(upstream:remotename)%00%(upstream:remoteref) refs/heads/main refs/remotes/main [2ms]
2024-09-15 23:52:06.854 [info] > git status -z -uall [72ms]
2024-09-15 23:52:06.862 [info] > git for-each-ref --format=%(refname)%00%(upstream:short)%00%(objectname)%00%(upstream:track)%00%(upstream:remotename)%00%(upstream:remoteref) refs/heads/main refs/remotes/main [3ms]
2024-09-15 23:52:06.867 [info] > git config --local branch.main.vscode-merge-base [3ms]
2024-09-15 23:52:06.867 [warning] [Git][config] git config failed: Failed to execute git
2024-09-15 23:52:06.873 [info] > git reflog main --grep-reflog=branch: Created from *. [3ms]
2024-09-15 23:52:06.875 [info] > git symbolic-ref --short refs/remotes/origin/HEAD [1ms]
2024-09-15 23:52:06.875 [info] fatal: ref refs/remotes/origin/HEAD is not a symbolic ref
2024-09-15 23:52:11.866 [info] > git config --get commit.template [4ms]
2024-09-15 23:52:11.870 [info] > git for-each-ref --format=%(refname)%00%(upstream:short)%00%(objectname)%00%(upstream:track)%00%(upstream:remotename)%00%(upstream:remoteref) refs/heads/main refs/remotes/main [5ms]
2024-09-15 23:52:11.935 [info] > git status -z -uall [64ms]
2024-09-15 23:52:11.942 [info] > git for-each-ref --format=%(refname)%00%(upstream:short)%00%(objectname)%00%(upstream:track)%00%(upstream:remotename)%00%(upstream:remoteref) refs/heads/main refs/remotes/main [4ms]
2024-09-15 23:52:11.946 [info] > git config --local branch.main.vscode-merge-base [2ms]
2024-09-15 23:52:11.946 [warning] [Git][config] git config failed: Failed to execute git
2024-09-15 23:52:11.950 [info] > git reflog main --grep-reflog=branch: Created from *. [3ms]
2024-09-15 23:52:11.953 [info] > git symbolic-ref --short refs/remotes/origin/HEAD [1ms]
2024-09-15 23:52:11.953 [info] fatal: ref refs/remotes/origin/HEAD is not a symbolic ref
2024-09-15 23:52:16.948 [info] > git config --get commit.template [4ms]
2024-09-15 23:52:16.950 [info] > git for-each-ref --format=%(refname)%00%(upstream:short)%00%(objectname)%00%(upstream:track)%00%(upstream:remotename)%00%(upstream:remoteref) refs/heads/main refs/remotes/main [3ms]
2024-09-15 23:52:17.018 [info] > git status -z -uall [66ms]
2024-09-15 23:52:17.023 [info] > git for-each-ref --format=%(refname)%00%(upstream:short)%00%(objectname)%00%(upstream:track)%00%(upstream:remotename)%00%(upstream:remoteref) refs/heads/main refs/remotes/main [3ms]
2024-09-15 23:52:17.027 [info] > git config --local branch.main.vscode-merge-base [1ms]
2024-09-15 23:52:17.027 [warning] [Git][config] git config failed: Failed to execute git
2024-09-15 23:52:17.032 [info] > git reflog main --grep-reflog=branch: Created from *. [4ms]
2024-09-15 23:52:17.035 [info] > git symbolic-ref --short refs/remotes/origin/HEAD [2ms]
2024-09-15 23:52:17.035 [info] fatal: ref refs/remotes/origin/HEAD is not a symbolic ref
2024-09-15 23:52:22.031 [info] > git config --get commit.template [3ms]
2024-09-15 23:52:22.034 [info] > git for-each-ref --format=%(refname)%00%(upstream:short)%00%(objectname)%00%(upstream:track)%00%(upstream:remotename)%00%(upstream:remoteref) refs/heads/main refs/remotes/main [3ms]
2024-09-15 23:52:22.099 [info] > git status -z -uall [64ms]
2024-09-15 23:52:22.110 [info] > git for-each-ref --format=%(refname)%00%(upstream:short)%00%(objectname)%00%(upstream:track)%00%(upstream:remotename)%00%(upstream:remoteref) refs/heads/main refs/remotes/main [7ms]
2024-09-15 23:52:22.112 [info] > git config --local branch.main.vscode-merge-base [1ms]
2024-09-15 23:52:22.112 [warning] [Git][config] git config failed: Failed to execute git
2024-09-15 23:52:22.117 [info] > git reflog main --grep-reflog=branch: Created from *. [2ms]
2024-09-15 23:52:22.119 [info] > git symbolic-ref --short refs/remotes/origin/HEAD [1ms]
2024-09-15 23:52:22.119 [info] fatal: ref refs/remotes/origin/HEAD is not a symbolic ref
2024-09-15 23:52:27.113 [info] > git config --get commit.template [6ms]
2024-09-15 23:52:27.114 [info] > git for-each-ref --format=%(refname)%00%(upstream:short)%00%(objectname)%00%(upstream:track)%00%(upstream:remotename)%00%(upstream:remoteref) refs/heads/main refs/remotes/main [1ms]
2024-09-15 23:52:27.182 [info] > git status -z -uall [66ms]
2024-09-15 23:52:27.187 [info] > git for-each-ref --format=%(refname)%00%(upstream:short)%00%(objectname)%00%(upstream:track)%00%(upstream:remotename)%00%(upstream:remoteref) refs/heads/main refs/remotes/main [3ms]
2024-09-15 23:52:27.192 [info] > git config --local branch.main.vscode-merge-base [2ms]
2024-09-15 23:52:27.192 [warning] [Git][config] git config failed: Failed to execute git
2024-09-15 23:52:27.196 [info] > git reflog main --grep-reflog=branch: Created from *. [3ms]
2024-09-15 23:52:27.199 [info] > git symbolic-ref --short refs/remotes/origin/HEAD [2ms]
2024-09-15 23:52:27.199 [info] fatal: ref refs/remotes/origin/HEAD is not a symbolic ref
2024-09-15 23:52:32.193 [info] > git config --get commit.template [3ms]
2024-09-15 23:52:32.194 [info] > git for-each-ref --format=%(refname)%00%(upstream:short)%00%(objectname)%00%(upstream:track)%00%(upstream:remotename)%00%(upstream:remoteref) refs/heads/main refs/remotes/main [2ms]
2024-09-15 23:52:32.262 [info] > git status -z -uall [67ms]
2024-09-15 23:52:32.269 [info] > git for-each-ref --format=%(refname)%00%(upstream:short)%00%(objectname)%00%(upstream:track)%00%(upstream:remotename)%00%(upstream:remoteref) refs/heads/main refs/remotes/main [4ms]
2024-09-15 23:52:32.275 [info] > git config --local branch.main.vscode-merge-base [4ms]
2024-09-15 23:52:32.276 [warning] [Git][config] git config failed: Failed to execute git
2024-09-15 23:52:32.282 [info] > git reflog main --grep-reflog=branch: Created from *. [3ms]
2024-09-15 23:52:32.284 [info] > git symbolic-ref --short refs/remotes/origin/HEAD [1ms]
2024-09-15 23:52:32.284 [info] fatal: ref refs/remotes/origin/HEAD is not a symbolic ref
2024-09-15 23:52:37.274 [info] > git config --get commit.template [4ms]
2024-09-15 23:52:37.280 [info] > git for-each-ref --format=%(refname)%00%(upstream:short)%00%(objectname)%00%(upstream:track)%00%(upstream:remotename)%00%(upstream:remoteref) refs/heads/main refs/remotes/main [6ms]
2024-09-15 23:52:37.347 [info] > git status -z -uall [65ms]
2024-09-15 23:52:37.360 [info] > git for-each-ref --format=%(refname)%00%(upstream:short)%00%(objectname)%00%(upstream:track)%00%(upstream:remotename)%00%(upstream:remoteref) refs/heads/main refs/remotes/main [8ms]
2024-09-15 23:52:37.363 [info] > git config --local branch.main.vscode-merge-base [1ms]
2024-09-15 23:52:37.363 [warning] [Git][config] git config failed: Failed to execute git
2024-09-15 23:52:37.368 [info] > git reflog main --grep-reflog=branch: Created from *. [2ms]
2024-09-15 23:52:37.371 [info] > git symbolic-ref --short refs/remotes/origin/HEAD [1ms]
2024-09-15 23:52:37.371 [info] fatal: ref refs/remotes/origin/HEAD is not a symbolic ref
2024-09-15 23:52:42.362 [info] > git config --get commit.template [5ms]
2024-09-15 23:52:42.363 [info] > git for-each-ref --format=%(refname)%00%(upstream:short)%00%(objectname)%00%(upstream:track)%00%(upstream:remotename)%00%(upstream:remoteref) refs/heads/main refs/remotes/main [2ms]
2024-09-15 23:52:42.430 [info] > git status -z -uall [65ms]
2024-09-15 23:52:42.436 [info] > git for-each-ref --format=%(refname)%00%(upstream:short)%00%(objectname)%00%(upstream:track)%00%(upstream:remotename)%00%(upstream:remoteref) refs/heads/main refs/remotes/main [3ms]
2024-09-15 23:52:42.441 [info] > git config --local branch.main.vscode-merge-base [2ms]
2024-09-15 23:52:42.441 [warning] [Git][config] git config failed: Failed to execute git
2024-09-15 23:52:42.445 [info] > git reflog main --grep-reflog=branch: Created from *. [3ms]
2024-09-15 23:52:42.447 [info] > git symbolic-ref --short refs/remotes/origin/HEAD [1ms]
2024-09-15 23:52:42.447 [info] fatal: ref refs/remotes/origin/HEAD is not a symbolic ref
2024-09-15 23:52:47.439 [info] > git config --get commit.template [2ms]
2024-09-15 23:52:47.442 [info] > git for-each-ref --format=%(refname)%00%(upstream:short)%00%(objectname)%00%(upstream:track)%00%(upstream:remotename)%00%(upstream:remoteref) refs/heads/main refs/remotes/main [3ms]
2024-09-15 23:52:47.508 [info] > git status -z -uall [65ms]
2024-09-15 23:52:47.515 [info] > git for-each-ref --format=%(refname)%00%(upstream:short)%00%(objectname)%00%(upstream:track)%00%(upstream:remotename)%00%(upstream:remoteref) refs/heads/main refs/remotes/main [4ms]
2024-09-15 23:52:47.519 [info] > git config --local branch.main.vscode-merge-base [3ms]
2024-09-15 23:52:47.519 [warning] [Git][config] git config failed: Failed to execute git
2024-09-15 23:52:47.522 [info] > git reflog main --grep-reflog=branch: Created from *. [2ms]
2024-09-15 23:52:47.526 [info] > git symbolic-ref --short refs/remotes/origin/HEAD [3ms]
2024-09-15 23:52:47.526 [info] fatal: ref refs/remotes/origin/HEAD is not a symbolic ref
2024-09-15 23:52:52.519 [info] > git config --get commit.template [4ms]
2024-09-15 23:52:52.521 [info] > git for-each-ref --format=%(refname)%00%(upstream:short)%00%(objectname)%00%(upstream:track)%00%(upstream:remotename)%00%(upstream:remoteref) refs/heads/main refs/remotes/main [2ms]
2024-09-15 23:52:52.588 [info] > git status -z -uall [65ms]
2024-09-15 23:52:52.597 [info] > git for-each-ref --format=%(refname)%00%(upstream:short)%00%(objectname)%00%(upstream:track)%00%(upstream:remotename)%00%(upstream:remoteref) refs/heads/main refs/remotes/main [6ms]
2024-09-15 23:52:52.600 [info] > git config --local branch.main.vscode-merge-base [2ms]
2024-09-15 23:52:52.600 [warning] [Git][config] git config failed: Failed to execute git
2024-09-15 23:52:52.604 [info] > git reflog main --grep-reflog=branch: Created from *. [2ms]
2024-09-15 23:52:52.611 [info] > git symbolic-ref --short refs/remotes/origin/HEAD [3ms]
2024-09-15 23:52:52.611 [info] fatal: ref refs/remotes/origin/HEAD is not a symbolic ref
2024-09-15 23:52:57.600 [info] > git config --get commit.template [4ms]
2024-09-15 23:52:57.602 [info] > git for-each-ref --format=%(refname)%00%(upstream:short)%00%(objectname)%00%(upstream:track)%00%(upstream:remotename)%00%(upstream:remoteref) refs/heads/main refs/remotes/main [3ms]
2024-09-15 23:52:57.668 [info] > git status -z -uall [65ms]
2024-09-15 23:52:57.677 [info] > git for-each-ref --format=%(refname)%00%(upstream:short)%00%(objectname)%00%(upstream:track)%00%(upstream:remotename)%00%(upstream:remoteref) refs/heads/main refs/remotes/main [4ms]
2024-09-15 23:52:57.681 [info] > git config --local branch.main.vscode-merge-base [2ms]
2024-09-15 23:52:57.681 [warning] [Git][config] git config failed: Failed to execute git
2024-09-15 23:52:57.686 [info] > git reflog main --grep-reflog=branch: Created from *. [4ms]
2024-09-15 23:52:57.689 [info] > git symbolic-ref --short refs/remotes/origin/HEAD [2ms]
2024-09-15 23:52:57.689 [info] fatal: ref refs/remotes/origin/HEAD is not a symbolic ref
2024-09-15 23:53:02.681 [info] > git config --get commit.template [4ms]
2024-09-15 23:53:02.683 [info] > git for-each-ref --format=%(refname)%00%(upstream:short)%00%(objectname)%00%(upstream:track)%00%(upstream:remotename)%00%(upstream:remoteref) refs/heads/main refs/remotes/main [3ms]
2024-09-15 23:53:02.760 [info] > git status -z -uall [76ms]
2024-09-15 23:53:02.768 [info] > git for-each-ref --format=%(refname)%00%(upstream:short)%00%(objectname)%00%(upstream:track)%00%(upstream:remotename)%00%(upstream:remoteref) refs/heads/main refs/remotes/main [4ms]
2024-09-15 23:53:02.776 [info] > git config --local branch.main.vscode-merge-base [6ms]
2024-09-15 23:53:02.777 [warning] [Git][config] git config failed: Failed to execute git
2024-09-15 23:53:02.780 [info] > git reflog main --grep-reflog=branch: Created from *. [2ms]
2024-09-15 23:53:02.783 [info] > git symbolic-ref --short refs/remotes/origin/HEAD [1ms]
2024-09-15 23:53:02.784 [info] fatal: ref refs/remotes/origin/HEAD is not a symbolic ref
2024-09-15 23:53:07.773 [info] > git config --get commit.template [5ms]
2024-09-15 23:53:07.775 [info] > git for-each-ref --format=%(refname)%00%(upstream:short)%00%(objectname)%00%(upstream:track)%00%(upstream:remotename)%00%(upstream:remoteref) refs/heads/main refs/remotes/main [3ms]
2024-09-15 23:53:07.847 [info] > git status -z -uall [71ms]
2024-09-15 23:53:07.854 [info] > git for-each-ref --format=%(refname)%00%(upstream:short)%00%(objectname)%00%(upstream:track)%00%(upstream:remotename)%00%(upstream:remoteref) refs/heads/main refs/remotes/main [3ms]
2024-09-15 23:53:07.858 [info] > git config --local branch.main.vscode-merge-base [2ms]
2024-09-15 23:53:07.858 [warning] [Git][config] git config failed: Failed to execute git
2024-09-15 23:53:07.862 [info] > git reflog main --grep-reflog=branch: Created from *. [3ms]
2024-09-15 23:53:07.864 [info] > git symbolic-ref --short refs/remotes/origin/HEAD [1ms]
2024-09-15 23:53:07.864 [info] fatal: ref refs/remotes/origin/HEAD is not a symbolic ref
2024-09-15 23:53:12.858 [info] > git config --get commit.template [4ms]
2024-09-15 23:53:12.859 [info] > git for-each-ref --format=%(refname)%00%(upstream:short)%00%(objectname)%00%(upstream:track)%00%(upstream:remotename)%00%(upstream:remoteref) refs/heads/main refs/remotes/main [2ms]
2024-09-15 23:53:12.933 [info] > git status -z -uall [69ms]
2024-09-15 23:53:12.939 [info] > git for-each-ref --format=%(refname)%00%(upstream:short)%00%(objectname)%00%(upstream:track)%00%(upstream:remotename)%00%(upstream:remoteref) refs/heads/main refs/remotes/main [4ms]
2024-09-15 23:53:12.943 [info] > git config --local branch.main.vscode-merge-base [2ms]
2024-09-15 23:53:12.943 [warning] [Git][config] git config failed: Failed to execute git
2024-09-15 23:53:12.948 [info] > git reflog main --grep-reflog=branch: Created from *. [3ms]
2024-09-15 23:53:12.950 [info] > git symbolic-ref --short refs/remotes/origin/HEAD [1ms]
2024-09-15 23:53:12.950 [info] fatal: ref refs/remotes/origin/HEAD is not a symbolic ref
2024-09-15 23:53:17.944 [info] > git config --get commit.template [5ms]
2024-09-15 23:53:17.947 [info] > git for-each-ref --format=%(refname)%00%(upstream:short)%00%(objectname)%00%(upstream:track)%00%(upstream:remotename)%00%(upstream:remoteref) refs/heads/main refs/remotes/main [4ms]
2024-09-15 23:53:18.014 [info] > git status -z -uall [66ms]
2024-09-15 23:53:18.020 [info] > git for-each-ref --format=%(refname)%00%(upstream:short)%00%(objectname)%00%(upstream:track)%00%(upstream:remotename)%00%(upstream:remoteref) refs/heads/main refs/remotes/main [4ms]
2024-09-15 23:53:18.023 [info] > git config --local branch.main.vscode-merge-base [2ms]
2024-09-15 23:53:18.023 [warning] [Git][config] git config failed: Failed to execute git
2024-09-15 23:53:18.028 [info] > git reflog main --grep-reflog=branch: Created from *. [2ms]
2024-09-15 23:53:18.030 [info] > git symbolic-ref --short refs/remotes/origin/HEAD [1ms]
2024-09-15 23:53:18.030 [info] fatal: ref refs/remotes/origin/HEAD is not a symbolic ref
2024-09-15 23:53:23.023 [info] > git config --get commit.template [3ms]
2024-09-15 23:53:23.025 [info] > git for-each-ref --format=%(refname)%00%(upstream:short)%00%(objectname)%00%(upstream:track)%00%(upstream:remotename)%00%(upstream:remoteref) refs/heads/main refs/remotes/main [2ms]
2024-09-15 23:53:23.092 [info] > git status -z -uall [65ms]
2024-09-15 23:53:23.100 [info] > git for-each-ref --format=%(refname)%00%(upstream:short)%00%(objectname)%00%(upstream:track)%00%(upstream:remotename)%00%(upstream:remoteref) refs/heads/main refs/remotes/main [4ms]
2024-09-15 23:53:23.104 [info] > git config --local branch.main.vscode-merge-base [1ms]
2024-09-15 23:53:23.104 [warning] [Git][config] git config failed: Failed to execute git
2024-09-15 23:53:23.108 [info] > git reflog main --grep-reflog=branch: Created from *. [2ms]
2024-09-15 23:53:23.113 [info] > git symbolic-ref --short refs/remotes/origin/HEAD [1ms]
2024-09-15 23:53:23.113 [info] fatal: ref refs/remotes/origin/HEAD is not a symbolic ref
2024-09-15 23:53:28.107 [info] > git config --get commit.template [5ms]
2024-09-15 23:53:28.109 [info] > git for-each-ref --format=%(refname)%00%(upstream:short)%00%(objectname)%00%(upstream:track)%00%(upstream:remotename)%00%(upstream:remoteref) refs/heads/main refs/remotes/main [2ms]
2024-09-15 23:53:28.176 [info] > git status -z -uall [65ms]
2024-09-15 23:53:28.182 [info] > git for-each-ref --format=%(refname)%00%(upstream:short)%00%(objectname)%00%(upstream:track)%00%(upstream:remotename)%00%(upstream:remoteref) refs/heads/main refs/remotes/main [3ms]
2024-09-15 23:53:28.186 [info] > git config --local branch.main.vscode-merge-base [2ms]
2024-09-15 23:53:28.186 [warning] [Git][config] git config failed: Failed to execute git
2024-09-15 23:53:28.192 [info] > git reflog main --grep-reflog=branch: Created from *. [5ms]
2024-09-15 23:53:28.195 [info] > git symbolic-ref --short refs/remotes/origin/HEAD [1ms]
2024-09-15 23:53:28.195 [info] fatal: ref refs/remotes/origin/HEAD is not a symbolic ref
2024-09-15 23:53:33.186 [info] > git config --get commit.template [4ms]
2024-09-15 23:53:33.188 [info] > git for-each-ref --format=%(refname)%00%(upstream:short)%00%(objectname)%00%(upstream:track)%00%(upstream:remotename)%00%(upstream:remoteref) refs/heads/main refs/remotes/main [2ms]
2024-09-15 23:53:33.258 [info] > git status -z -uall [67ms]
2024-09-15 23:53:33.265 [info] > git for-each-ref --format=%(refname)%00%(upstream:short)%00%(objectname)%00%(upstream:track)%00%(upstream:remotename)%00%(upstream:remoteref) refs/heads/main refs/remotes/main [4ms]
2024-09-15 23:53:33.268 [info] > git config --local branch.main.vscode-merge-base [1ms]
2024-09-15 23:53:33.268 [warning] [Git][config] git config failed: Failed to execute git
2024-09-15 23:53:33.272 [info] > git reflog main --grep-reflog=branch: Created from *. [2ms]
2024-09-15 23:53:33.275 [info] > git symbolic-ref --short refs/remotes/origin/HEAD [1ms]
2024-09-15 23:53:33.275 [info] fatal: ref refs/remotes/origin/HEAD is not a symbolic ref
2024-09-15 23:53:38.268 [info] > git config --get commit.template [4ms]
2024-09-15 23:53:38.270 [info] > git for-each-ref --format=%(refname)%00%(upstream:short)%00%(objectname)%00%(upstream:track)%00%(upstream:remotename)%00%(upstream:remoteref) refs/heads/main refs/remotes/main [3ms]
2024-09-15 23:53:38.335 [info] > git status -z -uall [64ms]
2024-09-15 23:53:38.342 [info] > git for-each-ref --format=%(refname)%00%(upstream:short)%00%(objectname)%00%(upstream:track)%00%(upstream:remotename)%00%(upstream:remoteref) refs/heads/main refs/remotes/main [5ms]
2024-09-15 23:53:38.349 [info] > git config --local branch.main.vscode-merge-base [2ms]
2024-09-15 23:53:38.349 [warning] [Git][config] git config failed: Failed to execute git
2024-09-15 23:53:38.353 [info] > git reflog main --grep-reflog=branch: Created from *. [3ms]
2024-09-15 23:53:38.355 [info] > git symbolic-ref --short refs/remotes/origin/HEAD [1ms]
2024-09-15 23:53:38.355 [info] fatal: ref refs/remotes/origin/HEAD is not a symbolic ref
2024-09-15 23:53:43.344 [info] [Git][getRemotes] No remotes found in the git config file
2024-09-15 23:53:43.344 [info] > git config --get commit.template [3ms]
2024-09-15 23:53:43.346 [info] > git for-each-ref --format=%(refname)%00%(upstream:short)%00%(objectname)%00%(upstream:track)%00%(upstream:remotename)%00%(upstream:remoteref) refs/heads/main refs/remotes/main [2ms]
2024-09-15 23:53:43.412 [info] > git status -z -uall [65ms]
2024-09-15 23:53:43.419 [info] > git for-each-ref --format=%(refname)%00%(upstream:short)%00%(objectname)%00%(upstream:track)%00%(upstream:remotename)%00%(upstream:remoteref) refs/heads/main refs/remotes/main [4ms]
2024-09-15 23:53:43.422 [info] > git config --local branch.main.vscode-merge-base [1ms]
2024-09-15 23:53:43.422 [warning] [Git][config] git config failed: Failed to execute git
2024-09-15 23:53:43.427 [info] > git reflog main --grep-reflog=branch: Created from *. [4ms]
2024-09-15 23:53:43.430 [info] > git symbolic-ref --short refs/remotes/origin/HEAD [2ms]
2024-09-15 23:53:43.430 [info] fatal: ref refs/remotes/origin/HEAD is not a symbolic ref
2024-09-15 23:53:48.424 [info] > git config --get commit.template [3ms]
2024-09-15 23:53:48.427 [info] > git for-each-ref --format=%(refname)%00%(upstream:short)%00%(objectname)%00%(upstream:track)%00%(upstream:remotename)%00%(upstream:remoteref) refs/heads/main refs/remotes/main [3ms]
2024-09-15 23:53:48.494 [info] > git status -z -uall [66ms]
2024-09-15 23:53:48.502 [info] > git for-each-ref --format=%(refname)%00%(upstream:short)%00%(objectname)%00%(upstream:track)%00%(upstream:remotename)%00%(upstream:remoteref) refs/heads/main refs/remotes/main [6ms]
2024-09-15 23:53:48.507 [info] > git config --local branch.main.vscode-merge-base [2ms]
2024-09-15 23:53:48.507 [warning] [Git][config] git config failed: Failed to execute git
2024-09-15 23:53:48.511 [info] > git reflog main --grep-reflog=branch: Created from *. [3ms]
2024-09-15 23:53:48.514 [info] > git symbolic-ref --short refs/remotes/origin/HEAD [2ms]
2024-09-15 23:53:48.514 [info] fatal: ref refs/remotes/origin/HEAD is not a symbolic ref
2024-09-15 23:53:53.526 [info] > git config --get commit.template [10ms]
2024-09-15 23:53:53.528 [info] > git for-each-ref --format=%(refname)%00%(upstream:short)%00%(objectname)%00%(upstream:track)%00%(upstream:remotename)%00%(upstream:remoteref) refs/heads/main refs/remotes/main [4ms]
2024-09-15 23:53:53.596 [info] > git status -z -uall [65ms]
2024-09-15 23:53:53.604 [info] > git for-each-ref --format=%(refname)%00%(upstream:short)%00%(objectname)%00%(upstream:track)%00%(upstream:remotename)%00%(upstream:remoteref) refs/heads/main refs/remotes/main [5ms]
2024-09-15 23:53:53.608 [info] > git config --local branch.main.vscode-merge-base [1ms]
2024-09-15 23:53:53.608 [warning] [Git][config] git config failed: Failed to execute git
2024-09-15 23:53:53.611 [info] > git reflog main --grep-reflog=branch: Created from *. [2ms]
2024-09-15 23:53:53.614 [info] > git symbolic-ref --short refs/remotes/origin/HEAD [2ms]
2024-09-15 23:53:53.614 [info] fatal: ref refs/remotes/origin/HEAD is not a symbolic ref
2024-09-15 23:53:58.606 [info] > git config --get commit.template [3ms]
2024-09-15 23:53:58.607 [info] > git for-each-ref --format=%(refname)%00%(upstream:short)%00%(objectname)%00%(upstream:track)%00%(upstream:remotename)%00%(upstream:remoteref) refs/heads/main refs/remotes/main [2ms]
2024-09-15 23:53:58.680 [info] > git status -z -uall [71ms]
2024-09-15 23:53:58.690 [info] > git for-each-ref --format=%(refname)%00%(upstream:short)%00%(objectname)%00%(upstream:track)%00%(upstream:remotename)%00%(upstream:remoteref) refs/heads/main refs/remotes/main [3ms]
2024-09-15 23:53:58.695 [info] > git config --local branch.main.vscode-merge-base [3ms]
2024-09-15 23:53:58.695 [warning] [Git][config] git config failed: Failed to execute git
2024-09-15 23:53:58.699 [info] > git reflog main --grep-reflog=branch: Created from *. [3ms]
2024-09-15 23:53:58.701 [info] > git symbolic-ref --short refs/remotes/origin/HEAD [1ms]
2024-09-15 23:53:58.701 [info] fatal: ref refs/remotes/origin/HEAD is not a symbolic ref
2024-09-15 23:54:03.694 [info] > git config --get commit.template [4ms]
2024-09-15 23:54:03.696 [info] > git for-each-ref --format=%(refname)%00%(upstream:short)%00%(objectname)%00%(upstream:track)%00%(upstream:remotename)%00%(upstream:remoteref) refs/heads/main refs/remotes/main [2ms]
2024-09-15 23:54:03.763 [info] > git status -z -uall [66ms]
2024-09-15 23:54:03.768 [info] > git for-each-ref --format=%(refname)%00%(upstream:short)%00%(objectname)%00%(upstream:track)%00%(upstream:remotename)%00%(upstream:remoteref) refs/heads/main refs/remotes/main [2ms]
2024-09-15 23:54:03.773 [info] > git config --local branch.main.vscode-merge-base [2ms]
2024-09-15 23:54:03.773 [warning] [Git][config] git config failed: Failed to execute git
2024-09-15 23:54:03.778 [info] > git reflog main --grep-reflog=branch: Created from *. [3ms]
2024-09-15 23:54:03.780 [info] > git symbolic-ref --short refs/remotes/origin/HEAD [1ms]
2024-09-15 23:54:03.780 [info] fatal: ref refs/remotes/origin/HEAD is not a symbolic ref
2024-09-15 23:54:08.774 [info] > git config --get commit.template [4ms]
2024-09-15 23:54:08.775 [info] > git for-each-ref --format=%(refname)%00%(upstream:short)%00%(objectname)%00%(upstream:track)%00%(upstream:remotename)%00%(upstream:remoteref) refs/heads/main refs/remotes/main [2ms]
2024-09-15 23:54:08.842 [info] > git status -z -uall [65ms]
2024-09-15 23:54:08.850 [info] > git for-each-ref --format=%(refname)%00%(upstream:short)%00%(objectname)%00%(upstream:track)%00%(upstream:remotename)%00%(upstream:remoteref) refs/heads/main refs/remotes/main [4ms]
2024-09-15 23:54:08.854 [info] > git config --local branch.main.vscode-merge-base [2ms]
2024-09-15 23:54:08.854 [warning] [Git][config] git config failed: Failed to execute git
2024-09-15 23:54:08.858 [info] > git reflog main --grep-reflog=branch: Created from *. [2ms]
2024-09-15 23:54:08.860 [info] > git symbolic-ref --short refs/remotes/origin/HEAD [1ms]
2024-09-15 23:54:08.860 [info] fatal: ref refs/remotes/origin/HEAD is not a symbolic ref
2024-09-15 23:54:13.855 [info] > git config --get commit.template [4ms]
2024-09-15 23:54:13.858 [info] > git for-each-ref --format=%(refname)%00%(upstream:short)%00%(objectname)%00%(upstream:track)%00%(upstream:remotename)%00%(upstream:remoteref) refs/heads/main refs/remotes/main [3ms]
2024-09-15 23:54:13.925 [info] > git status -z -uall [66ms]
2024-09-15 23:54:13.940 [info] > git for-each-ref --format=%(refname)%00%(upstream:short)%00%(objectname)%00%(upstream:track)%00%(upstream:remotename)%00%(upstream:remoteref) refs/heads/main refs/remotes/main [13ms]
2024-09-15 23:54:13.945 [info] > git config --local branch.main.vscode-merge-base [1ms]
2024-09-15 23:54:13.945 [warning] [Git][config] git config failed: Failed to execute git
2024-09-15 23:54:13.949 [info] > git reflog main --grep-reflog=branch: Created from *. [3ms]
2024-09-15 23:54:13.951 [info] > git symbolic-ref --short refs/remotes/origin/HEAD [1ms]
2024-09-15 23:54:13.951 [info] fatal: ref refs/remotes/origin/HEAD is not a symbolic ref
2024-09-15 23:54:18.934 [info] > git config --get commit.template [3ms]
2024-09-15 23:54:18.935 [info] > git for-each-ref --format=%(refname)%00%(upstream:short)%00%(objectname)%00%(upstream:track)%00%(upstream:remotename)%00%(upstream:remoteref) refs/heads/main refs/remotes/main [1ms]
2024-09-15 23:54:19.003 [info] > git status -z -uall [65ms]
2024-09-15 23:54:19.011 [info] > git for-each-ref --format=%(refname)%00%(upstream:short)%00%(objectname)%00%(upstream:track)%00%(upstream:remotename)%00%(upstream:remoteref) refs/heads/main refs/remotes/main [4ms]
2024-09-15 23:54:19.014 [info] > git config --local branch.main.vscode-merge-base [2ms]
2024-09-15 23:54:19.014 [warning] [Git][config] git config failed: Failed to execute git
2024-09-15 23:54:19.018 [info] > git reflog main --grep-reflog=branch: Created from *. [2ms]
2024-09-15 23:54:19.022 [info] > git symbolic-ref --short refs/remotes/origin/HEAD [2ms]
2024-09-15 23:54:19.022 [info] fatal: ref refs/remotes/origin/HEAD is not a symbolic ref
2024-09-15 23:54:24.015 [info] > git config --get commit.template [3ms]
2024-09-15 23:54:24.016 [info] > git for-each-ref --format=%(refname)%00%(upstream:short)%00%(objectname)%00%(upstream:track)%00%(upstream:remotename)%00%(upstream:remoteref) refs/heads/main refs/remotes/main [2ms]
2024-09-15 23:54:24.084 [info] > git status -z -uall [65ms]
2024-09-15 23:54:24.090 [info] > git for-each-ref --format=%(refname)%00%(upstream:short)%00%(objectname)%00%(upstream:track)%00%(upstream:remotename)%00%(upstream:remoteref) refs/heads/main refs/remotes/main [3ms]
2024-09-15 23:54:24.094 [info] > git config --local branch.main.vscode-merge-base [2ms]
2024-09-15 23:54:24.094 [warning] [Git][config] git config failed: Failed to execute git
2024-09-15 23:54:24.097 [info] > git reflog main --grep-reflog=branch: Created from *. [2ms]
2024-09-15 23:54:24.100 [info] > git symbolic-ref --short refs/remotes/origin/HEAD [2ms]
2024-09-15 23:54:24.100 [info] fatal: ref refs/remotes/origin/HEAD is not a symbolic ref
2024-09-15 23:54:29.094 [info] > git config --get commit.template [4ms]
2024-09-15 23:54:29.095 [info] > git for-each-ref --format=%(refname)%00%(upstream:short)%00%(objectname)%00%(upstream:track)%00%(upstream:remotename)%00%(upstream:remoteref) refs/heads/main refs/remotes/main [1ms]
2024-09-15 23:54:29.167 [info] > git status -z -uall [70ms]
2024-09-15 23:54:29.183 [info] > git for-each-ref --format=%(refname)%00%(upstream:short)%00%(objectname)%00%(upstream:track)%00%(upstream:remotename)%00%(upstream:remoteref) refs/heads/main refs/remotes/main [9ms]
2024-09-15 23:54:29.188 [info] > git config --local branch.main.vscode-merge-base [2ms]
2024-09-15 23:54:29.188 [warning] [Git][config] git config failed: Failed to execute git
2024-09-15 23:54:29.191 [info] > git reflog main --grep-reflog=branch: Created from *. [2ms]
2024-09-15 23:54:29.199 [info] > git symbolic-ref --short refs/remotes/origin/HEAD [7ms]
2024-09-15 23:54:29.199 [info] fatal: ref refs/remotes/origin/HEAD is not a symbolic ref
2024-09-15 23:54:34.182 [info] > git config --get commit.template [4ms]
2024-09-15 23:54:34.184 [info] > git for-each-ref --format=%(refname)%00%(upstream:short)%00%(objectname)%00%(upstream:track)%00%(upstream:remotename)%00%(upstream:remoteref) refs/heads/main refs/remotes/main [2ms]
2024-09-15 23:54:34.254 [info] > git status -z -uall [68ms]
2024-09-15 23:54:34.259 [info] > git for-each-ref --format=%(refname)%00%(upstream:short)%00%(objectname)%00%(upstream:track)%00%(upstream:remotename)%00%(upstream:remoteref) refs/heads/main refs/remotes/main [3ms]
2024-09-15 23:54:34.263 [info] > git config --local branch.main.vscode-merge-base [3ms]
2024-09-15 23:54:34.263 [warning] [Git][config] git config failed: Failed to execute git
2024-09-15 23:54:34.267 [info] > git reflog main --grep-reflog=branch: Created from *. [2ms]
2024-09-15 23:54:34.270 [info] > git symbolic-ref --short refs/remotes/origin/HEAD [2ms]
2024-09-15 23:54:34.270 [info] fatal: ref refs/remotes/origin/HEAD is not a symbolic ref
2024-09-15 23:54:36.876 [info] > git config --get commit.template [4ms]
2024-09-15 23:54:36.877 [info] > git for-each-ref --format=%(refname)%00%(upstream:short)%00%(objectname)%00%(upstream:track)%00%(upstream:remotename)%00%(upstream:remoteref) refs/heads/main refs/remotes/main [3ms]
2024-09-15 23:54:36.944 [info] > git status -z -uall [66ms]
2024-09-15 23:54:36.950 [info] > git for-each-ref --format=%(refname)%00%(upstream:short)%00%(objectname)%00%(upstream:track)%00%(upstream:remotename)%00%(upstream:remoteref) refs/heads/main refs/remotes/main [3ms]
2024-09-15 23:54:36.956 [info] > git config --local branch.main.vscode-merge-base [3ms]
2024-09-15 23:54:36.956 [warning] [Git][config] git config failed: Failed to execute git
2024-09-15 23:54:36.962 [info] > git reflog main --grep-reflog=branch: Created from *. [3ms]
2024-09-15 23:54:36.966 [info] > git symbolic-ref --short refs/remotes/origin/HEAD [3ms]
2024-09-15 23:54:36.966 [info] fatal: ref refs/remotes/origin/HEAD is not a symbolic ref
2024-09-15 23:54:39.263 [info] > git config --get commit.template [3ms]
2024-09-15 23:54:39.266 [info] > git for-each-ref --format=%(refname)%00%(upstream:short)%00%(objectname)%00%(upstream:track)%00%(upstream:remotename)%00%(upstream:remoteref) refs/heads/main refs/remotes/main [3ms]
2024-09-15 23:54:39.334 [info] > git status -z -uall [67ms]
2024-09-15 23:54:39.345 [info] > git for-each-ref --format=%(refname)%00%(upstream:short)%00%(objectname)%00%(upstream:track)%00%(upstream:remotename)%00%(upstream:remoteref) refs/heads/main refs/remotes/main [8ms]
2024-09-15 23:54:39.348 [info] > git config --local branch.main.vscode-merge-base [2ms]
2024-09-15 23:54:39.348 [warning] [Git][config] git config failed: Failed to execute git
2024-09-15 23:54:39.353 [info] > git reflog main --grep-reflog=branch: Created from *. [3ms]
2024-09-15 23:54:39.356 [info] > git symbolic-ref --short refs/remotes/origin/HEAD [2ms]
2024-09-15 23:54:39.356 [info] fatal: ref refs/remotes/origin/HEAD is not a symbolic ref
2024-09-15 23:54:44.348 [info] > git config --get commit.template [3ms]
2024-09-15 23:54:44.351 [info] > git for-each-ref --format=%(refname)%00%(upstream:short)%00%(objectname)%00%(upstream:track)%00%(upstream:remotename)%00%(upstream:remoteref) refs/heads/main refs/remotes/main [2ms]
2024-09-15 23:54:44.416 [info] > git status -z -uall [64ms]
2024-09-15 23:54:44.426 [info] > git for-each-ref --format=%(refname)%00%(upstream:short)%00%(objectname)%00%(upstream:track)%00%(upstream:remotename)%00%(upstream:remoteref) refs/heads/main refs/remotes/main [7ms]
2024-09-15 23:54:44.428 [info] > git config --local branch.main.vscode-merge-base [1ms]
2024-09-15 23:54:44.428 [warning] [Git][config] git config failed: Failed to execute git
2024-09-15 23:54:44.432 [info] > git reflog main --grep-reflog=branch: Created from *. [2ms]
2024-09-15 23:54:44.435 [info] > git symbolic-ref --short refs/remotes/origin/HEAD [1ms]
2024-09-15 23:54:44.435 [info] fatal: ref refs/remotes/origin/HEAD is not a symbolic ref
2024-09-15 23:54:49.427 [info] > git config --get commit.template [4ms]
2024-09-15 23:54:49.428 [info] > git for-each-ref --format=%(refname)%00%(upstream:short)%00%(objectname)%00%(upstream:track)%00%(upstream:remotename)%00%(upstream:remoteref) refs/heads/main refs/remotes/main [2ms]
2024-09-15 23:54:49.495 [info] > git status -z -uall [65ms]
2024-09-15 23:54:49.503 [info] > git for-each-ref --format=%(refname)%00%(upstream:short)%00%(objectname)%00%(upstream:track)%00%(upstream:remotename)%00%(upstream:remoteref) refs/heads/main refs/remotes/main [5ms]
2024-09-15 23:54:49.506 [info] > git config --local branch.main.vscode-merge-base [1ms]
2024-09-15 23:54:49.506 [warning] [Git][config] git config failed: Failed to execute git
2024-09-15 23:54:49.510 [info] > git reflog main --grep-reflog=branch: Created from *. [2ms]
2024-09-15 23:54:49.521 [info] > git symbolic-ref --short refs/remotes/origin/HEAD [9ms]
2024-09-15 23:54:49.521 [info] fatal: ref refs/remotes/origin/HEAD is not a symbolic ref
2024-09-15 23:54:54.505 [info] > git config --get commit.template [4ms]
2024-09-15 23:54:54.507 [info] > git for-each-ref --format=%(refname)%00%(upstream:short)%00%(objectname)%00%(upstream:track)%00%(upstream:remotename)%00%(upstream:remoteref) refs/heads/main refs/remotes/main [2ms]
2024-09-15 23:54:54.574 [info] > git status -z -uall [64ms]
2024-09-15 23:54:54.581 [info] > git for-each-ref --format=%(refname)%00%(upstream:short)%00%(objectname)%00%(upstream:track)%00%(upstream:remotename)%00%(upstream:remoteref) refs/heads/main refs/remotes/main [5ms]
2024-09-15 23:54:54.585 [info] > git config --local branch.main.vscode-merge-base [2ms]
2024-09-15 23:54:54.585 [warning] [Git][config] git config failed: Failed to execute git
2024-09-15 23:54:54.589 [info] > git reflog main --grep-reflog=branch: Created from *. [3ms]
2024-09-15 23:54:54.591 [info] > git symbolic-ref --short refs/remotes/origin/HEAD [1ms]
2024-09-15 23:54:54.591 [info] fatal: ref refs/remotes/origin/HEAD is not a symbolic ref
2024-09-15 23:54:59.585 [info] > git config --get commit.template [4ms]
2024-09-15 23:54:59.586 [info] > git for-each-ref --format=%(refname)%00%(upstream:short)%00%(objectname)%00%(upstream:track)%00%(upstream:remotename)%00%(upstream:remoteref) refs/heads/main refs/remotes/main [2ms]
2024-09-15 23:54:59.655 [info] > git status -z -uall [68ms]
2024-09-15 23:54:59.662 [info] > git for-each-ref --format=%(refname)%00%(upstream:short)%00%(objectname)%00%(upstream:track)%00%(upstream:remotename)%00%(upstream:remoteref) refs/heads/main refs/remotes/main [3ms]
2024-09-15 23:54:59.666 [info] > git config --local branch.main.vscode-merge-base [2ms]
2024-09-15 23:54:59.666 [warning] [Git][config] git config failed: Failed to execute git
2024-09-15 23:54:59.670 [info] > git reflog main --grep-reflog=branch: Created from *. [3ms]
2024-09-15 23:54:59.674 [info] > git symbolic-ref --short refs/remotes/origin/HEAD [3ms]
2024-09-15 23:54:59.674 [info] fatal: ref refs/remotes/origin/HEAD is not a symbolic ref
2024-09-15 23:55:04.667 [info] > git config --get commit.template [4ms]
2024-09-15 23:55:04.668 [info] > git for-each-ref --format=%(refname)%00%(upstream:short)%00%(objectname)%00%(upstream:track)%00%(upstream:remotename)%00%(upstream:remoteref) refs/heads/main refs/remotes/main [2ms]
2024-09-15 23:55:04.736 [info] > git status -z -uall [66ms]
2024-09-15 23:55:04.742 [info] > git for-each-ref --format=%(refname)%00%(upstream:short)%00%(objectname)%00%(upstream:track)%00%(upstream:remotename)%00%(upstream:remoteref) refs/heads/main refs/remotes/main [3ms]
2024-09-15 23:55:04.747 [info] > git config --local branch.main.vscode-merge-base [2ms]
2024-09-15 23:55:04.747 [warning] [Git][config] git config failed: Failed to execute git
2024-09-15 23:55:04.752 [info] > git reflog main --grep-reflog=branch: Created from *. [2ms]
2024-09-15 23:55:04.755 [info] > git symbolic-ref --short refs/remotes/origin/HEAD [1ms]
2024-09-15 23:55:04.755 [info] fatal: ref refs/remotes/origin/HEAD is not a symbolic ref
2024-09-15 23:55:09.747 [info] > git config --get commit.template [4ms]
2024-09-15 23:55:09.749 [info] > git for-each-ref --format=%(refname)%00%(upstream:short)%00%(objectname)%00%(upstream:track)%00%(upstream:remotename)%00%(upstream:remoteref) refs/heads/main refs/remotes/main [2ms]
2024-09-15 23:55:09.816 [info] > git status -z -uall [65ms]
2024-09-15 23:55:09.827 [info] > git for-each-ref --format=%(refname)%00%(upstream:short)%00%(objectname)%00%(upstream:track)%00%(upstream:remotename)%00%(upstream:remoteref) refs/heads/main refs/remotes/main [5ms]
2024-09-15 23:55:09.831 [info] > git config --local branch.main.vscode-merge-base [1ms]
2024-09-15 23:55:09.831 [warning] [Git][config] git config failed: Failed to execute git
2024-09-15 23:55:09.835 [info] > git reflog main --grep-reflog=branch: Created from *. [3ms]
2024-09-15 23:55:09.837 [info] > git symbolic-ref --short refs/remotes/origin/HEAD [1ms]
2024-09-15 23:55:09.837 [info] fatal: ref refs/remotes/origin/HEAD is not a symbolic ref
2024-09-15 23:55:14.830 [info] > git config --get commit.template [4ms]
2024-09-15 23:55:14.831 [info] > git for-each-ref --format=%(refname)%00%(upstream:short)%00%(objectname)%00%(upstream:track)%00%(upstream:remotename)%00%(upstream:remoteref) refs/heads/main refs/remotes/main [2ms]
2024-09-15 23:55:14.899 [info] > git status -z -uall [65ms]
2024-09-15 23:55:14.906 [info] > git for-each-ref --format=%(refname)%00%(upstream:short)%00%(objectname)%00%(upstream:track)%00%(upstream:remotename)%00%(upstream:remoteref) refs/heads/main refs/remotes/main [4ms]
2024-09-15 23:55:14.913 [info] > git config --local branch.main.vscode-merge-base [1ms]
2024-09-15 23:55:14.913 [warning] [Git][config] git config failed: Failed to execute git
2024-09-15 23:55:14.917 [info] > git reflog main --grep-reflog=branch: Created from *. [2ms]
2024-09-15 23:55:14.919 [info] > git symbolic-ref --short refs/remotes/origin/HEAD [1ms]
2024-09-15 23:55:14.919 [info] fatal: ref refs/remotes/origin/HEAD is not a symbolic ref
2024-09-15 23:55:20.075 [info] > git config --get commit.template [4ms]
2024-09-15 23:55:20.078 [info] > git for-each-ref --format=%(refname)%00%(upstream:short)%00%(objectname)%00%(upstream:track)%00%(upstream:remotename)%00%(upstream:remoteref) refs/heads/main refs/remotes/main [3ms]
2024-09-15 23:55:20.143 [info] > git status -z -uall [64ms]
2024-09-15 23:55:20.149 [info] > git for-each-ref --format=%(refname)%00%(upstream:short)%00%(objectname)%00%(upstream:track)%00%(upstream:remotename)%00%(upstream:remoteref) refs/heads/main refs/remotes/main [3ms]
2024-09-15 23:55:20.155 [info] > git config --local branch.main.vscode-merge-base [1ms]
2024-09-15 23:55:20.155 [warning] [Git][config] git config failed: Failed to execute git
2024-09-15 23:55:20.159 [info] > git reflog main --grep-reflog=branch: Created from *. [2ms]
2024-09-15 23:55:20.162 [info] > git symbolic-ref --short refs/remotes/origin/HEAD [2ms]
2024-09-15 23:55:20.162 [info] fatal: ref refs/remotes/origin/HEAD is not a symbolic ref
2024-09-15 23:55:23.238 [info] > git config --get commit.template [3ms]
2024-09-15 23:55:23.240 [info] > git for-each-ref --format=%(refname)%00%(upstream:short)%00%(objectname)%00%(upstream:track)%00%(upstream:remotename)%00%(upstream:remoteref) refs/heads/main refs/remotes/main [2ms]
2024-09-15 23:55:23.308 [info] > git status -z -uall [66ms]
2024-09-15 23:55:23.313 [info] > git for-each-ref --format=%(refname)%00%(upstream:short)%00%(objectname)%00%(upstream:track)%00%(upstream:remotename)%00%(upstream:remoteref) refs/heads/main refs/remotes/main [3ms]
2024-09-15 23:55:23.320 [info] > git config --local branch.main.vscode-merge-base [2ms]
2024-09-15 23:55:23.320 [warning] [Git][config] git config failed: Failed to execute git
2024-09-15 23:55:23.324 [info] > git reflog main --grep-reflog=branch: Created from *. [3ms]
2024-09-15 23:55:23.326 [info] > git symbolic-ref --short refs/remotes/origin/HEAD [1ms]
2024-09-15 23:55:23.326 [info] fatal: ref refs/remotes/origin/HEAD is not a symbolic ref
2024-09-15 23:55:25.155 [info] > git config --get commit.template [4ms]
2024-09-15 23:55:25.157 [info] > git for-each-ref --format=%(refname)%00%(upstream:short)%00%(objectname)%00%(upstream:track)%00%(upstream:remotename)%00%(upstream:remoteref) refs/heads/main refs/remotes/main [2ms]
2024-09-15 23:55:25.224 [info] > git status -z -uall [66ms]
2024-09-15 23:55:25.231 [info] > git for-each-ref --format=%(refname)%00%(upstream:short)%00%(objectname)%00%(upstream:track)%00%(upstream:remotename)%00%(upstream:remoteref) refs/heads/main refs/remotes/main [5ms]
2024-09-15 23:55:25.234 [info] > git config --local branch.main.vscode-merge-base [1ms]
2024-09-15 23:55:25.234 [warning] [Git][config] git config failed: Failed to execute git
2024-09-15 23:55:25.238 [info] > git reflog main --grep-reflog=branch: Created from *. [2ms]
2024-09-15 23:55:25.240 [info] > git symbolic-ref --short refs/remotes/origin/HEAD [1ms]
2024-09-15 23:55:25.240 [info] fatal: ref refs/remotes/origin/HEAD is not a symbolic ref
2024-09-15 23:55:30.233 [info] > git config --get commit.template [4ms]
2024-09-15 23:55:30.234 [info] > git for-each-ref --format=%(refname)%00%(upstream:short)%00%(objectname)%00%(upstream:track)%00%(upstream:remotename)%00%(upstream:remoteref) refs/heads/main refs/remotes/main [2ms]
2024-09-15 23:55:30.298 [info] > git status -z -uall [63ms]
2024-09-15 23:55:30.303 [info] > git for-each-ref --format=%(refname)%00%(upstream:short)%00%(objectname)%00%(upstream:track)%00%(upstream:remotename)%00%(upstream:remoteref) refs/heads/main refs/remotes/main [3ms]
2024-09-15 23:55:30.306 [info] > git config --local branch.main.vscode-merge-base [2ms]
2024-09-15 23:55:30.306 [warning] [Git][config] git config failed: Failed to execute git
2024-09-15 23:55:30.309 [info] > git reflog main --grep-reflog=branch: Created from *. [2ms]
2024-09-15 23:55:30.312 [info] > git symbolic-ref --short refs/remotes/origin/HEAD [1ms]
2024-09-15 23:55:30.312 [info] fatal: ref refs/remotes/origin/HEAD is not a symbolic ref
2024-09-15 23:55:35.306 [info] > git config --get commit.template [4ms]
2024-09-15 23:55:35.307 [info] > git for-each-ref --format=%(refname)%00%(upstream:short)%00%(objectname)%00%(upstream:track)%00%(upstream:remotename)%00%(upstream:remoteref) refs/heads/main refs/remotes/main [2ms]
2024-09-15 23:55:35.375 [info] > git status -z -uall [65ms]
2024-09-15 23:55:35.381 [info] > git for-each-ref --format=%(refname)%00%(upstream:short)%00%(objectname)%00%(upstream:track)%00%(upstream:remotename)%00%(upstream:remoteref) refs/heads/main refs/remotes/main [3ms]
2024-09-15 23:55:35.384 [info] > git config --local branch.main.vscode-merge-base [2ms]
2024-09-15 23:55:35.384 [warning] [Git][config] git config failed: Failed to execute git
2024-09-15 23:55:35.388 [info] > git reflog main --grep-reflog=branch: Created from *. [2ms]
2024-09-15 23:55:35.391 [info] > git symbolic-ref --short refs/remotes/origin/HEAD [1ms]
2024-09-15 23:55:35.391 [info] fatal: ref refs/remotes/origin/HEAD is not a symbolic ref
2024-09-15 23:55:40.388 [info] > git config --get commit.template [7ms]
2024-09-15 23:55:40.390 [info] > git for-each-ref --format=%(refname)%00%(upstream:short)%00%(objectname)%00%(upstream:track)%00%(upstream:remotename)%00%(upstream:remoteref) refs/heads/main refs/remotes/main [3ms]
2024-09-15 23:55:40.457 [info] > git status -z -uall [64ms]
2024-09-15 23:55:40.469 [info] > git for-each-ref --format=%(refname)%00%(upstream:short)%00%(objectname)%00%(upstream:track)%00%(upstream:remotename)%00%(upstream:remoteref) refs/heads/main refs/remotes/main [6ms]
2024-09-15 23:55:40.474 [info] > git config --local branch.main.vscode-merge-base [2ms]
2024-09-15 23:55:40.474 [warning] [Git][config] git config failed: Failed to execute git
2024-09-15 23:55:40.478 [info] > git reflog main --grep-reflog=branch: Created from *. [3ms]
2024-09-15 23:55:40.480 [info] > git symbolic-ref --short refs/remotes/origin/HEAD [1ms]
2024-09-15 23:55:40.480 [info] fatal: ref refs/remotes/origin/HEAD is not a symbolic ref
2024-09-15 23:55:45.229 [info] > git config --get commit.template [3ms]
2024-09-15 23:55:45.231 [info] > git for-each-ref --format=%(refname)%00%(upstream:short)%00%(objectname)%00%(upstream:track)%00%(upstream:remotename)%00%(upstream:remoteref) refs/heads/main refs/remotes/main [3ms]
2024-09-15 23:55:45.298 [info] > git status -z -uall [66ms]
2024-09-15 23:55:45.304 [info] > git for-each-ref --format=%(refname)%00%(upstream:short)%00%(objectname)%00%(upstream:track)%00%(upstream:remotename)%00%(upstream:remoteref) refs/heads/main refs/remotes/main [4ms]
2024-09-15 23:55:45.308 [info] > git config --local branch.main.vscode-merge-base [2ms]
2024-09-15 23:55:45.308 [warning] [Git][config] git config failed: Failed to execute git
2024-09-15 23:55:45.312 [info] > git reflog main --grep-reflog=branch: Created from *. [2ms]
2024-09-15 23:55:45.315 [info] > git symbolic-ref --short refs/remotes/origin/HEAD [2ms]
2024-09-15 23:55:45.315 [info] fatal: ref refs/remotes/origin/HEAD is not a symbolic ref
2024-09-15 23:55:45.474 [info] > git config --get commit.template [4ms]
2024-09-15 23:55:45.476 [info] > git for-each-ref --format=%(refname)%00%(upstream:short)%00%(objectname)%00%(upstream:track)%00%(upstream:remotename)%00%(upstream:remoteref) refs/heads/main refs/remotes/main [4ms]
2024-09-15 23:55:45.543 [info] > git status -z -uall [65ms]
2024-09-15 23:55:45.550 [info] > git for-each-ref --format=%(refname)%00%(upstream:short)%00%(objectname)%00%(upstream:track)%00%(upstream:remotename)%00%(upstream:remoteref) refs/heads/main refs/remotes/main [3ms]
2024-09-15 23:55:45.553 [info] > git config --local branch.main.vscode-merge-base [1ms]
2024-09-15 23:55:45.553 [warning] [Git][config] git config failed: Failed to execute git
2024-09-15 23:55:45.556 [info] > git reflog main --grep-reflog=branch: Created from *. [2ms]
2024-09-15 23:55:45.560 [info] > git symbolic-ref --short refs/remotes/origin/HEAD [1ms]
2024-09-15 23:55:45.560 [info] fatal: ref refs/remotes/origin/HEAD is not a symbolic ref
2024-09-15 23:55:50.554 [info] > git config --get commit.template [4ms]
2024-09-15 23:55:50.556 [info] > git for-each-ref --format=%(refname)%00%(upstream:short)%00%(objectname)%00%(upstream:track)%00%(upstream:remotename)%00%(upstream:remoteref) refs/heads/main refs/remotes/main [2ms]
2024-09-15 23:55:50.622 [info] > git status -z -uall [64ms]
2024-09-15 23:55:50.628 [info] > git for-each-ref --format=%(refname)%00%(upstream:short)%00%(objectname)%00%(upstream:track)%00%(upstream:remotename)%00%(upstream:remoteref) refs/heads/main refs/remotes/main [4ms]
2024-09-15 23:55:50.634 [info] > git config --local branch.main.vscode-merge-base [1ms]
2024-09-15 23:55:50.634 [warning] [Git][config] git config failed: Failed to execute git
2024-09-15 23:55:50.637 [info] > git reflog main --grep-reflog=branch: Created from *. [2ms]
2024-09-15 23:55:50.639 [info] > git symbolic-ref --short refs/remotes/origin/HEAD [1ms]
2024-09-15 23:55:50.639 [info] fatal: ref refs/remotes/origin/HEAD is not a symbolic ref
2024-09-15 23:55:55.633 [info] > git config --get commit.template [5ms]
2024-09-15 23:55:55.635 [info] > git for-each-ref --format=%(refname)%00%(upstream:short)%00%(objectname)%00%(upstream:track)%00%(upstream:remotename)%00%(upstream:remoteref) refs/heads/main refs/remotes/main [3ms]
2024-09-15 23:55:55.702 [info] > git status -z -uall [66ms]
2024-09-15 23:55:55.714 [info] > git for-each-ref --format=%(refname)%00%(upstream:short)%00%(objectname)%00%(upstream:track)%00%(upstream:remotename)%00%(upstream:remoteref) refs/heads/main refs/remotes/main [10ms]
2024-09-15 23:55:55.726 [info] > git config --local branch.main.vscode-merge-base [2ms]
2024-09-15 23:55:55.726 [warning] [Git][config] git config failed: Failed to execute git
2024-09-15 23:55:55.730 [info] > git reflog main --grep-reflog=branch: Created from *. [3ms]
2024-09-15 23:55:55.733 [info] > git symbolic-ref --short refs/remotes/origin/HEAD [2ms]
2024-09-15 23:55:55.733 [info] fatal: ref refs/remotes/origin/HEAD is not a symbolic ref
2024-09-15 23:55:57.115 [info] > git config --get commit.template [4ms]
2024-09-15 23:55:57.116 [info] > git for-each-ref --format=%(refname)%00%(upstream:short)%00%(objectname)%00%(upstream:track)%00%(upstream:remotename)%00%(upstream:remoteref) refs/heads/master refs/remotes/master [2ms]
2024-09-15 23:55:57.182 [info] > git status -z -uall [64ms]
2024-09-15 23:55:57.192 [info] > git for-each-ref --format=%(refname)%00%(upstream:short)%00%(objectname)%00%(upstream:track)%00%(upstream:remotename)%00%(upstream:remoteref) refs/heads/master refs/remotes/master [8ms]
2024-09-15 23:55:57.195 [info] > git config --local branch.master.vscode-merge-base [1ms]
2024-09-15 23:55:57.195 [warning] [Git][config] git config failed: Failed to execute git
2024-09-15 23:55:57.199 [info] > git reflog master --grep-reflog=branch: Created from *. [3ms]
2024-09-15 23:55:57.202 [info] > git for-each-ref --format=%(refname)%00%(upstream:short)%00%(objectname)%00%(upstream:track)%00%(upstream:remotename)%00%(upstream:remoteref) refs/heads/main refs/remotes/main [2ms]
2024-09-15 23:55:57.205 [info] > git symbolic-ref --short refs/remotes/origin/HEAD [1ms]
2024-09-15 23:55:57.205 [info] fatal: ref refs/remotes/origin/HEAD is not a symbolic ref
2024-09-15 23:56:00.714 [info] > git config --get commit.template [5ms]
2024-09-15 23:56:00.716 [info] > git for-each-ref --format=%(refname)%00%(upstream:short)%00%(objectname)%00%(upstream:track)%00%(upstream:remotename)%00%(upstream:remoteref) refs/heads/master refs/remotes/master [1ms]
2024-09-15 23:56:00.781 [info] > git status -z -uall [63ms]
2024-09-15 23:56:00.787 [info] > git for-each-ref --format=%(refname)%00%(upstream:short)%00%(objectname)%00%(upstream:track)%00%(upstream:remotename)%00%(upstream:remoteref) refs/heads/master refs/remotes/master [4ms]
2024-09-15 23:56:00.789 [info] > git config --local branch.master.vscode-merge-base [1ms]
2024-09-15 23:56:00.790 [warning] [Git][config] git config failed: Failed to execute git
2024-09-15 23:56:00.794 [info] > git reflog master --grep-reflog=branch: Created from *. [2ms]
2024-09-15 23:56:00.797 [info] > git for-each-ref --format=%(refname)%00%(upstream:short)%00%(objectname)%00%(upstream:track)%00%(upstream:remotename)%00%(upstream:remoteref) refs/heads/main refs/remotes/main [2ms]
2024-09-15 23:56:00.800 [info] > git symbolic-ref --short refs/remotes/origin/HEAD [2ms]
2024-09-15 23:56:00.800 [info] fatal: ref refs/remotes/origin/HEAD is not a symbolic ref
2024-09-15 23:56:05.790 [info] > git config --get commit.template [3ms]
2024-09-15 23:56:05.792 [info] > git for-each-ref --format=%(refname)%00%(upstream:short)%00%(objectname)%00%(upstream:track)%00%(upstream:remotename)%00%(upstream:remoteref) refs/heads/master refs/remotes/master [2ms]
2024-09-15 23:56:05.859 [info] > git status -z -uall [66ms]
2024-09-15 23:56:05.864 [info] > git for-each-ref --format=%(refname)%00%(upstream:short)%00%(objectname)%00%(upstream:track)%00%(upstream:remotename)%00%(upstream:remoteref) refs/heads/master refs/remotes/master [2ms]
2024-09-15 23:56:05.869 [info] > git config --local branch.master.vscode-merge-base [3ms]
2024-09-15 23:56:05.869 [warning] [Git][config] git config failed: Failed to execute git
2024-09-15 23:56:05.872 [info] > git reflog master --grep-reflog=branch: Created from *. [2ms]
2024-09-15 23:56:05.876 [info] > git for-each-ref --format=%(refname)%00%(upstream:short)%00%(objectname)%00%(upstream:track)%00%(upstream:remotename)%00%(upstream:remoteref) refs/heads/main refs/remotes/main [2ms]
2024-09-15 23:56:05.879 [info] > git symbolic-ref --short refs/remotes/origin/HEAD [1ms]
2024-09-15 23:56:05.879 [info] fatal: ref refs/remotes/origin/HEAD is not a symbolic ref
2024-09-15 23:56:06.644 [info] > git config --get commit.template [3ms]
2024-09-15 23:56:06.646 [info] > git for-each-ref --format=%(refname)%00%(upstream:short)%00%(objectname)%00%(upstream:track)%00%(upstream:remotename)%00%(upstream:remoteref) refs/heads/master refs/remotes/master [3ms]
2024-09-15 23:56:06.711 [info] > git status -z -uall [64ms]
2024-09-15 23:56:06.719 [info] > git for-each-ref --format=%(refname)%00%(upstream:short)%00%(objectname)%00%(upstream:track)%00%(upstream:remotename)%00%(upstream:remoteref) refs/heads/master refs/remotes/master [4ms]
2024-09-15 23:56:06.723 [info] > git config --local branch.master.vscode-merge-base [2ms]
2024-09-15 23:56:06.723 [warning] [Git][config] git config failed: Failed to execute git
2024-09-15 23:56:06.726 [info] > git reflog master --grep-reflog=branch: Created from *. [2ms]
2024-09-15 23:56:06.730 [info] > git for-each-ref --format=%(refname)%00%(upstream:short)%00%(objectname)%00%(upstream:track)%00%(upstream:remotename)%00%(upstream:remoteref) refs/heads/main refs/remotes/main [2ms]
2024-09-15 23:56:06.733 [info] > git symbolic-ref --short refs/remotes/origin/HEAD [2ms]
2024-09-15 23:56:06.733 [info] fatal: ref refs/remotes/origin/HEAD is not a symbolic ref
2024-09-15 23:56:10.868 [info] > git config --get commit.template [4ms]
2024-09-15 23:56:10.870 [info] > git for-each-ref --format=%(refname)%00%(upstream:short)%00%(objectname)%00%(upstream:track)%00%(upstream:remotename)%00%(upstream:remoteref) refs/heads/master refs/remotes/master [2ms]
2024-09-15 23:56:10.936 [info] > git status -z -uall [63ms]
2024-09-15 23:56:10.942 [info] > git for-each-ref --format=%(refname)%00%(upstream:short)%00%(objectname)%00%(upstream:track)%00%(upstream:remotename)%00%(upstream:remoteref) refs/heads/master refs/remotes/master [3ms]
2024-09-15 23:56:10.946 [info] > git config --local branch.master.vscode-merge-base [2ms]
2024-09-15 23:56:10.946 [warning] [Git][config] git config failed: Failed to execute git
2024-09-15 23:56:10.951 [info] > git reflog master --grep-reflog=branch: Created from *. [3ms]
2024-09-15 23:56:10.955 [info] > git for-each-ref --format=%(refname)%00%(upstream:short)%00%(objectname)%00%(upstream:track)%00%(upstream:remotename)%00%(upstream:remoteref) refs/heads/main refs/remotes/main [3ms]
2024-09-15 23:56:10.957 [info] > git symbolic-ref --short refs/remotes/origin/HEAD [1ms]
2024-09-15 23:56:10.957 [info] fatal: ref refs/remotes/origin/HEAD is not a symbolic ref
2024-09-15 23:56:15.947 [info] > git config --get commit.template [4ms]
2024-09-15 23:56:15.950 [info] > git for-each-ref --format=%(refname)%00%(upstream:short)%00%(objectname)%00%(upstream:track)%00%(upstream:remotename)%00%(upstream:remoteref) refs/heads/master refs/remotes/master [3ms]
2024-09-15 23:56:16.016 [info] > git status -z -uall [65ms]
2024-09-15 23:56:16.022 [info] > git for-each-ref --format=%(refname)%00%(upstream:short)%00%(objectname)%00%(upstream:track)%00%(upstream:remotename)%00%(upstream:remoteref) refs/heads/master refs/remotes/master [3ms]
2024-09-15 23:56:16.026 [info] > git config --local branch.master.vscode-merge-base [2ms]
2024-09-15 23:56:16.026 [warning] [Git][config] git config failed: Failed to execute git
2024-09-15 23:56:16.029 [info] > git reflog master --grep-reflog=branch: Created from *. [2ms]
2024-09-15 23:56:16.032 [info] > git for-each-ref --format=%(refname)%00%(upstream:short)%00%(objectname)%00%(upstream:track)%00%(upstream:remotename)%00%(upstream:remoteref) refs/heads/main refs/remotes/main [1ms]
2024-09-15 23:56:16.036 [info] > git symbolic-ref --short refs/remotes/origin/HEAD [2ms]
2024-09-15 23:56:16.036 [info] fatal: ref refs/remotes/origin/HEAD is not a symbolic ref
2024-09-15 23:56:21.027 [info] > git config --get commit.template [4ms]
2024-09-15 23:56:21.028 [info] > git for-each-ref --format=%(refname)%00%(upstream:short)%00%(objectname)%00%(upstream:track)%00%(upstream:remotename)%00%(upstream:remoteref) refs/heads/master refs/remotes/master [2ms]
2024-09-15 23:56:21.099 [info] > git status -z -uall [69ms]
2024-09-15 23:56:21.105 [info] > git for-each-ref --format=%(refname)%00%(upstream:short)%00%(objectname)%00%(upstream:track)%00%(upstream:remotename)%00%(upstream:remoteref) refs/heads/master refs/remotes/master [3ms]
2024-09-15 23:56:21.108 [info] > git config --local branch.master.vscode-merge-base [1ms]
2024-09-15 23:56:21.108 [warning] [Git][config] git config failed: Failed to execute git
2024-09-15 23:56:21.113 [info] > git reflog master --grep-reflog=branch: Created from *. [3ms]
2024-09-15 23:56:21.116 [info] > git for-each-ref --format=%(refname)%00%(upstream:short)%00%(objectname)%00%(upstream:track)%00%(upstream:remotename)%00%(upstream:remoteref) refs/heads/main refs/remotes/main [2ms]
2024-09-15 23:56:21.119 [info] > git symbolic-ref --short refs/remotes/origin/HEAD [1ms]
2024-09-15 23:56:21.119 [info] fatal: ref refs/remotes/origin/HEAD is not a symbolic ref
2024-09-15 23:56:35.163 [info] > git config --get commit.template [5ms]
2024-09-15 23:56:35.164 [info] > git for-each-ref --format=%(refname)%00%(upstream:short)%00%(objectname)%00%(upstream:track)%00%(upstream:remotename)%00%(upstream:remoteref) refs/heads/master refs/remotes/master [2ms]
2024-09-15 23:56:35.232 [info] > git status -z -uall [65ms]
2024-09-15 23:56:35.243 [info] > git for-each-ref --format=%(refname)%00%(upstream:short)%00%(objectname)%00%(upstream:track)%00%(upstream:remotename)%00%(upstream:remoteref) refs/heads/master refs/remotes/master [8ms]
2024-09-15 23:56:35.251 [info] > git config --local branch.master.vscode-merge-base [2ms]
2024-09-15 23:56:35.251 [warning] [Git][config] git config failed: Failed to execute git
2024-09-15 23:56:35.255 [info] > git reflog master --grep-reflog=branch: Created from *. [3ms]
2024-09-15 23:56:35.258 [info] > git for-each-ref --format=%(refname)%00%(upstream:short)%00%(objectname)%00%(upstream:track)%00%(upstream:remotename)%00%(upstream:remoteref) refs/heads/main refs/remotes/main [2ms]
2024-09-15 23:56:35.261 [info] > git symbolic-ref --short refs/remotes/origin/HEAD [1ms]
2024-09-15 23:56:35.261 [info] fatal: ref refs/remotes/origin/HEAD is not a symbolic ref
2024-09-15 23:57:02.740 [info] > git config --get commit.template [3ms]
2024-09-15 23:57:02.742 [info] > git for-each-ref --format=%(refname)%00%(upstream:short)%00%(objectname)%00%(upstream:track)%00%(upstream:remotename)%00%(upstream:remoteref) refs/heads/master refs/remotes/master [2ms]
2024-09-15 23:57:02.808 [info] > git status -z -uall [65ms]
2024-09-15 23:57:02.815 [info] > git for-each-ref --format=%(refname)%00%(upstream:short)%00%(objectname)%00%(upstream:track)%00%(upstream:remotename)%00%(upstream:remoteref) refs/heads/master refs/remotes/master [4ms]
2024-09-15 23:57:02.820 [info] > git config --local branch.master.vscode-merge-base [2ms]
2024-09-15 23:57:02.821 [warning] [Git][config] git config failed: Failed to execute git
2024-09-15 23:57:02.824 [info] > git reflog master --grep-reflog=branch: Created from *. [2ms]
2024-09-15 23:57:02.827 [info] > git for-each-ref --format=%(refname)%00%(upstream:short)%00%(objectname)%00%(upstream:track)%00%(upstream:remotename)%00%(upstream:remoteref) refs/heads/main refs/remotes/main [1ms]
2024-09-15 23:57:02.831 [info] > git symbolic-ref --short refs/remotes/origin/HEAD [3ms]
2024-09-15 23:57:02.831 [info] fatal: ref refs/remotes/origin/HEAD is not a symbolic ref
2024-09-15 23:57:07.819 [info] > git config --get commit.template [3ms]
2024-09-15 23:57:07.820 [info] > git for-each-ref --format=%(refname)%00%(upstream:short)%00%(objectname)%00%(upstream:track)%00%(upstream:remotename)%00%(upstream:remoteref) refs/heads/master refs/remotes/master [2ms]
2024-09-15 23:57:07.883 [info] > git status -z -uall [61ms]
2024-09-15 23:57:07.892 [info] > git for-each-ref --format=%(refname)%00%(upstream:short)%00%(objectname)%00%(upstream:track)%00%(upstream:remotename)%00%(upstream:remoteref) refs/heads/master refs/remotes/master [6ms]
2024-09-15 23:57:07.896 [info] > git config --local branch.master.vscode-merge-base [2ms]
2024-09-15 23:57:07.896 [warning] [Git][config] git config failed: Failed to execute git
2024-09-15 23:57:07.900 [info] > git reflog master --grep-reflog=branch: Created from *. [2ms]
2024-09-15 23:57:07.903 [info] > git for-each-ref --format=%(refname)%00%(upstream:short)%00%(objectname)%00%(upstream:track)%00%(upstream:remotename)%00%(upstream:remoteref) refs/heads/main refs/remotes/main [2ms]
2024-09-15 23:57:07.906 [info] > git symbolic-ref --short refs/remotes/origin/HEAD [1ms]
2024-09-15 23:57:07.906 [info] fatal: ref refs/remotes/origin/HEAD is not a symbolic ref
2024-09-15 23:57:12.897 [info] > git config --get commit.template [3ms]
2024-09-15 23:57:12.899 [info] > git for-each-ref --format=%(refname)%00%(upstream:short)%00%(objectname)%00%(upstream:track)%00%(upstream:remotename)%00%(upstream:remoteref) refs/heads/master refs/remotes/master [3ms]
2024-09-15 23:57:12.957 [info] > git status -z -uall [56ms]
2024-09-15 23:57:12.964 [info] > git for-each-ref --format=%(refname)%00%(upstream:short)%00%(objectname)%00%(upstream:track)%00%(upstream:remotename)%00%(upstream:remoteref) refs/heads/master refs/remotes/master [5ms]
2024-09-15 23:57:12.969 [info] > git config --local branch.master.vscode-merge-base [1ms]
2024-09-15 23:57:12.969 [warning] [Git][config] git config failed: Failed to execute git
2024-09-15 23:57:12.972 [info] > git reflog master --grep-reflog=branch: Created from *. [2ms]
2024-09-15 23:57:12.978 [info] > git for-each-ref --format=%(refname)%00%(upstream:short)%00%(objectname)%00%(upstream:track)%00%(upstream:remotename)%00%(upstream:remoteref) refs/heads/main refs/remotes/main [4ms]
2024-09-15 23:57:12.981 [info] > git symbolic-ref --short refs/remotes/origin/HEAD [2ms]
2024-09-15 23:57:12.981 [info] fatal: ref refs/remotes/origin/HEAD is not a symbolic ref
2024-09-15 23:57:17.975 [info] > git config --get commit.template [11ms]
2024-09-15 23:57:17.977 [info] > git for-each-ref --format=%(refname)%00%(upstream:short)%00%(objectname)%00%(upstream:track)%00%(upstream:remotename)%00%(upstream:remoteref) refs/heads/master refs/remotes/master [2ms]
2024-09-15 23:57:18.064 [info] > git status -z -uall [80ms]
2024-09-15 23:57:18.077 [info] > git for-each-ref --format=%(refname)%00%(upstream:short)%00%(objectname)%00%(upstream:track)%00%(upstream:remotename)%00%(upstream:remoteref) refs/heads/master refs/remotes/master [3ms]
2024-09-15 23:57:18.086 [info] > git config --local branch.master.vscode-merge-base [2ms]
2024-09-15 23:57:18.086 [warning] [Git][config] git config failed: Failed to execute git
2024-09-15 23:57:18.093 [info] > git reflog master --grep-reflog=branch: Created from *. [5ms]
2024-09-15 23:57:18.102 [info] > git for-each-ref --format=%(refname)%00%(upstream:short)%00%(objectname)%00%(upstream:track)%00%(upstream:remotename)%00%(upstream:remoteref) refs/heads/main refs/remotes/main [2ms]
2024-09-15 23:57:18.109 [info] > git symbolic-ref --short refs/remotes/origin/HEAD [4ms]
2024-09-15 23:57:18.109 [info] fatal: ref refs/remotes/origin/HEAD is not a symbolic ref
2024-09-15 23:57:23.106 [info] > git config --get commit.template [16ms]
2024-09-15 23:57:23.108 [info] > git for-each-ref --format=%(refname)%00%(upstream:short)%00%(objectname)%00%(upstream:track)%00%(upstream:remotename)%00%(upstream:remoteref) refs/heads/master refs/remotes/master [4ms]
2024-09-15 23:57:23.197 [info] > git status -z -uall [83ms]
2024-09-15 23:57:23.209 [info] > git for-each-ref --format=%(refname)%00%(upstream:short)%00%(objectname)%00%(upstream:track)%00%(upstream:remotename)%00%(upstream:remoteref) refs/heads/master refs/remotes/master [4ms]
2024-09-15 23:57:23.218 [info] > git config --local branch.master.vscode-merge-base [4ms]
2024-09-15 23:57:23.218 [warning] [Git][config] git config failed: Failed to execute git
2024-09-15 23:57:23.226 [info] > git reflog master --grep-reflog=branch: Created from *. [2ms]
2024-09-15 23:57:23.235 [info] > git for-each-ref --format=%(refname)%00%(upstream:short)%00%(objectname)%00%(upstream:track)%00%(upstream:remotename)%00%(upstream:remoteref) refs/heads/main refs/remotes/main [2ms]
2024-09-15 23:57:23.249 [info] > git symbolic-ref --short refs/remotes/origin/HEAD [4ms]
2024-09-15 23:57:23.249 [info] fatal: ref refs/remotes/origin/HEAD is not a symbolic ref
2024-09-15 23:57:28.217 [info] > git config --get commit.template [1ms]
2024-09-15 23:57:28.226 [info] > git for-each-ref --format=%(refname)%00%(upstream:short)%00%(objectname)%00%(upstream:track)%00%(upstream:remotename)%00%(upstream:remoteref) refs/heads/master refs/remotes/master [1ms]
2024-09-15 23:57:28.330 [info] > git status -z -uall [96ms]
2024-09-15 23:57:28.355 [info] > git for-each-ref --format=%(refname)%00%(upstream:short)%00%(objectname)%00%(upstream:track)%00%(upstream:remotename)%00%(upstream:remoteref) refs/heads/master refs/remotes/master [11ms]
2024-09-15 23:57:28.363 [info] > git config --local branch.master.vscode-merge-base [2ms]
2024-09-15 23:57:28.363 [warning] [Git][config] git config failed: Failed to execute git
2024-09-15 23:57:28.375 [info] > git reflog master --grep-reflog=branch: Created from *. [2ms]
2024-09-15 23:57:28.386 [info] > git for-each-ref --format=%(refname)%00%(upstream:short)%00%(objectname)%00%(upstream:track)%00%(upstream:remotename)%00%(upstream:remoteref) refs/heads/main refs/remotes/main [2ms]
2024-09-15 23:57:28.396 [info] > git symbolic-ref --short refs/remotes/origin/HEAD [2ms]
2024-09-15 23:57:28.396 [info] fatal: ref refs/remotes/origin/HEAD is not a symbolic ref
2024-09-15 23:57:33.367 [info] > git config --get commit.template [7ms]
2024-09-15 23:57:33.373 [info] > git for-each-ref --format=%(refname)%00%(upstream:short)%00%(objectname)%00%(upstream:track)%00%(upstream:remotename)%00%(upstream:remoteref) refs/heads/master refs/remotes/master [6ms]
2024-09-15 23:57:33.455 [info] > git status -z -uall [76ms]
2024-09-15 23:57:33.467 [info] > git for-each-ref --format=%(refname)%00%(upstream:short)%00%(objectname)%00%(upstream:track)%00%(upstream:remotename)%00%(upstream:remoteref) refs/heads/master refs/remotes/master [3ms]
2024-09-15 23:57:33.476 [info] > git config --local branch.master.vscode-merge-base [2ms]
2024-09-15 23:57:33.476 [warning] [Git][config] git config failed: Failed to execute git
2024-09-15 23:57:33.486 [info] > git reflog master --grep-reflog=branch: Created from *. [2ms]
2024-09-15 23:57:33.496 [info] > git for-each-ref --format=%(refname)%00%(upstream:short)%00%(objectname)%00%(upstream:track)%00%(upstream:remotename)%00%(upstream:remoteref) refs/heads/main refs/remotes/main [2ms]
2024-09-15 23:57:33.505 [info] > git symbolic-ref --short refs/remotes/origin/HEAD [5ms]
2024-09-15 23:57:33.505 [info] fatal: ref refs/remotes/origin/HEAD is not a symbolic ref
2024-09-15 23:57:38.471 [info] > git config --get commit.template [3ms]
2024-09-15 23:57:38.472 [info] > git for-each-ref --format=%(refname)%00%(upstream:short)%00%(objectname)%00%(upstream:track)%00%(upstream:remotename)%00%(upstream:remoteref) refs/heads/master refs/remotes/master [2ms]
2024-09-15 23:57:38.523 [info] > git status -z -uall [49ms]
2024-09-15 23:57:38.529 [info] > git for-each-ref --format=%(refname)%00%(upstream:short)%00%(objectname)%00%(upstream:track)%00%(upstream:remotename)%00%(upstream:remoteref) refs/heads/master refs/remotes/master [3ms]
2024-09-15 23:57:38.534 [info] > git config --local branch.master.vscode-merge-base [2ms]
2024-09-15 23:57:38.534 [warning] [Git][config] git config failed: Failed to execute git
2024-09-15 23:57:38.537 [info] > git reflog master --grep-reflog=branch: Created from *. [2ms]
2024-09-15 23:57:38.539 [info] > git for-each-ref --format=%(refname)%00%(upstream:short)%00%(objectname)%00%(upstream:track)%00%(upstream:remotename)%00%(upstream:remoteref) refs/heads/main refs/remotes/main [1ms]
2024-09-15 23:57:38.542 [info] > git symbolic-ref --short refs/remotes/origin/HEAD [1ms]
2024-09-15 23:57:38.542 [info] fatal: ref refs/remotes/origin/HEAD is not a symbolic ref
2024-09-15 23:57:40.310 [info] > git config --get commit.template [3ms]
2024-09-15 23:57:40.315 [info] > git for-each-ref --format=%(refname)%00%(upstream:short)%00%(objectname)%00%(upstream:track)%00%(upstream:remotename)%00%(upstream:remoteref) refs/heads/master refs/remotes/master [6ms]
2024-09-15 23:57:40.367 [info] > git status -z -uall [50ms]
2024-09-15 23:57:40.371 [info] > git for-each-ref --format=%(refname)%00%(upstream:short)%00%(objectname)%00%(upstream:track)%00%(upstream:remotename)%00%(upstream:remoteref) refs/heads/master refs/remotes/master [2ms]
2024-09-15 23:57:40.374 [info] > git config --local branch.master.vscode-merge-base [1ms]
2024-09-15 23:57:40.374 [warning] [Git][config] git config failed: Failed to execute git
2024-09-15 23:57:40.378 [info] > git reflog master --grep-reflog=branch: Created from *. [3ms]
2024-09-15 23:57:40.381 [info] > git for-each-ref --format=%(refname)%00%(upstream:short)%00%(objectname)%00%(upstream:track)%00%(upstream:remotename)%00%(upstream:remoteref) refs/heads/main refs/remotes/main [2ms]
2024-09-15 23:57:40.383 [info] > git symbolic-ref --short refs/remotes/origin/HEAD [1ms]
2024-09-15 23:57:40.383 [info] fatal: ref refs/remotes/origin/HEAD is not a symbolic ref
2024-09-15 23:57:43.533 [info] > git config --get commit.template [3ms]
2024-09-15 23:57:43.535 [info] > git for-each-ref --format=%(refname)%00%(upstream:short)%00%(objectname)%00%(upstream:track)%00%(upstream:remotename)%00%(upstream:remoteref) refs/heads/master refs/remotes/master [2ms]
2024-09-15 23:57:43.586 [info] > git status -z -uall [50ms]
2024-09-15 23:57:43.591 [info] > git for-each-ref --format=%(refname)%00%(upstream:short)%00%(objectname)%00%(upstream:track)%00%(upstream:remotename)%00%(upstream:remoteref) refs/heads/master refs/remotes/master [2ms]
2024-09-15 23:57:43.594 [info] > git config --local branch.master.vscode-merge-base [2ms]
2024-09-15 23:57:43.594 [warning] [Git][config] git config failed: Failed to execute git
2024-09-15 23:57:43.597 [info] > git reflog master --grep-reflog=branch: Created from *. [2ms]
2024-09-15 23:57:43.599 [info] > git for-each-ref --format=%(refname)%00%(upstream:short)%00%(objectname)%00%(upstream:track)%00%(upstream:remotename)%00%(upstream:remoteref) refs/heads/main refs/remotes/main [1ms]
2024-09-15 23:57:43.602 [info] > git symbolic-ref --short refs/remotes/origin/HEAD [1ms]
2024-09-15 23:57:43.602 [info] fatal: ref refs/remotes/origin/HEAD is not a symbolic ref
2024-09-15 23:57:48.595 [info] > git config --get commit.template [3ms]
2024-09-15 23:57:48.597 [info] > git for-each-ref --format=%(refname)%00%(upstream:short)%00%(objectname)%00%(upstream:track)%00%(upstream:remotename)%00%(upstream:remoteref) refs/heads/master refs/remotes/master [2ms]
2024-09-15 23:57:48.648 [info] > git status -z -uall [50ms]
2024-09-15 23:57:48.652 [info] > git for-each-ref --format=%(refname)%00%(upstream:short)%00%(objectname)%00%(upstream:track)%00%(upstream:remotename)%00%(upstream:remoteref) refs/heads/master refs/remotes/master [2ms]
2024-09-15 23:57:48.656 [info] > git config --local branch.master.vscode-merge-base [2ms]
2024-09-15 23:57:48.656 [warning] [Git][config] git config failed: Failed to execute git
2024-09-15 23:57:48.659 [info] > git reflog master --grep-reflog=branch: Created from *. [2ms]
2024-09-15 23:57:48.662 [info] > git for-each-ref --format=%(refname)%00%(upstream:short)%00%(objectname)%00%(upstream:track)%00%(upstream:remotename)%00%(upstream:remoteref) refs/heads/main refs/remotes/main [2ms]
2024-09-15 23:57:48.664 [info] > git symbolic-ref --short refs/remotes/origin/HEAD [1ms]
2024-09-15 23:57:48.664 [info] fatal: ref refs/remotes/origin/HEAD is not a symbolic ref
2024-09-15 23:57:53.657 [info] > git config --get commit.template [4ms]
2024-09-15 23:57:53.659 [info] > git for-each-ref --format=%(refname)%00%(upstream:short)%00%(objectname)%00%(upstream:track)%00%(upstream:remotename)%00%(upstream:remoteref) refs/heads/master refs/remotes/master [2ms]
2024-09-15 23:57:53.712 [info] > git status -z -uall [52ms]
2024-09-15 23:57:53.716 [info] > git for-each-ref --format=%(refname)%00%(upstream:short)%00%(objectname)%00%(upstream:track)%00%(upstream:remotename)%00%(upstream:remoteref) refs/heads/master refs/remotes/master [2ms]
2024-09-15 23:57:53.719 [info] > git config --local branch.master.vscode-merge-base [1ms]
2024-09-15 23:57:53.719 [warning] [Git][config] git config failed: Failed to execute git
2024-09-15 23:57:53.722 [info] > git reflog master --grep-reflog=branch: Created from *. [2ms]
2024-09-15 23:57:53.725 [info] > git for-each-ref --format=%(refname)%00%(upstream:short)%00%(objectname)%00%(upstream:track)%00%(upstream:remotename)%00%(upstream:remoteref) refs/heads/main refs/remotes/main [2ms]
2024-09-15 23:57:53.728 [info] > git symbolic-ref --short refs/remotes/origin/HEAD [1ms]
2024-09-15 23:57:53.728 [info] fatal: ref refs/remotes/origin/HEAD is not a symbolic ref
2024-09-15 23:57:58.721 [info] > git config --get commit.template [3ms]
2024-09-15 23:57:58.723 [info] > git for-each-ref --format=%(refname)%00%(upstream:short)%00%(objectname)%00%(upstream:track)%00%(upstream:remotename)%00%(upstream:remoteref) refs/heads/master refs/remotes/master [2ms]
2024-09-15 23:57:58.775 [info] > git status -z -uall [51ms]
2024-09-15 23:57:58.780 [info] > git for-each-ref --format=%(refname)%00%(upstream:short)%00%(objectname)%00%(upstream:track)%00%(upstream:remotename)%00%(upstream:remoteref) refs/heads/master refs/remotes/master [3ms]
2024-09-15 23:57:58.783 [info] > git config --local branch.master.vscode-merge-base [2ms]
2024-09-15 23:57:58.783 [warning] [Git][config] git config failed: Failed to execute git
2024-09-15 23:57:58.786 [info] > git reflog master --grep-reflog=branch: Created from *. [2ms]
2024-09-15 23:57:58.789 [info] > git for-each-ref --format=%(refname)%00%(upstream:short)%00%(objectname)%00%(upstream:track)%00%(upstream:remotename)%00%(upstream:remoteref) refs/heads/main refs/remotes/main [2ms]
2024-09-15 23:57:58.791 [info] > git symbolic-ref --short refs/remotes/origin/HEAD [1ms]
2024-09-15 23:57:58.791 [info] fatal: ref refs/remotes/origin/HEAD is not a symbolic ref
2024-09-15 23:58:03.785 [info] > git config --get commit.template [3ms]
2024-09-15 23:58:03.786 [info] > git for-each-ref --format=%(refname)%00%(upstream:short)%00%(objectname)%00%(upstream:track)%00%(upstream:remotename)%00%(upstream:remoteref) refs/heads/master refs/remotes/master [2ms]
2024-09-15 23:58:03.837 [info] > git status -z -uall [50ms]
2024-09-15 23:58:03.847 [info] > git for-each-ref --format=%(refname)%00%(upstream:short)%00%(objectname)%00%(upstream:track)%00%(upstream:remotename)%00%(upstream:remoteref) refs/heads/master refs/remotes/master [7ms]
2024-09-15 23:58:03.850 [info] > git config --local branch.master.vscode-merge-base [2ms]
2024-09-15 23:58:03.850 [warning] [Git][config] git config failed: Failed to execute git
2024-09-15 23:58:03.853 [info] > git reflog master --grep-reflog=branch: Created from *. [2ms]
2024-09-15 23:58:03.856 [info] > git for-each-ref --format=%(refname)%00%(upstream:short)%00%(objectname)%00%(upstream:track)%00%(upstream:remotename)%00%(upstream:remoteref) refs/heads/main refs/remotes/main [2ms]
2024-09-15 23:58:03.859 [info] > git symbolic-ref --short refs/remotes/origin/HEAD [1ms]
2024-09-15 23:58:03.859 [info] fatal: ref refs/remotes/origin/HEAD is not a symbolic ref
2024-09-15 23:58:08.846 [info] > git config --get commit.template [3ms]
2024-09-15 23:58:08.849 [info] > git for-each-ref --format=%(refname)%00%(upstream:short)%00%(objectname)%00%(upstream:track)%00%(upstream:remotename)%00%(upstream:remoteref) refs/heads/master refs/remotes/master [3ms]
2024-09-15 23:58:08.901 [info] > git status -z -uall [51ms]
2024-09-15 23:58:08.906 [info] > git for-each-ref --format=%(refname)%00%(upstream:short)%00%(objectname)%00%(upstream:track)%00%(upstream:remotename)%00%(upstream:remoteref) refs/heads/master refs/remotes/master [3ms]
2024-09-15 23:58:08.909 [info] > git config --local branch.master.vscode-merge-base [1ms]
2024-09-15 23:58:08.909 [warning] [Git][config] git config failed: Failed to execute git
2024-09-15 23:58:08.912 [info] > git reflog master --grep-reflog=branch: Created from *. [2ms]
2024-09-15 23:58:08.914 [info] > git for-each-ref --format=%(refname)%00%(upstream:short)%00%(objectname)%00%(upstream:track)%00%(upstream:remotename)%00%(upstream:remoteref) refs/heads/main refs/remotes/main [1ms]
2024-09-15 23:58:08.917 [info] > git symbolic-ref --short refs/remotes/origin/HEAD [1ms]
2024-09-15 23:58:08.917 [info] fatal: ref refs/remotes/origin/HEAD is not a symbolic ref
2024-09-15 23:58:13.912 [info] > git config --get commit.template [4ms]
2024-09-15 23:58:13.914 [info] > git for-each-ref --format=%(refname)%00%(upstream:short)%00%(objectname)%00%(upstream:track)%00%(upstream:remotename)%00%(upstream:remoteref) refs/heads/master refs/remotes/master [2ms]
2024-09-15 23:58:13.969 [info] > git status -z -uall [54ms]
2024-09-15 23:58:13.975 [info] > git for-each-ref --format=%(refname)%00%(upstream:short)%00%(objectname)%00%(upstream:track)%00%(upstream:remotename)%00%(upstream:remoteref) refs/heads/master refs/remotes/master [4ms]
2024-09-15 23:58:13.977 [info] > git config --local branch.master.vscode-merge-base [1ms]
2024-09-15 23:58:13.977 [warning] [Git][config] git config failed: Failed to execute git
2024-09-15 23:58:13.980 [info] > git reflog master --grep-reflog=branch: Created from *. [1ms]
2024-09-15 23:58:13.984 [info] > git for-each-ref --format=%(refname)%00%(upstream:short)%00%(objectname)%00%(upstream:track)%00%(upstream:remotename)%00%(upstream:remoteref) refs/heads/main refs/remotes/main [3ms]
2024-09-15 23:58:13.987 [info] > git symbolic-ref --short refs/remotes/origin/HEAD [1ms]
2024-09-15 23:58:13.987 [info] fatal: ref refs/remotes/origin/HEAD is not a symbolic ref
2024-09-15 23:58:18.976 [info] > git config --get commit.template [3ms]
2024-09-15 23:58:18.977 [info] > git for-each-ref --format=%(refname)%00%(upstream:short)%00%(objectname)%00%(upstream:track)%00%(upstream:remotename)%00%(upstream:remoteref) refs/heads/master refs/remotes/master [1ms]
2024-09-15 23:58:19.029 [info] > git status -z -uall [50ms]
2024-09-15 23:58:19.034 [info] > git for-each-ref --format=%(refname)%00%(upstream:short)%00%(objectname)%00%(upstream:track)%00%(upstream:remotename)%00%(upstream:remoteref) refs/heads/master refs/remotes/master [3ms]
2024-09-15 23:58:19.041 [info] > git config --local branch.master.vscode-merge-base [1ms]
2024-09-15 23:58:19.041 [warning] [Git][config] git config failed: Failed to execute git
2024-09-15 23:58:19.044 [info] > git reflog master --grep-reflog=branch: Created from *. [2ms]
2024-09-15 23:58:19.047 [info] > git for-each-ref --format=%(refname)%00%(upstream:short)%00%(objectname)%00%(upstream:track)%00%(upstream:remotename)%00%(upstream:remoteref) refs/heads/main refs/remotes/main [2ms]
2024-09-15 23:58:19.052 [info] > git symbolic-ref --short refs/remotes/origin/HEAD [4ms]
2024-09-15 23:58:19.052 [info] fatal: ref refs/remotes/origin/HEAD is not a symbolic ref
2024-09-15 23:58:24.037 [info] > git config --get commit.template [3ms]
2024-09-15 23:58:24.040 [info] > git for-each-ref --format=%(refname)%00%(upstream:short)%00%(objectname)%00%(upstream:track)%00%(upstream:remotename)%00%(upstream:remoteref) refs/heads/master refs/remotes/master [2ms]
2024-09-15 23:58:24.090 [info] > git status -z -uall [49ms]
2024-09-15 23:58:24.095 [info] > git for-each-ref --format=%(refname)%00%(upstream:short)%00%(objectname)%00%(upstream:track)%00%(upstream:remotename)%00%(upstream:remoteref) refs/heads/master refs/remotes/master [3ms]
2024-09-15 23:58:24.097 [info] > git config --local branch.master.vscode-merge-base [1ms]
2024-09-15 23:58:24.097 [warning] [Git][config] git config failed: Failed to execute git
2024-09-15 23:58:24.100 [info] > git reflog master --grep-reflog=branch: Created from *. [2ms]
2024-09-15 23:58:24.103 [info] > git for-each-ref --format=%(refname)%00%(upstream:short)%00%(objectname)%00%(upstream:track)%00%(upstream:remotename)%00%(upstream:remoteref) refs/heads/main refs/remotes/main [1ms]
2024-09-15 23:58:24.106 [info] > git symbolic-ref --short refs/remotes/origin/HEAD [1ms]
2024-09-15 23:58:24.106 [info] fatal: ref refs/remotes/origin/HEAD is not a symbolic ref
2024-09-15 23:59:05.615 [info] > git config --get commit.template [2ms]
2024-09-15 23:59:05.618 [info] > git for-each-ref --format=%(refname)%00%(upstream:short)%00%(objectname)%00%(upstream:track)%00%(upstream:remotename)%00%(upstream:remoteref) refs/heads/master refs/remotes/master [3ms]
2024-09-15 23:59:05.685 [info] > git status -z -uall [66ms]
2024-09-15 23:59:05.690 [info] > git for-each-ref --format=%(refname)%00%(upstream:short)%00%(objectname)%00%(upstream:track)%00%(upstream:remotename)%00%(upstream:remoteref) refs/heads/master refs/remotes/master [3ms]
2024-09-15 23:59:05.694 [info] > git config --local branch.master.vscode-merge-base [2ms]
2024-09-15 23:59:05.694 [warning] [Git][config] git config failed: Failed to execute git
2024-09-15 23:59:05.697 [info] > git reflog master --grep-reflog=branch: Created from *. [1ms]
2024-09-15 23:59:05.700 [info] > git for-each-ref --format=%(refname)%00%(upstream:short)%00%(objectname)%00%(upstream:track)%00%(upstream:remotename)%00%(upstream:remoteref) refs/heads/main refs/remotes/main [2ms]
2024-09-15 23:59:05.703 [info] > git symbolic-ref --short refs/remotes/origin/HEAD [1ms]
2024-09-15 23:59:05.703 [info] fatal: ref refs/remotes/origin/HEAD is not a symbolic ref
2024-09-15 23:59:10.695 [info] > git config --get commit.template [4ms]
2024-09-15 23:59:10.696 [info] > git for-each-ref --format=%(refname)%00%(upstream:short)%00%(objectname)%00%(upstream:track)%00%(upstream:remotename)%00%(upstream:remoteref) refs/heads/master refs/remotes/master [2ms]
2024-09-15 23:59:10.763 [info] > git status -z -uall [65ms]
2024-09-15 23:59:10.771 [info] > git for-each-ref --format=%(refname)%00%(upstream:short)%00%(objectname)%00%(upstream:track)%00%(upstream:remotename)%00%(upstream:remoteref) refs/heads/master refs/remotes/master [5ms]
2024-09-15 23:59:10.775 [info] > git config --local branch.master.vscode-merge-base [2ms]
2024-09-15 23:59:10.775 [warning] [Git][config] git config failed: Failed to execute git
2024-09-15 23:59:10.782 [info] > git reflog master --grep-reflog=branch: Created from *. [5ms]
2024-09-15 23:59:10.786 [info] > git for-each-ref --format=%(refname)%00%(upstream:short)%00%(objectname)%00%(upstream:track)%00%(upstream:remotename)%00%(upstream:remoteref) refs/heads/main refs/remotes/main [2ms]
2024-09-15 23:59:10.789 [info] > git symbolic-ref --short refs/remotes/origin/HEAD [2ms]
2024-09-15 23:59:10.789 [info] fatal: ref refs/remotes/origin/HEAD is not a symbolic ref
2024-09-15 23:59:15.774 [info] > git config --get commit.template [4ms]
2024-09-15 23:59:15.778 [info] > git for-each-ref --format=%(refname)%00%(upstream:short)%00%(objectname)%00%(upstream:track)%00%(upstream:remotename)%00%(upstream:remoteref) refs/heads/master refs/remotes/master [3ms]
2024-09-15 23:59:15.843 [info] > git status -z -uall [64ms]
2024-09-15 23:59:15.849 [info] > git for-each-ref --format=%(refname)%00%(upstream:short)%00%(objectname)%00%(upstream:track)%00%(upstream:remotename)%00%(upstream:remoteref) refs/heads/master refs/remotes/master [3ms]
2024-09-15 23:59:15.854 [info] > git config --local branch.master.vscode-merge-base [2ms]
2024-09-15 23:59:15.854 [warning] [Git][config] git config failed: Failed to execute git
2024-09-15 23:59:15.867 [info] > git reflog master --grep-reflog=branch: Created from *. [3ms]
2024-09-15 23:59:15.870 [info] > git for-each-ref --format=%(refname)%00%(upstream:short)%00%(objectname)%00%(upstream:track)%00%(upstream:remotename)%00%(upstream:remoteref) refs/heads/main refs/remotes/main [2ms]
2024-09-15 23:59:15.875 [info] > git symbolic-ref --short refs/remotes/origin/HEAD [1ms]
2024-09-15 23:59:15.875 [info] fatal: ref refs/remotes/origin/HEAD is not a symbolic ref
2024-09-15 23:59:20.854 [info] > git config --get commit.template [4ms]
2024-09-15 23:59:20.855 [info] > git for-each-ref --format=%(refname)%00%(upstream:short)%00%(objectname)%00%(upstream:track)%00%(upstream:remotename)%00%(upstream:remoteref) refs/heads/master refs/remotes/master [1ms]
2024-09-15 23:59:20.934 [info] > git status -z -uall [77ms]
2024-09-15 23:59:20.947 [info] > git for-each-ref --format=%(refname)%00%(upstream:short)%00%(objectname)%00%(upstream:track)%00%(upstream:remotename)%00%(upstream:remoteref) refs/heads/master refs/remotes/master [5ms]
2024-09-15 23:59:20.950 [info] > git config --local branch.master.vscode-merge-base [1ms]
2024-09-15 23:59:20.950 [warning] [Git][config] git config failed: Failed to execute git
2024-09-15 23:59:20.954 [info] > git reflog master --grep-reflog=branch: Created from *. [2ms]
2024-09-15 23:59:20.965 [info] > git for-each-ref --format=%(refname)%00%(upstream:short)%00%(objectname)%00%(upstream:track)%00%(upstream:remotename)%00%(upstream:remoteref) refs/heads/main refs/remotes/main [2ms]
2024-09-15 23:59:20.969 [info] > git symbolic-ref --short refs/remotes/origin/HEAD [2ms]
2024-09-15 23:59:20.969 [info] fatal: ref refs/remotes/origin/HEAD is not a symbolic ref
2024-09-15 23:59:25.950 [info] > git config --get commit.template [4ms]
2024-09-15 23:59:25.952 [info] > git for-each-ref --format=%(refname)%00%(upstream:short)%00%(objectname)%00%(upstream:track)%00%(upstream:remotename)%00%(upstream:remoteref) refs/heads/master refs/remotes/master [2ms]
2024-09-15 23:59:26.018 [info] > git status -z -uall [64ms]
2024-09-15 23:59:26.025 [info] > git for-each-ref --format=%(refname)%00%(upstream:short)%00%(objectname)%00%(upstream:track)%00%(upstream:remotename)%00%(upstream:remoteref) refs/heads/master refs/remotes/master [5ms]
2024-09-15 23:59:26.029 [info] > git config --local branch.master.vscode-merge-base [3ms]
2024-09-15 23:59:26.029 [warning] [Git][config] git config failed: Failed to execute git
2024-09-15 23:59:26.032 [info] > git reflog master --grep-reflog=branch: Created from *. [1ms]
2024-09-15 23:59:26.036 [info] > git for-each-ref --format=%(refname)%00%(upstream:short)%00%(objectname)%00%(upstream:track)%00%(upstream:remotename)%00%(upstream:remoteref) refs/heads/main refs/remotes/main [2ms]
2024-09-15 23:59:26.042 [info] > git symbolic-ref --short refs/remotes/origin/HEAD [4ms]
2024-09-15 23:59:26.042 [info] fatal: ref refs/remotes/origin/HEAD is not a symbolic ref
