2024-09-16 00:03:47.448 [info] [Info  - 12:03:47 AM] (7967) Server root directory: file:///home/ec2-user/.vscode-server/extensions/ms-python.vscode-pylance-2024.9.1/dist
2024-09-16 00:03:47.506 [info] [Info  - 12:03:47 AM] (7967) Pylance language server 2024.9.1 (pyright version 1.1.378, commit ce64adc1) starting
2024-09-16 00:03:47.506 [info] [Info  - 12:03:47 AM] (7967) Starting service instance "ec2-user"
2024-09-16 00:03:47.584 [info] [Info  - 12:03:47 AM] (7967) Setting environmentName for service "ec2-user": "3.9.16 (global)"
2024-09-16 00:03:47.588 [info] [Info  - 12:03:47 AM] (7967) Setting pythonPath for service "ec2-user": "/bin/python"
2024-09-16 00:03:47.588 [info] [Info  - 12:03:47 AM] (7967) No include entries specified; assuming /home/ec2-user
2024-09-16 00:03:47.589 [info] [Info  - 12:03:47 AM] (7967) Auto-excluding **/node_modules
2024-09-16 00:03:47.594 [info] [Info  - 12:03:47 AM] (7967) Auto-excluding **/__pycache__
2024-09-16 00:03:47.594 [info] [Info  - 12:03:47 AM] (7967) Auto-excluding **/.*
2024-09-16 00:03:47.634 [info] (Client) Pylance async client (2024.9.1) started with python extension (2024.14.1)
2024-09-16 00:03:47.664 [info] [Info  - 12:03:47 AM] (7967) Assuming Python version 3.9.16.final.0
2024-09-16 00:03:47.816 [info] [Info  - 12:03:47 AM] (7967) Found 3 source files
2024-09-16 00:03:49.297 [info] [Info  - 12:03:49 AM] (7967) Background analysis(1) root directory: file:///home/ec2-user/.vscode-server/extensions/ms-python.vscode-pylance-2024.9.1/dist
2024-09-16 00:03:49.304 [info] [Info  - 12:03:49 AM] (7967) Background analysis(1) started
2024-09-16 00:03:50.195 [info] [Info  - 12:03:50 AM] (7967) Indexer background runner(2) root directory: file:///home/ec2-user/.vscode-server/extensions/ms-python.vscode-pylance-2024.9.1/dist (index)
2024-09-16 00:03:50.196 [info] [Info  - 12:03:50 AM] (7967) Indexing(2) started
2024-09-16 00:03:51.687 [info] [Info  - 12:03:51 AM] (7967) [BG(1)] Long operation: analyzing: file:///home/ec2-user/db.py (2066ms)
2024-09-16 00:03:52.274 [info] [Info  - 12:03:52 AM] (7967) scanned(2) 84 files over 1 exec env
2024-09-16 00:03:53.091 [info] [Info  - 12:03:53 AM] (7967) indexed(2) 61 files over 1 exec env
2024-09-16 00:03:53.176 [info] [Info  - 12:03:53 AM] (7967) Indexing finished(2).
2024-09-16 00:06:16.330 [info] [Info  - 12:06:16 AM] (7967) Found 4 source files
2024-09-16 00:06:25.137 [info] [Info  - 12:06:25 AM] (7967) Found 5 source files
2024-09-16 00:06:36.851 [info] [Info  - 12:06:36 AM] (7967) Found 6 source files
2024-09-16 00:19:44.074 [info] [Info  - 12:19:44 AM] (7967) Found 5 source files
2024-09-16 00:54:07.204 [info] [Info  - 12:54:07 AM] (7967) Found 7 source files
2024-09-16 00:56:15.061 [info] [Info  - 12:56:15 AM] (7967) Found 4 source files
2024-09-16 00:56:19.690 [info] [Info  - 12:56:19 AM] (7967) Found 2 source files
